2018-05-28 12:52:11.823  INFO 76571 --- [Test worker] c.w.shop.repository.OfferRepositoryTest  : Starting OfferRepositoryTest on Mihais-MBP-2 with PID 76571 (started by manghel in /Users/manghel/Downloads/shop)
2018-05-28 12:52:11.829  INFO 76571 --- [Test worker] c.w.shop.repository.OfferRepositoryTest  : No active profile set, falling back to default profiles: default
2018-05-28 12:52:11.866  INFO 76571 --- [Test worker] o.s.w.c.s.GenericWebApplicationContext   : Refreshing org.springframework.web.context.support.GenericWebApplicationContext@56e16891: startup date [Mon May 28 12:52:11 BST 2018]; root of context hierarchy
2018-05-28 12:52:13.054  INFO 76571 --- [Test worker] trationDelegate$BeanPostProcessorChecker : Bean 'org.springframework.transaction.annotation.ProxyTransactionManagementConfiguration' of type [org.springframework.transaction.annotation.ProxyTransactionManagementConfiguration$$EnhancerBySpringCGLIB$$eae1b23a] is not eligible for getting processed by all BeanPostProcessors (for example: not eligible for auto-proxying)
2018-05-28 12:52:13.288  INFO 76571 --- [Test worker] com.zaxxer.hikari.HikariDataSource       : HikariPool-1 - Starting...
2018-05-28 12:52:13.424  INFO 76571 --- [Test worker] com.zaxxer.hikari.HikariDataSource       : HikariPool-1 - Start completed.
2018-05-28 12:52:13.479  INFO 76571 --- [Test worker] j.LocalContainerEntityManagerFactoryBean : Building JPA container EntityManagerFactory for persistence unit 'default'
2018-05-28 12:52:13.496  INFO 76571 --- [Test worker] o.hibernate.jpa.internal.util.LogHelper  : HHH000204: Processing PersistenceUnitInfo [
	name: default
	...]
2018-05-28 12:52:13.560  INFO 76571 --- [Test worker] org.hibernate.Version                    : HHH000412: Hibernate Core {5.2.17.Final}
2018-05-28 12:52:13.562  INFO 76571 --- [Test worker] org.hibernate.cfg.Environment            : HHH000206: hibernate.properties not found
2018-05-28 12:52:13.597  INFO 76571 --- [Test worker] o.hibernate.annotations.common.Version   : HCANN000001: Hibernate Commons Annotations {5.0.1.Final}
2018-05-28 12:52:13.719  INFO 76571 --- [Test worker] org.hibernate.dialect.Dialect            : HHH000400: Using dialect: org.hibernate.dialect.H2Dialect
2018-05-28 12:52:14.263  INFO 76571 --- [Test worker] o.h.t.schema.internal.SchemaCreatorImpl  : HHH000476: Executing import script 'org.hibernate.tool.schema.internal.exec.ScriptSourceInputNonExistentImpl@9e63e5d'
2018-05-28 12:52:14.266  INFO 76571 --- [Test worker] j.LocalContainerEntityManagerFactoryBean : Initialized JPA EntityManagerFactory for persistence unit 'default'
2018-05-28 12:52:14.343  INFO 76571 --- [Test worker] o.s.jdbc.datasource.init.ScriptUtils     : Executing SQL script from URL [file:/Users/manghel/Downloads/shop/build/resources/main/data.sql]
2018-05-28 12:52:14.351  INFO 76571 --- [Test worker] o.s.jdbc.datasource.init.ScriptUtils     : Executed SQL script from URL [file:/Users/manghel/Downloads/shop/build/resources/main/data.sql] in 7 ms.
2018-05-28 12:52:14.627  INFO 76571 --- [Test worker] o.h.h.i.QueryTranslatorFactoryInitiator  : HHH000397: Using ASTQueryTranslatorFactory
2018-05-28 12:52:15.095  WARN 76571 --- [Test worker] aWebConfiguration$JpaWebMvcConfiguration : spring.jpa.open-in-view is enabled by default. Therefore, database queries may be performed during view rendering. Explicitly configure spring.jpa.open-in-view to disable this warning
2018-05-28 12:52:15.178  INFO 76571 --- [Test worker] s.w.s.m.m.a.RequestMappingHandlerMapping : Mapped "{[/offers/{id}],methods=[PUT]}" onto public java.lang.Long com.wp.shop.controller.OfferController.cancelOffer(java.lang.Long)
2018-05-28 12:52:15.180  INFO 76571 --- [Test worker] s.w.s.m.m.a.RequestMappingHandlerMapping : Mapped "{[/offers],methods=[GET],produces=[application/json]}" onto public java.util.Collection<com.wp.shop.model.transfer.OfferDto> com.wp.shop.controller.OfferController.getOffers(com.wp.shop.util.Status)
2018-05-28 12:52:15.180  INFO 76571 --- [Test worker] s.w.s.m.m.a.RequestMappingHandlerMapping : Mapped "{[/offers],methods=[POST],consumes=[application/json]}" onto public java.lang.Long com.wp.shop.controller.OfferController.createOffer(com.wp.shop.model.transfer.OfferDto)
2018-05-28 12:52:15.181  INFO 76571 --- [Test worker] s.w.s.m.m.a.RequestMappingHandlerMapping : Mapped "{[/offers/{id}],methods=[GET],produces=[application/json]}" onto public com.wp.shop.model.transfer.OfferDto com.wp.shop.controller.OfferController.getOfferById(java.lang.Long)
2018-05-28 12:52:15.182  INFO 76571 --- [Test worker] s.w.s.m.m.a.RequestMappingHandlerMapping : Mapped "{[/products],methods=[GET],produces=[application/json]}" onto public java.util.Collection<com.wp.shop.model.transfer.ProductDto> com.wp.shop.controller.ProductController.getProducts()
2018-05-28 12:52:15.183  INFO 76571 --- [Test worker] s.w.s.m.m.a.RequestMappingHandlerMapping : Mapped "{[/products],methods=[POST],consumes=[application/json]}" onto public java.lang.Long com.wp.shop.controller.ProductController.createProduct(com.wp.shop.model.transfer.ProductDto)
2018-05-28 12:52:15.187  INFO 76571 --- [Test worker] s.w.s.m.m.a.RequestMappingHandlerMapping : Mapped "{[/swagger-resources/configuration/ui]}" onto public org.springframework.http.ResponseEntity<springfox.documentation.swagger.web.UiConfiguration> springfox.documentation.swagger.web.ApiResourceController.uiConfiguration()
2018-05-28 12:52:15.187  INFO 76571 --- [Test worker] s.w.s.m.m.a.RequestMappingHandlerMapping : Mapped "{[/swagger-resources/configuration/security]}" onto public org.springframework.http.ResponseEntity<springfox.documentation.swagger.web.SecurityConfiguration> springfox.documentation.swagger.web.ApiResourceController.securityConfiguration()
2018-05-28 12:52:15.188  INFO 76571 --- [Test worker] s.w.s.m.m.a.RequestMappingHandlerMapping : Mapped "{[/swagger-resources]}" onto public org.springframework.http.ResponseEntity<java.util.List<springfox.documentation.swagger.web.SwaggerResource>> springfox.documentation.swagger.web.ApiResourceController.swaggerResources()
2018-05-28 12:52:15.193  INFO 76571 --- [Test worker] s.w.s.m.m.a.RequestMappingHandlerMapping : Mapped "{[/error]}" onto public org.springframework.http.ResponseEntity<java.util.Map<java.lang.String, java.lang.Object>> org.springframework.boot.autoconfigure.web.servlet.error.BasicErrorController.error(javax.servlet.http.HttpServletRequest)
2018-05-28 12:52:15.194  INFO 76571 --- [Test worker] s.w.s.m.m.a.RequestMappingHandlerMapping : Mapped "{[/error],produces=[text/html]}" onto public org.springframework.web.servlet.ModelAndView org.springframework.boot.autoconfigure.web.servlet.error.BasicErrorController.errorHtml(javax.servlet.http.HttpServletRequest,javax.servlet.http.HttpServletResponse)
2018-05-28 12:52:15.332  INFO 76571 --- [Test worker] pertySourcedRequestMappingHandlerMapping : Mapped URL path [/v2/api-docs] onto method [public org.springframework.http.ResponseEntity<springfox.documentation.spring.web.json.Json> springfox.documentation.swagger2.web.Swagger2Controller.getDocumentation(java.lang.String,javax.servlet.http.HttpServletRequest)]
2018-05-28 12:52:15.611  INFO 76571 --- [Test worker] o.s.w.s.handler.SimpleUrlHandlerMapping  : Mapped URL path [/**/favicon.ico] onto handler of type [class org.springframework.web.servlet.resource.ResourceHttpRequestHandler]
2018-05-28 12:52:15.875  INFO 76571 --- [Test worker] s.w.s.m.m.a.RequestMappingHandlerAdapter : Looking for @ControllerAdvice: org.springframework.web.context.support.GenericWebApplicationContext@56e16891: startup date [Mon May 28 12:52:11 BST 2018]; root of context hierarchy
2018-05-28 12:52:15.930  INFO 76571 --- [Test worker] o.s.w.s.handler.SimpleUrlHandlerMapping  : Mapped URL path [/webjars/**] onto handler of type [class org.springframework.web.servlet.resource.ResourceHttpRequestHandler]
2018-05-28 12:52:15.931  INFO 76571 --- [Test worker] o.s.w.s.handler.SimpleUrlHandlerMapping  : Mapped URL path [/**] onto handler of type [class org.springframework.web.servlet.resource.ResourceHttpRequestHandler]
2018-05-28 12:52:15.943  INFO 76571 --- [Test worker] .m.m.a.ExceptionHandlerExceptionResolver : Detected @ExceptionHandler methods in httpExceptionHandler
2018-05-28 12:52:16.342  INFO 76571 --- [Test worker] o.s.c.support.DefaultLifecycleProcessor  : Starting beans in phase 2147483647
2018-05-28 12:52:16.343  INFO 76571 --- [Test worker] d.s.w.p.DocumentationPluginsBootstrapper : Context refreshed
2018-05-28 12:52:16.362  INFO 76571 --- [Test worker] d.s.w.p.DocumentationPluginsBootstrapper : Found 1 custom documentation plugin(s)
2018-05-28 12:52:16.400  INFO 76571 --- [Test worker] s.d.s.w.s.ApiListingReferenceScanner     : Scanning for api listing references
2018-05-28 12:52:16.552  INFO 76571 --- [Test worker] s.a.ScheduledAnnotationBeanPostProcessor : No TaskScheduler/ScheduledExecutorService bean found for scheduled processing
2018-05-28 12:52:16.563  INFO 76571 --- [Test worker] c.w.shop.repository.OfferRepositoryTest  : Started OfferRepositoryTest in 5.222 seconds (JVM running for 6.271)
2018-05-28 12:52:16.792  INFO 76571 --- [Test worker] .b.t.c.SpringBootTestContextBootstrapper : Neither @ContextConfiguration nor @ContextHierarchy found for test class [com.wp.shop.controller.OfferControllerTest], using SpringBootContextLoader
2018-05-28 12:52:16.793  INFO 76571 --- [Test worker] o.s.t.c.support.AbstractContextLoader    : Could not detect default resource locations for test class [com.wp.shop.controller.OfferControllerTest]: no resource found for suffixes {-context.xml, Context.groovy}.
2018-05-28 12:52:16.794  INFO 76571 --- [Test worker] t.c.s.AnnotationConfigContextLoaderUtils : Could not detect default configuration classes for test class [com.wp.shop.controller.OfferControllerTest]: OfferControllerTest does not declare any static, non-private, non-final, nested classes annotated with @Configuration.
2018-05-28 12:52:16.805  INFO 76571 --- [Test worker] .b.t.c.SpringBootTestContextBootstrapper : Found @SpringBootConfiguration com.wp.shop.ShopApplication for test class com.wp.shop.controller.OfferControllerTest
2018-05-28 12:52:16.807  INFO 76571 --- [Test worker] .b.t.c.SpringBootTestContextBootstrapper : Loaded default TestExecutionListener class names from location [META-INF/spring.factories]: [org.springframework.boot.test.autoconfigure.restdocs.RestDocsTestExecutionListener, org.springframework.boot.test.autoconfigure.web.client.MockRestServiceServerResetTestExecutionListener, org.springframework.boot.test.autoconfigure.web.servlet.MockMvcPrintOnlyOnFailureTestExecutionListener, org.springframework.boot.test.autoconfigure.web.servlet.WebDriverTestExecutionListener, org.springframework.boot.test.mock.mockito.MockitoTestExecutionListener, org.springframework.boot.test.mock.mockito.ResetMocksTestExecutionListener, org.springframework.test.context.web.ServletTestExecutionListener, org.springframework.test.context.support.DirtiesContextBeforeModesTestExecutionListener, org.springframework.test.context.support.DependencyInjectionTestExecutionListener, org.springframework.test.context.support.DirtiesContextTestExecutionListener, org.springframework.test.context.transaction.TransactionalTestExecutionListener, org.springframework.test.context.jdbc.SqlScriptsTestExecutionListener]
2018-05-28 12:52:16.807  INFO 76571 --- [Test worker] .b.t.c.SpringBootTestContextBootstrapper : Using TestExecutionListeners: [org.springframework.test.context.web.ServletTestExecutionListener@185b0619, org.springframework.test.context.support.DirtiesContextBeforeModesTestExecutionListener@2a8f3ee4, org.springframework.boot.test.mock.mockito.MockitoTestExecutionListener@2f0b401c, org.springframework.boot.test.autoconfigure.SpringBootDependencyInjectionTestExecutionListener@3cf12cd4, org.springframework.test.context.support.DirtiesContextTestExecutionListener@7c5a8e9d, org.springframework.test.context.transaction.TransactionalTestExecutionListener@2f71f7ec, org.springframework.test.context.jdbc.SqlScriptsTestExecutionListener@5a0f49be, org.springframework.boot.test.autoconfigure.restdocs.RestDocsTestExecutionListener@6f2d49a7, org.springframework.boot.test.autoconfigure.web.client.MockRestServiceServerResetTestExecutionListener@472b0cb9, org.springframework.boot.test.autoconfigure.web.servlet.MockMvcPrintOnlyOnFailureTestExecutionListener@67c55d27, org.springframework.boot.test.autoconfigure.web.servlet.WebDriverTestExecutionListener@4727aad8, org.springframework.boot.test.mock.mockito.ResetMocksTestExecutionListener@4242a3ea]
2018-05-28 12:52:16.832  INFO 76571 --- [Test worker] c.w.shop.controller.OfferControllerTest  : Starting OfferControllerTest on Mihais-MBP-2 with PID 76571 (started by manghel in /Users/manghel/Downloads/shop)
2018-05-28 12:52:16.832  INFO 76571 --- [Test worker] c.w.shop.controller.OfferControllerTest  : No active profile set, falling back to default profiles: default
2018-05-28 12:52:16.835  INFO 76571 --- [Test worker] o.s.w.c.s.GenericWebApplicationContext   : Refreshing org.springframework.web.context.support.GenericWebApplicationContext@4c67a480: startup date [Mon May 28 12:52:16 BST 2018]; root of context hierarchy
2018-05-28 12:52:17.288  INFO 76571 --- [Test worker] trationDelegate$BeanPostProcessorChecker : Bean 'org.springframework.transaction.annotation.ProxyTransactionManagementConfiguration' of type [org.springframework.transaction.annotation.ProxyTransactionManagementConfiguration$$EnhancerBySpringCGLIB$$eae1b23a] is not eligible for getting processed by all BeanPostProcessors (for example: not eligible for auto-proxying)
2018-05-28 12:52:17.397  INFO 76571 --- [Test worker] com.zaxxer.hikari.HikariDataSource       : HikariPool-2 - Starting...
2018-05-28 12:52:17.398  INFO 76571 --- [Test worker] com.zaxxer.hikari.HikariDataSource       : HikariPool-2 - Start completed.
2018-05-28 12:52:17.417  INFO 76571 --- [Test worker] j.LocalContainerEntityManagerFactoryBean : Building JPA container EntityManagerFactory for persistence unit 'default'
2018-05-28 12:52:17.418  INFO 76571 --- [Test worker] o.hibernate.jpa.internal.util.LogHelper  : HHH000204: Processing PersistenceUnitInfo [
	name: default
	...]
2018-05-28 12:52:17.428  INFO 76571 --- [Test worker] org.hibernate.dialect.Dialect            : HHH000400: Using dialect: org.hibernate.dialect.H2Dialect
2018-05-28 12:52:17.472  INFO 76571 --- [Test worker] o.h.t.schema.internal.SchemaCreatorImpl  : HHH000476: Executing import script 'org.hibernate.tool.schema.internal.exec.ScriptSourceInputNonExistentImpl@9e63e5d'
2018-05-28 12:52:17.472  INFO 76571 --- [Test worker] j.LocalContainerEntityManagerFactoryBean : Initialized JPA EntityManagerFactory for persistence unit 'default'
2018-05-28 12:52:17.511  INFO 76571 --- [Test worker] o.s.jdbc.datasource.init.ScriptUtils     : Executing SQL script from URL [file:/Users/manghel/Downloads/shop/build/resources/main/data.sql]
2018-05-28 12:52:17.514  INFO 76571 --- [Test worker] o.s.jdbc.datasource.init.ScriptUtils     : Executed SQL script from URL [file:/Users/manghel/Downloads/shop/build/resources/main/data.sql] in 3 ms.
2018-05-28 12:52:17.540  INFO 76571 --- [Test worker] o.h.h.i.QueryTranslatorFactoryInitiator  : HHH000397: Using ASTQueryTranslatorFactory
2018-05-28 12:52:17.755  WARN 76571 --- [Test worker] aWebConfiguration$JpaWebMvcConfiguration : spring.jpa.open-in-view is enabled by default. Therefore, database queries may be performed during view rendering. Explicitly configure spring.jpa.open-in-view to disable this warning
2018-05-28 12:52:17.786  INFO 76571 --- [Test worker] s.w.s.m.m.a.RequestMappingHandlerMapping : Mapped "{[/offers/{id}],methods=[PUT]}" onto public java.lang.Long com.wp.shop.controller.OfferController.cancelOffer(java.lang.Long)
2018-05-28 12:52:17.787  INFO 76571 --- [Test worker] s.w.s.m.m.a.RequestMappingHandlerMapping : Mapped "{[/offers],methods=[GET],produces=[application/json]}" onto public java.util.Collection<com.wp.shop.model.transfer.OfferDto> com.wp.shop.controller.OfferController.getOffers(com.wp.shop.util.Status)
2018-05-28 12:52:17.788  INFO 76571 --- [Test worker] s.w.s.m.m.a.RequestMappingHandlerMapping : Mapped "{[/offers],methods=[POST],consumes=[application/json]}" onto public java.lang.Long com.wp.shop.controller.OfferController.createOffer(com.wp.shop.model.transfer.OfferDto)
2018-05-28 12:52:17.789  INFO 76571 --- [Test worker] s.w.s.m.m.a.RequestMappingHandlerMapping : Mapped "{[/offers/{id}],methods=[GET],produces=[application/json]}" onto public com.wp.shop.model.transfer.OfferDto com.wp.shop.controller.OfferController.getOfferById(java.lang.Long)
2018-05-28 12:52:17.791  INFO 76571 --- [Test worker] s.w.s.m.m.a.RequestMappingHandlerMapping : Mapped "{[/products],methods=[GET],produces=[application/json]}" onto public java.util.Collection<com.wp.shop.model.transfer.ProductDto> com.wp.shop.controller.ProductController.getProducts()
2018-05-28 12:52:17.792  INFO 76571 --- [Test worker] s.w.s.m.m.a.RequestMappingHandlerMapping : Mapped "{[/products],methods=[POST],consumes=[application/json]}" onto public java.lang.Long com.wp.shop.controller.ProductController.createProduct(com.wp.shop.model.transfer.ProductDto)
2018-05-28 12:52:17.795  INFO 76571 --- [Test worker] s.w.s.m.m.a.RequestMappingHandlerMapping : Mapped "{[/swagger-resources/configuration/ui]}" onto public org.springframework.http.ResponseEntity<springfox.documentation.swagger.web.UiConfiguration> springfox.documentation.swagger.web.ApiResourceController.uiConfiguration()
2018-05-28 12:52:17.796  INFO 76571 --- [Test worker] s.w.s.m.m.a.RequestMappingHandlerMapping : Mapped "{[/swagger-resources/configuration/security]}" onto public org.springframework.http.ResponseEntity<springfox.documentation.swagger.web.SecurityConfiguration> springfox.documentation.swagger.web.ApiResourceController.securityConfiguration()
2018-05-28 12:52:17.796  INFO 76571 --- [Test worker] s.w.s.m.m.a.RequestMappingHandlerMapping : Mapped "{[/swagger-resources]}" onto public org.springframework.http.ResponseEntity<java.util.List<springfox.documentation.swagger.web.SwaggerResource>> springfox.documentation.swagger.web.ApiResourceController.swaggerResources()
2018-05-28 12:52:17.798  INFO 76571 --- [Test worker] s.w.s.m.m.a.RequestMappingHandlerMapping : Mapped "{[/error]}" onto public org.springframework.http.ResponseEntity<java.util.Map<java.lang.String, java.lang.Object>> org.springframework.boot.autoconfigure.web.servlet.error.BasicErrorController.error(javax.servlet.http.HttpServletRequest)
2018-05-28 12:52:17.799  INFO 76571 --- [Test worker] s.w.s.m.m.a.RequestMappingHandlerMapping : Mapped "{[/error],produces=[text/html]}" onto public org.springframework.web.servlet.ModelAndView org.springframework.boot.autoconfigure.web.servlet.error.BasicErrorController.errorHtml(javax.servlet.http.HttpServletRequest,javax.servlet.http.HttpServletResponse)
2018-05-28 12:52:17.894  INFO 76571 --- [Test worker] pertySourcedRequestMappingHandlerMapping : Mapped URL path [/v2/api-docs] onto method [public org.springframework.http.ResponseEntity<springfox.documentation.spring.web.json.Json> springfox.documentation.swagger2.web.Swagger2Controller.getDocumentation(java.lang.String,javax.servlet.http.HttpServletRequest)]
2018-05-28 12:52:18.024  INFO 76571 --- [Test worker] o.s.w.s.handler.SimpleUrlHandlerMapping  : Mapped URL path [/**/favicon.ico] onto handler of type [class org.springframework.web.servlet.resource.ResourceHttpRequestHandler]
2018-05-28 12:52:18.094  INFO 76571 --- [Test worker] s.w.s.m.m.a.RequestMappingHandlerAdapter : Looking for @ControllerAdvice: org.springframework.web.context.support.GenericWebApplicationContext@4c67a480: startup date [Mon May 28 12:52:16 BST 2018]; root of context hierarchy
2018-05-28 12:52:18.114  INFO 76571 --- [Test worker] o.s.w.s.handler.SimpleUrlHandlerMapping  : Mapped URL path [/webjars/**] onto handler of type [class org.springframework.web.servlet.resource.ResourceHttpRequestHandler]
2018-05-28 12:52:18.114  INFO 76571 --- [Test worker] o.s.w.s.handler.SimpleUrlHandlerMapping  : Mapped URL path [/**] onto handler of type [class org.springframework.web.servlet.resource.ResourceHttpRequestHandler]
2018-05-28 12:52:18.123  INFO 76571 --- [Test worker] .m.m.a.ExceptionHandlerExceptionResolver : Detected @ExceptionHandler methods in httpExceptionHandler
2018-05-28 12:52:18.273  INFO 76571 --- [Test worker] o.s.c.support.DefaultLifecycleProcessor  : Starting beans in phase 2147483647
2018-05-28 12:52:18.273  INFO 76571 --- [Test worker] d.s.w.p.DocumentationPluginsBootstrapper : Context refreshed
2018-05-28 12:52:18.274  INFO 76571 --- [Test worker] d.s.w.p.DocumentationPluginsBootstrapper : Found 1 custom documentation plugin(s)
2018-05-28 12:52:18.284  INFO 76571 --- [Test worker] s.d.s.w.s.ApiListingReferenceScanner     : Scanning for api listing references
2018-05-28 12:52:18.324  INFO 76571 --- [Test worker] s.a.ScheduledAnnotationBeanPostProcessor : No TaskScheduler/ScheduledExecutorService bean found for scheduled processing
2018-05-28 12:52:18.325  INFO 76571 --- [Test worker] c.w.shop.controller.OfferControllerTest  : Started OfferControllerTest in 1.515 seconds (JVM running for 8.034)
2018-05-28 12:52:18.676  INFO 76571 --- [Test worker] s.w.s.m.m.a.RequestMappingHandlerMapping : Mapped "{[/offers/{id}],methods=[PUT]}" onto public java.lang.Long com.wp.shop.controller.OfferController.cancelOffer(java.lang.Long)
2018-05-28 12:52:18.676  INFO 76571 --- [Test worker] s.w.s.m.m.a.RequestMappingHandlerMapping : Mapped "{[/offers],methods=[GET],produces=[application/json]}" onto public java.util.Collection<com.wp.shop.model.transfer.OfferDto> com.wp.shop.controller.OfferController.getOffers(com.wp.shop.util.Status)
2018-05-28 12:52:18.677  INFO 76571 --- [Test worker] s.w.s.m.m.a.RequestMappingHandlerMapping : Mapped "{[/offers],methods=[POST],consumes=[application/json]}" onto public java.lang.Long com.wp.shop.controller.OfferController.createOffer(com.wp.shop.model.transfer.OfferDto)
2018-05-28 12:52:18.677  INFO 76571 --- [Test worker] s.w.s.m.m.a.RequestMappingHandlerMapping : Mapped "{[/offers/{id}],methods=[GET],produces=[application/json]}" onto public com.wp.shop.model.transfer.OfferDto com.wp.shop.controller.OfferController.getOfferById(java.lang.Long)
2018-05-28 12:52:18.686  INFO 76571 --- [Test worker] s.w.s.m.m.a.RequestMappingHandlerAdapter : Looking for @ControllerAdvice: org.springframework.test.web.servlet.setup.StubWebApplicationContext@742f0418
2018-05-28 12:52:18.693  INFO 76571 --- [Test worker] o.s.mock.web.MockServletContext          : Initializing Spring FrameworkServlet ''
2018-05-28 12:52:18.693  INFO 76571 --- [Test worker] o.s.t.web.servlet.TestDispatcherServlet  : FrameworkServlet '': initialization started
2018-05-28 12:52:18.693  INFO 76571 --- [Test worker] o.s.t.web.servlet.TestDispatcherServlet  : FrameworkServlet '': initialization completed in 0 ms
2018-05-28 12:52:18.736  INFO 76571 --- [Test worker] com.wp.shop.controller.OfferController   : Cancelling offer with id [10002]
2018-05-28 12:52:18.775  INFO 76571 --- [Test worker] s.w.s.m.m.a.RequestMappingHandlerMapping : Mapped "{[/offers/{id}],methods=[PUT]}" onto public java.lang.Long com.wp.shop.controller.OfferController.cancelOffer(java.lang.Long)
2018-05-28 12:52:18.776  INFO 76571 --- [Test worker] s.w.s.m.m.a.RequestMappingHandlerMapping : Mapped "{[/offers],methods=[GET],produces=[application/json]}" onto public java.util.Collection<com.wp.shop.model.transfer.OfferDto> com.wp.shop.controller.OfferController.getOffers(com.wp.shop.util.Status)
2018-05-28 12:52:18.776  INFO 76571 --- [Test worker] s.w.s.m.m.a.RequestMappingHandlerMapping : Mapped "{[/offers],methods=[POST],consumes=[application/json]}" onto public java.lang.Long com.wp.shop.controller.OfferController.createOffer(com.wp.shop.model.transfer.OfferDto)
2018-05-28 12:52:18.776  INFO 76571 --- [Test worker] s.w.s.m.m.a.RequestMappingHandlerMapping : Mapped "{[/offers/{id}],methods=[GET],produces=[application/json]}" onto public com.wp.shop.model.transfer.OfferDto com.wp.shop.controller.OfferController.getOfferById(java.lang.Long)
2018-05-28 12:52:18.784  INFO 76571 --- [Test worker] s.w.s.m.m.a.RequestMappingHandlerAdapter : Looking for @ControllerAdvice: org.springframework.test.web.servlet.setup.StubWebApplicationContext@19cbe554
2018-05-28 12:52:18.785  INFO 76571 --- [Test worker] o.s.mock.web.MockServletContext          : Initializing Spring FrameworkServlet ''
2018-05-28 12:52:18.786  INFO 76571 --- [Test worker] o.s.t.web.servlet.TestDispatcherServlet  : FrameworkServlet '': initialization started
2018-05-28 12:52:18.786  INFO 76571 --- [Test worker] o.s.t.web.servlet.TestDispatcherServlet  : FrameworkServlet '': initialization completed in 0 ms
2018-05-28 12:52:18.787  INFO 76571 --- [Test worker] com.wp.shop.controller.OfferController   : Getting offer with id [1001]
2018-05-28 12:52:18.827  INFO 76571 --- [Test worker] s.w.s.m.m.a.RequestMappingHandlerMapping : Mapped "{[/offers/{id}],methods=[PUT]}" onto public java.lang.Long com.wp.shop.controller.OfferController.cancelOffer(java.lang.Long)
2018-05-28 12:52:18.828  INFO 76571 --- [Test worker] s.w.s.m.m.a.RequestMappingHandlerMapping : Mapped "{[/offers],methods=[GET],produces=[application/json]}" onto public java.util.Collection<com.wp.shop.model.transfer.OfferDto> com.wp.shop.controller.OfferController.getOffers(com.wp.shop.util.Status)
2018-05-28 12:52:18.828  INFO 76571 --- [Test worker] s.w.s.m.m.a.RequestMappingHandlerMapping : Mapped "{[/offers],methods=[POST],consumes=[application/json]}" onto public java.lang.Long com.wp.shop.controller.OfferController.createOffer(com.wp.shop.model.transfer.OfferDto)
2018-05-28 12:52:18.828  INFO 76571 --- [Test worker] s.w.s.m.m.a.RequestMappingHandlerMapping : Mapped "{[/offers/{id}],methods=[GET],produces=[application/json]}" onto public com.wp.shop.model.transfer.OfferDto com.wp.shop.controller.OfferController.getOfferById(java.lang.Long)
2018-05-28 12:52:18.836  INFO 76571 --- [Test worker] s.w.s.m.m.a.RequestMappingHandlerAdapter : Looking for @ControllerAdvice: org.springframework.test.web.servlet.setup.StubWebApplicationContext@4a46ab9c
2018-05-28 12:52:18.838  INFO 76571 --- [Test worker] o.s.mock.web.MockServletContext          : Initializing Spring FrameworkServlet ''
2018-05-28 12:52:18.838  INFO 76571 --- [Test worker] o.s.t.web.servlet.TestDispatcherServlet  : FrameworkServlet '': initialization started
2018-05-28 12:52:18.838  INFO 76571 --- [Test worker] o.s.t.web.servlet.TestDispatcherServlet  : FrameworkServlet '': initialization completed in 0 ms
2018-05-28 12:52:18.932  INFO 76571 --- [Test worker] com.wp.shop.controller.OfferController   : Creating offer [OfferDto {productId=1002, description='Description', price=100, currency='GBP', startDate=Mon May 28 13:00:36 BST 2018, endDate=Mon May 28 13:08:56 BST 2018, status=ACTIVE}]
2018-05-28 12:52:18.942  INFO 76571 --- [Test worker] s.w.s.m.m.a.RequestMappingHandlerMapping : Mapped "{[/offers/{id}],methods=[PUT]}" onto public java.lang.Long com.wp.shop.controller.OfferController.cancelOffer(java.lang.Long)
2018-05-28 12:52:18.942  INFO 76571 --- [Test worker] s.w.s.m.m.a.RequestMappingHandlerMapping : Mapped "{[/offers],methods=[GET],produces=[application/json]}" onto public java.util.Collection<com.wp.shop.model.transfer.OfferDto> com.wp.shop.controller.OfferController.getOffers(com.wp.shop.util.Status)
2018-05-28 12:52:18.943  INFO 76571 --- [Test worker] s.w.s.m.m.a.RequestMappingHandlerMapping : Mapped "{[/offers],methods=[POST],consumes=[application/json]}" onto public java.lang.Long com.wp.shop.controller.OfferController.createOffer(com.wp.shop.model.transfer.OfferDto)
2018-05-28 12:52:18.943  INFO 76571 --- [Test worker] s.w.s.m.m.a.RequestMappingHandlerMapping : Mapped "{[/offers/{id}],methods=[GET],produces=[application/json]}" onto public com.wp.shop.model.transfer.OfferDto com.wp.shop.controller.OfferController.getOfferById(java.lang.Long)
2018-05-28 12:52:18.951  INFO 76571 --- [Test worker] s.w.s.m.m.a.RequestMappingHandlerAdapter : Looking for @ControllerAdvice: org.springframework.test.web.servlet.setup.StubWebApplicationContext@678dd5c7
2018-05-28 12:52:18.952  INFO 76571 --- [Test worker] o.s.mock.web.MockServletContext          : Initializing Spring FrameworkServlet ''
2018-05-28 12:52:18.952  INFO 76571 --- [Test worker] o.s.t.web.servlet.TestDispatcherServlet  : FrameworkServlet '': initialization started
2018-05-28 12:52:18.952  INFO 76571 --- [Test worker] o.s.t.web.servlet.TestDispatcherServlet  : FrameworkServlet '': initialization completed in 0 ms
2018-05-28 12:52:18.956  INFO 76571 --- [Test worker] com.wp.shop.controller.OfferController   : Getting all offers for status [ACTIVE]
2018-05-28 12:52:18.969  INFO 76571 --- [Test worker] s.w.s.m.m.a.RequestMappingHandlerMapping : Mapped "{[/offers/{id}],methods=[PUT]}" onto public java.lang.Long com.wp.shop.controller.OfferController.cancelOffer(java.lang.Long)
2018-05-28 12:52:18.970  INFO 76571 --- [Test worker] s.w.s.m.m.a.RequestMappingHandlerMapping : Mapped "{[/offers],methods=[GET],produces=[application/json]}" onto public java.util.Collection<com.wp.shop.model.transfer.OfferDto> com.wp.shop.controller.OfferController.getOffers(com.wp.shop.util.Status)
2018-05-28 12:52:18.970  INFO 76571 --- [Test worker] s.w.s.m.m.a.RequestMappingHandlerMapping : Mapped "{[/offers],methods=[POST],consumes=[application/json]}" onto public java.lang.Long com.wp.shop.controller.OfferController.createOffer(com.wp.shop.model.transfer.OfferDto)
2018-05-28 12:52:18.970  INFO 76571 --- [Test worker] s.w.s.m.m.a.RequestMappingHandlerMapping : Mapped "{[/offers/{id}],methods=[GET],produces=[application/json]}" onto public com.wp.shop.model.transfer.OfferDto com.wp.shop.controller.OfferController.getOfferById(java.lang.Long)
2018-05-28 12:52:18.977  INFO 76571 --- [Test worker] s.w.s.m.m.a.RequestMappingHandlerAdapter : Looking for @ControllerAdvice: org.springframework.test.web.servlet.setup.StubWebApplicationContext@602b549b
2018-05-28 12:52:18.978  INFO 76571 --- [Test worker] o.s.mock.web.MockServletContext          : Initializing Spring FrameworkServlet ''
2018-05-28 12:52:18.978  INFO 76571 --- [Test worker] o.s.t.web.servlet.TestDispatcherServlet  : FrameworkServlet '': initialization started
2018-05-28 12:52:18.979  INFO 76571 --- [Test worker] o.s.t.web.servlet.TestDispatcherServlet  : FrameworkServlet '': initialization completed in 0 ms
2018-05-28 12:52:18.980  INFO 76571 --- [Test worker] com.wp.shop.controller.OfferController   : Getting all offers
2018-05-28 12:52:18.987  INFO 76571 --- [Test worker] .b.t.c.SpringBootTestContextBootstrapper : Neither @ContextConfiguration nor @ContextHierarchy found for test class [com.wp.shop.controller.ProductControllerTest], using SpringBootContextLoader
2018-05-28 12:52:18.988  INFO 76571 --- [Test worker] o.s.t.c.support.AbstractContextLoader    : Could not detect default resource locations for test class [com.wp.shop.controller.ProductControllerTest]: no resource found for suffixes {-context.xml, Context.groovy}.
2018-05-28 12:52:18.988  INFO 76571 --- [Test worker] t.c.s.AnnotationConfigContextLoaderUtils : Could not detect default configuration classes for test class [com.wp.shop.controller.ProductControllerTest]: ProductControllerTest does not declare any static, non-private, non-final, nested classes annotated with @Configuration.
2018-05-28 12:52:18.989  INFO 76571 --- [Test worker] .b.t.c.SpringBootTestContextBootstrapper : Found @SpringBootConfiguration com.wp.shop.ShopApplication for test class com.wp.shop.controller.ProductControllerTest
2018-05-28 12:52:18.990  INFO 76571 --- [Test worker] .b.t.c.SpringBootTestContextBootstrapper : Loaded default TestExecutionListener class names from location [META-INF/spring.factories]: [org.springframework.boot.test.autoconfigure.restdocs.RestDocsTestExecutionListener, org.springframework.boot.test.autoconfigure.web.client.MockRestServiceServerResetTestExecutionListener, org.springframework.boot.test.autoconfigure.web.servlet.MockMvcPrintOnlyOnFailureTestExecutionListener, org.springframework.boot.test.autoconfigure.web.servlet.WebDriverTestExecutionListener, org.springframework.boot.test.mock.mockito.MockitoTestExecutionListener, org.springframework.boot.test.mock.mockito.ResetMocksTestExecutionListener, org.springframework.test.context.web.ServletTestExecutionListener, org.springframework.test.context.support.DirtiesContextBeforeModesTestExecutionListener, org.springframework.test.context.support.DependencyInjectionTestExecutionListener, org.springframework.test.context.support.DirtiesContextTestExecutionListener, org.springframework.test.context.transaction.TransactionalTestExecutionListener, org.springframework.test.context.jdbc.SqlScriptsTestExecutionListener]
2018-05-28 12:52:18.990  INFO 76571 --- [Test worker] .b.t.c.SpringBootTestContextBootstrapper : Using TestExecutionListeners: [org.springframework.test.context.web.ServletTestExecutionListener@64092e64, org.springframework.test.context.support.DirtiesContextBeforeModesTestExecutionListener@4a799619, org.springframework.boot.test.mock.mockito.MockitoTestExecutionListener@5464225e, org.springframework.boot.test.autoconfigure.SpringBootDependencyInjectionTestExecutionListener@3e0f110, org.springframework.test.context.support.DirtiesContextTestExecutionListener@2e379506, org.springframework.test.context.transaction.TransactionalTestExecutionListener@28f80787, org.springframework.test.context.jdbc.SqlScriptsTestExecutionListener@5d7ba614, org.springframework.boot.test.autoconfigure.restdocs.RestDocsTestExecutionListener@5997a4da, org.springframework.boot.test.autoconfigure.web.client.MockRestServiceServerResetTestExecutionListener@4b9a954b, org.springframework.boot.test.autoconfigure.web.servlet.MockMvcPrintOnlyOnFailureTestExecutionListener@23b67780, org.springframework.boot.test.autoconfigure.web.servlet.WebDriverTestExecutionListener@23fd3ee4, org.springframework.boot.test.mock.mockito.ResetMocksTestExecutionListener@47a8ff35]
2018-05-28 12:52:19.007  INFO 76571 --- [Test worker] s.w.s.m.m.a.RequestMappingHandlerMapping : Mapped "{[/products],methods=[GET],produces=[application/json]}" onto public java.util.Collection<com.wp.shop.model.transfer.ProductDto> com.wp.shop.controller.ProductController.getProducts()
2018-05-28 12:52:19.007  INFO 76571 --- [Test worker] s.w.s.m.m.a.RequestMappingHandlerMapping : Mapped "{[/products],methods=[POST],consumes=[application/json]}" onto public java.lang.Long com.wp.shop.controller.ProductController.createProduct(com.wp.shop.model.transfer.ProductDto)
2018-05-28 12:52:19.015  INFO 76571 --- [Test worker] s.w.s.m.m.a.RequestMappingHandlerAdapter : Looking for @ControllerAdvice: org.springframework.test.web.servlet.setup.StubWebApplicationContext@57aac57e
2018-05-28 12:52:19.016  INFO 76571 --- [Test worker] o.s.mock.web.MockServletContext          : Initializing Spring FrameworkServlet ''
2018-05-28 12:52:19.017  INFO 76571 --- [Test worker] o.s.t.web.servlet.TestDispatcherServlet  : FrameworkServlet '': initialization started
2018-05-28 12:52:19.017  INFO 76571 --- [Test worker] o.s.t.web.servlet.TestDispatcherServlet  : FrameworkServlet '': initialization completed in 0 ms
2018-05-28 12:52:19.023  INFO 76571 --- [Test worker] c.wp.shop.controller.ProductController   : Creating product [ProductDto {name='Name', price=100, currency='GBP'}]
2018-05-28 12:52:19.029  INFO 76571 --- [Test worker] s.w.s.m.m.a.RequestMappingHandlerMapping : Mapped "{[/products],methods=[GET],produces=[application/json]}" onto public java.util.Collection<com.wp.shop.model.transfer.ProductDto> com.wp.shop.controller.ProductController.getProducts()
2018-05-28 12:52:19.030  INFO 76571 --- [Test worker] s.w.s.m.m.a.RequestMappingHandlerMapping : Mapped "{[/products],methods=[POST],consumes=[application/json]}" onto public java.lang.Long com.wp.shop.controller.ProductController.createProduct(com.wp.shop.model.transfer.ProductDto)
2018-05-28 12:52:19.037  INFO 76571 --- [Test worker] s.w.s.m.m.a.RequestMappingHandlerAdapter : Looking for @ControllerAdvice: org.springframework.test.web.servlet.setup.StubWebApplicationContext@1240ce06
2018-05-28 12:52:19.039  INFO 76571 --- [Test worker] o.s.mock.web.MockServletContext          : Initializing Spring FrameworkServlet ''
2018-05-28 12:52:19.040  INFO 76571 --- [Test worker] o.s.t.web.servlet.TestDispatcherServlet  : FrameworkServlet '': initialization started
2018-05-28 12:52:19.040  INFO 76571 --- [Test worker] o.s.t.web.servlet.TestDispatcherServlet  : FrameworkServlet '': initialization completed in 0 ms
2018-05-28 12:52:19.041  INFO 76571 --- [Test worker] c.wp.shop.controller.ProductController   : Fetching all products
2018-05-28 12:52:19.047  INFO 76571 --- [Test worker] .b.t.c.SpringBootTestContextBootstrapper : Neither @ContextConfiguration nor @ContextHierarchy found for test class [com.wp.shop.ShopApplicationTests], using SpringBootContextLoader
2018-05-28 12:52:19.047  INFO 76571 --- [Test worker] o.s.t.c.support.AbstractContextLoader    : Could not detect default resource locations for test class [com.wp.shop.ShopApplicationTests]: no resource found for suffixes {-context.xml, Context.groovy}.
2018-05-28 12:52:19.047  INFO 76571 --- [Test worker] t.c.s.AnnotationConfigContextLoaderUtils : Could not detect default configuration classes for test class [com.wp.shop.ShopApplicationTests]: ShopApplicationTests does not declare any static, non-private, non-final, nested classes annotated with @Configuration.
2018-05-28 12:52:19.051  INFO 76571 --- [Test worker] .b.t.c.SpringBootTestContextBootstrapper : Found @SpringBootConfiguration com.wp.shop.ShopApplication for test class com.wp.shop.ShopApplicationTests
2018-05-28 12:52:19.054  INFO 76571 --- [Test worker] .b.t.c.SpringBootTestContextBootstrapper : Loaded default TestExecutionListener class names from location [META-INF/spring.factories]: [org.springframework.boot.test.autoconfigure.restdocs.RestDocsTestExecutionListener, org.springframework.boot.test.autoconfigure.web.client.MockRestServiceServerResetTestExecutionListener, org.springframework.boot.test.autoconfigure.web.servlet.MockMvcPrintOnlyOnFailureTestExecutionListener, org.springframework.boot.test.autoconfigure.web.servlet.WebDriverTestExecutionListener, org.springframework.boot.test.mock.mockito.MockitoTestExecutionListener, org.springframework.boot.test.mock.mockito.ResetMocksTestExecutionListener, org.springframework.test.context.web.ServletTestExecutionListener, org.springframework.test.context.support.DirtiesContextBeforeModesTestExecutionListener, org.springframework.test.context.support.DependencyInjectionTestExecutionListener, org.springframework.test.context.support.DirtiesContextTestExecutionListener, org.springframework.test.context.transaction.TransactionalTestExecutionListener, org.springframework.test.context.jdbc.SqlScriptsTestExecutionListener]
2018-05-28 12:52:19.055  INFO 76571 --- [Test worker] .b.t.c.SpringBootTestContextBootstrapper : Using TestExecutionListeners: [org.springframework.test.context.web.ServletTestExecutionListener@1f59775d, org.springframework.test.context.support.DirtiesContextBeforeModesTestExecutionListener@5faea9b4, org.springframework.boot.test.mock.mockito.MockitoTestExecutionListener@30192342, org.springframework.boot.test.autoconfigure.SpringBootDependencyInjectionTestExecutionListener@499999b5, org.springframework.test.context.support.DirtiesContextTestExecutionListener@1d2efc44, org.springframework.test.context.transaction.TransactionalTestExecutionListener@37e7055c, org.springframework.test.context.jdbc.SqlScriptsTestExecutionListener@4e1d23d1, org.springframework.boot.test.autoconfigure.restdocs.RestDocsTestExecutionListener@4b4c4f96, org.springframework.boot.test.autoconfigure.web.client.MockRestServiceServerResetTestExecutionListener@216a5667, org.springframework.boot.test.autoconfigure.web.servlet.MockMvcPrintOnlyOnFailureTestExecutionListener@2e286af3, org.springframework.boot.test.autoconfigure.web.servlet.WebDriverTestExecutionListener@98cc74c, org.springframework.boot.test.mock.mockito.ResetMocksTestExecutionListener@20951914]
2018-05-28 12:52:19.064  INFO 76571 --- [Test worker] o.s.t.c.s.DefaultTestContextBootstrapper : Neither @ContextConfiguration nor @ContextHierarchy found for test class [com.wp.shop.job.CancellationJobTest], using DelegatingSmartContextLoader
2018-05-28 12:52:19.065  INFO 76571 --- [Test worker] o.s.t.c.support.AbstractContextLoader    : Could not detect default resource locations for test class [com.wp.shop.job.CancellationJobTest]: no resource found for suffixes {-context.xml}.
2018-05-28 12:52:19.066  INFO 76571 --- [Test worker] t.c.s.AnnotationConfigContextLoaderUtils : Could not detect default configuration classes for test class [com.wp.shop.job.CancellationJobTest]: CancellationJobTest does not declare any static, non-private, non-final, nested classes annotated with @Configuration.
2018-05-28 12:52:19.067  INFO 76571 --- [Test worker] o.s.t.c.s.DefaultTestContextBootstrapper : Loaded default TestExecutionListener class names from location [META-INF/spring.factories]: [org.springframework.boot.test.autoconfigure.restdocs.RestDocsTestExecutionListener, org.springframework.boot.test.autoconfigure.web.client.MockRestServiceServerResetTestExecutionListener, org.springframework.boot.test.autoconfigure.web.servlet.MockMvcPrintOnlyOnFailureTestExecutionListener, org.springframework.boot.test.autoconfigure.web.servlet.WebDriverTestExecutionListener, org.springframework.boot.test.mock.mockito.MockitoTestExecutionListener, org.springframework.boot.test.mock.mockito.ResetMocksTestExecutionListener, org.springframework.test.context.web.ServletTestExecutionListener, org.springframework.test.context.support.DirtiesContextBeforeModesTestExecutionListener, org.springframework.test.context.support.DependencyInjectionTestExecutionListener, org.springframework.test.context.support.DirtiesContextTestExecutionListener, org.springframework.test.context.transaction.TransactionalTestExecutionListener, org.springframework.test.context.jdbc.SqlScriptsTestExecutionListener]
2018-05-28 12:52:19.067  INFO 76571 --- [Test worker] o.s.t.c.s.DefaultTestContextBootstrapper : Using TestExecutionListeners: [org.springframework.test.context.web.ServletTestExecutionListener@6e217d58, org.springframework.test.context.support.DirtiesContextBeforeModesTestExecutionListener@4f17f796, org.springframework.boot.test.mock.mockito.MockitoTestExecutionListener@62164975, org.springframework.test.context.support.DependencyInjectionTestExecutionListener@58f06c3, org.springframework.test.context.support.DirtiesContextTestExecutionListener@60217097, org.springframework.test.context.transaction.TransactionalTestExecutionListener@10fa9042, org.springframework.test.context.jdbc.SqlScriptsTestExecutionListener@40772ec9, org.springframework.boot.test.autoconfigure.restdocs.RestDocsTestExecutionListener@3db3911a, org.springframework.boot.test.autoconfigure.web.client.MockRestServiceServerResetTestExecutionListener@567debf3, org.springframework.boot.test.autoconfigure.web.servlet.MockMvcPrintOnlyOnFailureTestExecutionListener@12c109fe, org.springframework.boot.test.autoconfigure.web.servlet.WebDriverTestExecutionListener@6bb96c09, org.springframework.boot.test.mock.mockito.ResetMocksTestExecutionListener@4aa31b25]
2018-05-28 12:52:19.113  INFO 76571 --- [Test worker] o.s.c.support.GenericApplicationContext  : Refreshing org.springframework.context.support.GenericApplicationContext@ae67944: startup date [Mon May 28 12:52:19 BST 2018]; root of context hierarchy
2018-05-28 12:52:19.133  INFO 76571 --- [Test worker] com.wp.shop.job.CancellationJob          : Start offer cancellation process
2018-05-28 12:52:19.137  INFO 76571 --- [Test worker] com.wp.shop.job.CancellationJob          : Offer cancellation process finished. [1] offers cancelled
2018-05-28 12:52:19.139  INFO 76571 --- [Test worker] o.s.t.c.s.DefaultTestContextBootstrapper : Neither @ContextConfiguration nor @ContextHierarchy found for test class [com.wp.shop.service.impl.ProductServiceImplTest], using DelegatingSmartContextLoader
2018-05-28 12:52:19.140  INFO 76571 --- [Test worker] o.s.t.c.support.AbstractContextLoader    : Could not detect default resource locations for test class [com.wp.shop.service.impl.ProductServiceImplTest]: no resource found for suffixes {-context.xml}.
2018-05-28 12:52:19.140  INFO 76571 --- [Test worker] t.c.s.AnnotationConfigContextLoaderUtils : Could not detect default configuration classes for test class [com.wp.shop.service.impl.ProductServiceImplTest]: ProductServiceImplTest does not declare any static, non-private, non-final, nested classes annotated with @Configuration.
2018-05-28 12:52:19.141  INFO 76571 --- [Test worker] o.s.t.c.s.DefaultTestContextBootstrapper : Loaded default TestExecutionListener class names from location [META-INF/spring.factories]: [org.springframework.boot.test.autoconfigure.restdocs.RestDocsTestExecutionListener, org.springframework.boot.test.autoconfigure.web.client.MockRestServiceServerResetTestExecutionListener, org.springframework.boot.test.autoconfigure.web.servlet.MockMvcPrintOnlyOnFailureTestExecutionListener, org.springframework.boot.test.autoconfigure.web.servlet.WebDriverTestExecutionListener, org.springframework.boot.test.mock.mockito.MockitoTestExecutionListener, org.springframework.boot.test.mock.mockito.ResetMocksTestExecutionListener, org.springframework.test.context.web.ServletTestExecutionListener, org.springframework.test.context.support.DirtiesContextBeforeModesTestExecutionListener, org.springframework.test.context.support.DependencyInjectionTestExecutionListener, org.springframework.test.context.support.DirtiesContextTestExecutionListener, org.springframework.test.context.transaction.TransactionalTestExecutionListener, org.springframework.test.context.jdbc.SqlScriptsTestExecutionListener]
2018-05-28 12:52:19.141  INFO 76571 --- [Test worker] o.s.t.c.s.DefaultTestContextBootstrapper : Using TestExecutionListeners: [org.springframework.test.context.web.ServletTestExecutionListener@15fed850, org.springframework.test.context.support.DirtiesContextBeforeModesTestExecutionListener@5ca543b7, org.springframework.boot.test.mock.mockito.MockitoTestExecutionListener@6c8d2e4e, org.springframework.test.context.support.DependencyInjectionTestExecutionListener@2a608168, org.springframework.test.context.support.DirtiesContextTestExecutionListener@49bfe02c, org.springframework.test.context.transaction.TransactionalTestExecutionListener@3ff1ba57, org.springframework.test.context.jdbc.SqlScriptsTestExecutionListener@3a8b1cb9, org.springframework.boot.test.autoconfigure.restdocs.RestDocsTestExecutionListener@14cea141, org.springframework.boot.test.autoconfigure.web.client.MockRestServiceServerResetTestExecutionListener@22468d74, org.springframework.boot.test.autoconfigure.web.servlet.MockMvcPrintOnlyOnFailureTestExecutionListener@10d7b869, org.springframework.boot.test.autoconfigure.web.servlet.WebDriverTestExecutionListener@725b001e, org.springframework.boot.test.mock.mockito.ResetMocksTestExecutionListener@137e73bd]
2018-05-28 12:52:19.165  INFO 76571 --- [Test worker] c.w.s.service.impl.ProductServiceImpl    : Retrieved [0] products
2018-05-28 12:52:19.167  INFO 76571 --- [Test worker] c.w.s.service.impl.ProductServiceImpl    : Created product
2018-05-28 12:52:19.178 ERROR 76571 --- [Test worker] c.w.s.service.impl.ProductServiceImpl    : Error encountered while saving the product

org.hibernate.JDBCException: conflict
	at com.wp.shop.service.impl.ProductServiceImpl.createProduct(ProductServiceImpl.java:48) ~[main/:na]
	at com.wp.shop.service.impl.ProductServiceImplTest.shouldThrowExceptionWhenSavingProduct(ProductServiceImplTest.java:86) [test/:na]
	at sun.reflect.NativeMethodAccessorImpl.invoke0(Native Method) ~[na:1.8.0_131]
	at sun.reflect.NativeMethodAccessorImpl.invoke(NativeMethodAccessorImpl.java:62) ~[na:1.8.0_131]
	at sun.reflect.DelegatingMethodAccessorImpl.invoke(DelegatingMethodAccessorImpl.java:43) ~[na:1.8.0_131]
	at java.lang.reflect.Method.invoke(Method.java:498) ~[na:1.8.0_131]
	at org.junit.runners.model.FrameworkMethod$1.runReflectiveCall(FrameworkMethod.java:50) [junit-4.12.jar:4.12]
	at org.junit.internal.runners.model.ReflectiveCallable.run(ReflectiveCallable.java:12) [junit-4.12.jar:4.12]
	at org.junit.runners.model.FrameworkMethod.invokeExplosively(FrameworkMethod.java:47) [junit-4.12.jar:4.12]
	at org.junit.internal.runners.statements.InvokeMethod.evaluate(InvokeMethod.java:17) [junit-4.12.jar:4.12]
	at org.springframework.test.context.junit4.statements.RunBeforeTestExecutionCallbacks.evaluate(RunBeforeTestExecutionCallbacks.java:73) [spring-test-5.0.6.RELEASE.jar:5.0.6.RELEASE]
	at org.springframework.test.context.junit4.statements.RunAfterTestExecutionCallbacks.evaluate(RunAfterTestExecutionCallbacks.java:83) [spring-test-5.0.6.RELEASE.jar:5.0.6.RELEASE]
	at org.junit.internal.runners.statements.RunBefores.evaluate(RunBefores.java:26) [junit-4.12.jar:4.12]
	at org.springframework.test.context.junit4.statements.RunBeforeTestMethodCallbacks.evaluate(RunBeforeTestMethodCallbacks.java:75) [spring-test-5.0.6.RELEASE.jar:5.0.6.RELEASE]
	at org.springframework.test.context.junit4.statements.RunAfterTestMethodCallbacks.evaluate(RunAfterTestMethodCallbacks.java:86) [spring-test-5.0.6.RELEASE.jar:5.0.6.RELEASE]
	at org.springframework.test.context.junit4.statements.SpringRepeat.evaluate(SpringRepeat.java:84) [spring-test-5.0.6.RELEASE.jar:5.0.6.RELEASE]
	at org.junit.runners.ParentRunner.runLeaf(ParentRunner.java:325) [junit-4.12.jar:4.12]
	at org.springframework.test.context.junit4.SpringJUnit4ClassRunner.runChild(SpringJUnit4ClassRunner.java:251) [spring-test-5.0.6.RELEASE.jar:5.0.6.RELEASE]
	at org.springframework.test.context.junit4.SpringJUnit4ClassRunner.runChild(SpringJUnit4ClassRunner.java:97) [spring-test-5.0.6.RELEASE.jar:5.0.6.RELEASE]
	at org.junit.runners.ParentRunner$3.run(ParentRunner.java:290) [junit-4.12.jar:4.12]
	at org.junit.runners.ParentRunner$1.schedule(ParentRunner.java:71) [junit-4.12.jar:4.12]
	at org.junit.runners.ParentRunner.runChildren(ParentRunner.java:288) [junit-4.12.jar:4.12]
	at org.junit.runners.ParentRunner.access$000(ParentRunner.java:58) [junit-4.12.jar:4.12]
	at org.junit.runners.ParentRunner$2.evaluate(ParentRunner.java:268) [junit-4.12.jar:4.12]
	at org.springframework.test.context.junit4.statements.RunBeforeTestClassCallbacks.evaluate(RunBeforeTestClassCallbacks.java:61) [spring-test-5.0.6.RELEASE.jar:5.0.6.RELEASE]
	at org.springframework.test.context.junit4.statements.RunAfterTestClassCallbacks.evaluate(RunAfterTestClassCallbacks.java:70) [spring-test-5.0.6.RELEASE.jar:5.0.6.RELEASE]
	at org.junit.runners.ParentRunner.run(ParentRunner.java:363) [junit-4.12.jar:4.12]
	at org.springframework.test.context.junit4.SpringJUnit4ClassRunner.run(SpringJUnit4ClassRunner.java:190) [spring-test-5.0.6.RELEASE.jar:5.0.6.RELEASE]
	at org.gradle.api.internal.tasks.testing.junit.JUnitTestClassExecuter.runTestClass(JUnitTestClassExecuter.java:114) [gradle-testing-jvm-4.0.jar:4.0]
	at org.gradle.api.internal.tasks.testing.junit.JUnitTestClassExecuter.execute(JUnitTestClassExecuter.java:57) [gradle-testing-jvm-4.0.jar:4.0]
	at org.gradle.api.internal.tasks.testing.junit.JUnitTestClassProcessor.processTestClass(JUnitTestClassProcessor.java:66) [gradle-testing-jvm-4.0.jar:4.0]
	at org.gradle.api.internal.tasks.testing.SuiteTestClassProcessor.processTestClass(SuiteTestClassProcessor.java:51) [gradle-testing-base-4.0.jar:4.0]
	at sun.reflect.NativeMethodAccessorImpl.invoke0(Native Method) ~[na:1.8.0_131]
	at sun.reflect.NativeMethodAccessorImpl.invoke(NativeMethodAccessorImpl.java:62) ~[na:1.8.0_131]
	at sun.reflect.DelegatingMethodAccessorImpl.invoke(DelegatingMethodAccessorImpl.java:43) ~[na:1.8.0_131]
	at java.lang.reflect.Method.invoke(Method.java:498) ~[na:1.8.0_131]
	at org.gradle.internal.dispatch.ReflectionDispatch.dispatch(ReflectionDispatch.java:35) [gradle-messaging-4.0.jar:4.0]
	at org.gradle.internal.dispatch.ReflectionDispatch.dispatch(ReflectionDispatch.java:24) [gradle-messaging-4.0.jar:4.0]
	at org.gradle.internal.dispatch.ContextClassLoaderDispatch.dispatch(ContextClassLoaderDispatch.java:32) [gradle-messaging-4.0.jar:4.0]
	at org.gradle.internal.dispatch.ProxyDispatchAdapter$DispatchingInvocationHandler.invoke(ProxyDispatchAdapter.java:93) [gradle-messaging-4.0.jar:4.0]
	at com.sun.proxy.$Proxy1.processTestClass(Unknown Source) [na:na]
	at org.gradle.api.internal.tasks.testing.worker.TestWorker.processTestClass(TestWorker.java:109) [gradle-testing-base-4.0.jar:4.0]
	at sun.reflect.NativeMethodAccessorImpl.invoke0(Native Method) ~[na:1.8.0_131]
	at sun.reflect.NativeMethodAccessorImpl.invoke(NativeMethodAccessorImpl.java:62) ~[na:1.8.0_131]
	at sun.reflect.DelegatingMethodAccessorImpl.invoke(DelegatingMethodAccessorImpl.java:43) ~[na:1.8.0_131]
	at java.lang.reflect.Method.invoke(Method.java:498) ~[na:1.8.0_131]
	at org.gradle.internal.dispatch.ReflectionDispatch.dispatch(ReflectionDispatch.java:35) [gradle-messaging-4.0.jar:4.0]
	at org.gradle.internal.dispatch.ReflectionDispatch.dispatch(ReflectionDispatch.java:24) [gradle-messaging-4.0.jar:4.0]
	at org.gradle.internal.remote.internal.hub.MessageHubBackedObjectConnection$DispatchWrapper.dispatch(MessageHubBackedObjectConnection.java:146) [gradle-messaging-4.0.jar:4.0]
	at org.gradle.internal.remote.internal.hub.MessageHubBackedObjectConnection$DispatchWrapper.dispatch(MessageHubBackedObjectConnection.java:128) [gradle-messaging-4.0.jar:4.0]
	at org.gradle.internal.remote.internal.hub.MessageHub$Handler.run(MessageHub.java:404) [gradle-messaging-4.0.jar:4.0]
	at org.gradle.internal.concurrent.ExecutorPolicy$CatchAndRecordFailures.onExecute(ExecutorPolicy.java:63) [gradle-base-services-4.0.jar:4.0]
	at org.gradle.internal.concurrent.StoppableExecutorImpl$1.run(StoppableExecutorImpl.java:46) [gradle-base-services-4.0.jar:4.0]
	at java.util.concurrent.ThreadPoolExecutor.runWorker(ThreadPoolExecutor.java:1142) [na:1.8.0_131]
	at java.util.concurrent.ThreadPoolExecutor$Worker.run(ThreadPoolExecutor.java:617) [na:1.8.0_131]
	at org.gradle.internal.concurrent.ThreadFactoryImpl$ManagedThreadRunnable.run(ThreadFactoryImpl.java:55) [gradle-base-services-4.0.jar:4.0]
	at java.lang.Thread.run(Thread.java:748) [na:1.8.0_131]
Caused by: java.sql.SQLException: null
	at com.wp.shop.service.impl.ProductServiceImplTest.shouldThrowExceptionWhenSavingProduct(ProductServiceImplTest.java:83) [test/:na]
	... 55 common frames omitted

2018-05-28 12:52:19.183  INFO 76571 --- [Test worker] c.w.s.service.impl.ProductServiceImpl    : Retrieved [1] products
2018-05-28 12:52:19.186  INFO 76571 --- [Test worker] o.s.t.c.s.DefaultTestContextBootstrapper : Neither @ContextConfiguration nor @ContextHierarchy found for test class [com.wp.shop.service.impl.OfferServiceImplTest], using DelegatingSmartContextLoader
2018-05-28 12:52:19.187  INFO 76571 --- [Test worker] o.s.t.c.support.AbstractContextLoader    : Could not detect default resource locations for test class [com.wp.shop.service.impl.OfferServiceImplTest]: no resource found for suffixes {-context.xml}.
2018-05-28 12:52:19.187  INFO 76571 --- [Test worker] t.c.s.AnnotationConfigContextLoaderUtils : Could not detect default configuration classes for test class [com.wp.shop.service.impl.OfferServiceImplTest]: OfferServiceImplTest does not declare any static, non-private, non-final, nested classes annotated with @Configuration.
2018-05-28 12:52:19.188  INFO 76571 --- [Test worker] o.s.t.c.s.DefaultTestContextBootstrapper : Loaded default TestExecutionListener class names from location [META-INF/spring.factories]: [org.springframework.boot.test.autoconfigure.restdocs.RestDocsTestExecutionListener, org.springframework.boot.test.autoconfigure.web.client.MockRestServiceServerResetTestExecutionListener, org.springframework.boot.test.autoconfigure.web.servlet.MockMvcPrintOnlyOnFailureTestExecutionListener, org.springframework.boot.test.autoconfigure.web.servlet.WebDriverTestExecutionListener, org.springframework.boot.test.mock.mockito.MockitoTestExecutionListener, org.springframework.boot.test.mock.mockito.ResetMocksTestExecutionListener, org.springframework.test.context.web.ServletTestExecutionListener, org.springframework.test.context.support.DirtiesContextBeforeModesTestExecutionListener, org.springframework.test.context.support.DependencyInjectionTestExecutionListener, org.springframework.test.context.support.DirtiesContextTestExecutionListener, org.springframework.test.context.transaction.TransactionalTestExecutionListener, org.springframework.test.context.jdbc.SqlScriptsTestExecutionListener]
2018-05-28 12:52:19.188  INFO 76571 --- [Test worker] o.s.t.c.s.DefaultTestContextBootstrapper : Using TestExecutionListeners: [org.springframework.test.context.web.ServletTestExecutionListener@42e063eb, org.springframework.test.context.support.DirtiesContextBeforeModesTestExecutionListener@34e9999f, org.springframework.boot.test.mock.mockito.MockitoTestExecutionListener@1c396748, org.springframework.test.context.support.DependencyInjectionTestExecutionListener@303fa98, org.springframework.test.context.support.DirtiesContextTestExecutionListener@423d2e28, org.springframework.test.context.transaction.TransactionalTestExecutionListener@3a606291, org.springframework.test.context.jdbc.SqlScriptsTestExecutionListener@6db441b2, org.springframework.boot.test.autoconfigure.restdocs.RestDocsTestExecutionListener@71ffb1a6, org.springframework.boot.test.autoconfigure.web.client.MockRestServiceServerResetTestExecutionListener@5a189ddf, org.springframework.boot.test.autoconfigure.web.servlet.MockMvcPrintOnlyOnFailureTestExecutionListener@635518e7, org.springframework.boot.test.autoconfigure.web.servlet.WebDriverTestExecutionListener@2ca36cee, org.springframework.boot.test.mock.mockito.ResetMocksTestExecutionListener@205d8a5d]
2018-05-28 12:52:19.192 ERROR 76571 --- [Test worker] c.wp.shop.service.impl.OfferServiceImpl  : Failed to cancel offer with id [1001]

org.hibernate.JDBCException: conflict
	at com.wp.shop.service.impl.OfferServiceImpl.cancelOffer(OfferServiceImpl.java:98) ~[main/:na]
	at com.wp.shop.service.impl.OfferServiceImplTest.shouldThrowExceptionWhenCancelOffer(OfferServiceImplTest.java:219) [test/:na]
	at sun.reflect.NativeMethodAccessorImpl.invoke0(Native Method) ~[na:1.8.0_131]
	at sun.reflect.NativeMethodAccessorImpl.invoke(NativeMethodAccessorImpl.java:62) ~[na:1.8.0_131]
	at sun.reflect.DelegatingMethodAccessorImpl.invoke(DelegatingMethodAccessorImpl.java:43) ~[na:1.8.0_131]
	at java.lang.reflect.Method.invoke(Method.java:498) ~[na:1.8.0_131]
	at org.junit.runners.model.FrameworkMethod$1.runReflectiveCall(FrameworkMethod.java:50) [junit-4.12.jar:4.12]
	at org.junit.internal.runners.model.ReflectiveCallable.run(ReflectiveCallable.java:12) [junit-4.12.jar:4.12]
	at org.junit.runners.model.FrameworkMethod.invokeExplosively(FrameworkMethod.java:47) [junit-4.12.jar:4.12]
	at org.junit.internal.runners.statements.InvokeMethod.evaluate(InvokeMethod.java:17) [junit-4.12.jar:4.12]
	at org.springframework.test.context.junit4.statements.RunBeforeTestExecutionCallbacks.evaluate(RunBeforeTestExecutionCallbacks.java:73) [spring-test-5.0.6.RELEASE.jar:5.0.6.RELEASE]
	at org.springframework.test.context.junit4.statements.RunAfterTestExecutionCallbacks.evaluate(RunAfterTestExecutionCallbacks.java:83) [spring-test-5.0.6.RELEASE.jar:5.0.6.RELEASE]
	at org.junit.internal.runners.statements.RunBefores.evaluate(RunBefores.java:26) [junit-4.12.jar:4.12]
	at org.springframework.test.context.junit4.statements.RunBeforeTestMethodCallbacks.evaluate(RunBeforeTestMethodCallbacks.java:75) [spring-test-5.0.6.RELEASE.jar:5.0.6.RELEASE]
	at org.springframework.test.context.junit4.statements.RunAfterTestMethodCallbacks.evaluate(RunAfterTestMethodCallbacks.java:86) [spring-test-5.0.6.RELEASE.jar:5.0.6.RELEASE]
	at org.springframework.test.context.junit4.statements.SpringRepeat.evaluate(SpringRepeat.java:84) [spring-test-5.0.6.RELEASE.jar:5.0.6.RELEASE]
	at org.junit.runners.ParentRunner.runLeaf(ParentRunner.java:325) [junit-4.12.jar:4.12]
	at org.springframework.test.context.junit4.SpringJUnit4ClassRunner.runChild(SpringJUnit4ClassRunner.java:251) [spring-test-5.0.6.RELEASE.jar:5.0.6.RELEASE]
	at org.springframework.test.context.junit4.SpringJUnit4ClassRunner.runChild(SpringJUnit4ClassRunner.java:97) [spring-test-5.0.6.RELEASE.jar:5.0.6.RELEASE]
	at org.junit.runners.ParentRunner$3.run(ParentRunner.java:290) [junit-4.12.jar:4.12]
	at org.junit.runners.ParentRunner$1.schedule(ParentRunner.java:71) [junit-4.12.jar:4.12]
	at org.junit.runners.ParentRunner.runChildren(ParentRunner.java:288) [junit-4.12.jar:4.12]
	at org.junit.runners.ParentRunner.access$000(ParentRunner.java:58) [junit-4.12.jar:4.12]
	at org.junit.runners.ParentRunner$2.evaluate(ParentRunner.java:268) [junit-4.12.jar:4.12]
	at org.springframework.test.context.junit4.statements.RunBeforeTestClassCallbacks.evaluate(RunBeforeTestClassCallbacks.java:61) [spring-test-5.0.6.RELEASE.jar:5.0.6.RELEASE]
	at org.springframework.test.context.junit4.statements.RunAfterTestClassCallbacks.evaluate(RunAfterTestClassCallbacks.java:70) [spring-test-5.0.6.RELEASE.jar:5.0.6.RELEASE]
	at org.junit.runners.ParentRunner.run(ParentRunner.java:363) [junit-4.12.jar:4.12]
	at org.springframework.test.context.junit4.SpringJUnit4ClassRunner.run(SpringJUnit4ClassRunner.java:190) [spring-test-5.0.6.RELEASE.jar:5.0.6.RELEASE]
	at org.gradle.api.internal.tasks.testing.junit.JUnitTestClassExecuter.runTestClass(JUnitTestClassExecuter.java:114) [gradle-testing-jvm-4.0.jar:4.0]
	at org.gradle.api.internal.tasks.testing.junit.JUnitTestClassExecuter.execute(JUnitTestClassExecuter.java:57) [gradle-testing-jvm-4.0.jar:4.0]
	at org.gradle.api.internal.tasks.testing.junit.JUnitTestClassProcessor.processTestClass(JUnitTestClassProcessor.java:66) [gradle-testing-jvm-4.0.jar:4.0]
	at org.gradle.api.internal.tasks.testing.SuiteTestClassProcessor.processTestClass(SuiteTestClassProcessor.java:51) [gradle-testing-base-4.0.jar:4.0]
	at sun.reflect.NativeMethodAccessorImpl.invoke0(Native Method) ~[na:1.8.0_131]
	at sun.reflect.NativeMethodAccessorImpl.invoke(NativeMethodAccessorImpl.java:62) ~[na:1.8.0_131]
	at sun.reflect.DelegatingMethodAccessorImpl.invoke(DelegatingMethodAccessorImpl.java:43) ~[na:1.8.0_131]
	at java.lang.reflect.Method.invoke(Method.java:498) ~[na:1.8.0_131]
	at org.gradle.internal.dispatch.ReflectionDispatch.dispatch(ReflectionDispatch.java:35) [gradle-messaging-4.0.jar:4.0]
	at org.gradle.internal.dispatch.ReflectionDispatch.dispatch(ReflectionDispatch.java:24) [gradle-messaging-4.0.jar:4.0]
	at org.gradle.internal.dispatch.ContextClassLoaderDispatch.dispatch(ContextClassLoaderDispatch.java:32) [gradle-messaging-4.0.jar:4.0]
	at org.gradle.internal.dispatch.ProxyDispatchAdapter$DispatchingInvocationHandler.invoke(ProxyDispatchAdapter.java:93) [gradle-messaging-4.0.jar:4.0]
	at com.sun.proxy.$Proxy1.processTestClass(Unknown Source) [na:na]
	at org.gradle.api.internal.tasks.testing.worker.TestWorker.processTestClass(TestWorker.java:109) [gradle-testing-base-4.0.jar:4.0]
	at sun.reflect.NativeMethodAccessorImpl.invoke0(Native Method) ~[na:1.8.0_131]
	at sun.reflect.NativeMethodAccessorImpl.invoke(NativeMethodAccessorImpl.java:62) ~[na:1.8.0_131]
	at sun.reflect.DelegatingMethodAccessorImpl.invoke(DelegatingMethodAccessorImpl.java:43) ~[na:1.8.0_131]
	at java.lang.reflect.Method.invoke(Method.java:498) ~[na:1.8.0_131]
	at org.gradle.internal.dispatch.ReflectionDispatch.dispatch(ReflectionDispatch.java:35) [gradle-messaging-4.0.jar:4.0]
	at org.gradle.internal.dispatch.ReflectionDispatch.dispatch(ReflectionDispatch.java:24) [gradle-messaging-4.0.jar:4.0]
	at org.gradle.internal.remote.internal.hub.MessageHubBackedObjectConnection$DispatchWrapper.dispatch(MessageHubBackedObjectConnection.java:146) [gradle-messaging-4.0.jar:4.0]
	at org.gradle.internal.remote.internal.hub.MessageHubBackedObjectConnection$DispatchWrapper.dispatch(MessageHubBackedObjectConnection.java:128) [gradle-messaging-4.0.jar:4.0]
	at org.gradle.internal.remote.internal.hub.MessageHub$Handler.run(MessageHub.java:404) [gradle-messaging-4.0.jar:4.0]
	at org.gradle.internal.concurrent.ExecutorPolicy$CatchAndRecordFailures.onExecute(ExecutorPolicy.java:63) [gradle-base-services-4.0.jar:4.0]
	at org.gradle.internal.concurrent.StoppableExecutorImpl$1.run(StoppableExecutorImpl.java:46) [gradle-base-services-4.0.jar:4.0]
	at java.util.concurrent.ThreadPoolExecutor.runWorker(ThreadPoolExecutor.java:1142) [na:1.8.0_131]
	at java.util.concurrent.ThreadPoolExecutor$Worker.run(ThreadPoolExecutor.java:617) [na:1.8.0_131]
	at org.gradle.internal.concurrent.ThreadFactoryImpl$ManagedThreadRunnable.run(ThreadFactoryImpl.java:55) [gradle-base-services-4.0.jar:4.0]
	at java.lang.Thread.run(Thread.java:748) [na:1.8.0_131]
Caused by: java.sql.SQLException: null
	at com.wp.shop.service.impl.OfferServiceImplTest.shouldThrowExceptionWhenCancelOffer(OfferServiceImplTest.java:216) [test/:na]
	... 55 common frames omitted

2018-05-28 12:52:19.202  INFO 76571 --- [Test worker] c.wp.shop.service.impl.OfferServiceImpl  : Cancelled offer with id [1001]
2018-05-28 12:52:19.210 ERROR 76571 --- [Test worker] c.wp.shop.service.impl.OfferServiceImpl  : Error encountered while saving the offer 

org.hibernate.JDBCException: conflict
	at com.wp.shop.service.impl.OfferServiceImpl.createOffer(OfferServiceImpl.java:83) ~[main/:na]
	at com.wp.shop.service.impl.OfferServiceImplTest.shouldThrowExceptionWhenCreatingOffer(OfferServiceImplTest.java:181) [test/:na]
	at sun.reflect.NativeMethodAccessorImpl.invoke0(Native Method) ~[na:1.8.0_131]
	at sun.reflect.NativeMethodAccessorImpl.invoke(NativeMethodAccessorImpl.java:62) ~[na:1.8.0_131]
	at sun.reflect.DelegatingMethodAccessorImpl.invoke(DelegatingMethodAccessorImpl.java:43) ~[na:1.8.0_131]
	at java.lang.reflect.Method.invoke(Method.java:498) ~[na:1.8.0_131]
	at org.junit.runners.model.FrameworkMethod$1.runReflectiveCall(FrameworkMethod.java:50) [junit-4.12.jar:4.12]
	at org.junit.internal.runners.model.ReflectiveCallable.run(ReflectiveCallable.java:12) [junit-4.12.jar:4.12]
	at org.junit.runners.model.FrameworkMethod.invokeExplosively(FrameworkMethod.java:47) [junit-4.12.jar:4.12]
	at org.junit.internal.runners.statements.InvokeMethod.evaluate(InvokeMethod.java:17) [junit-4.12.jar:4.12]
	at org.springframework.test.context.junit4.statements.RunBeforeTestExecutionCallbacks.evaluate(RunBeforeTestExecutionCallbacks.java:73) [spring-test-5.0.6.RELEASE.jar:5.0.6.RELEASE]
	at org.springframework.test.context.junit4.statements.RunAfterTestExecutionCallbacks.evaluate(RunAfterTestExecutionCallbacks.java:83) [spring-test-5.0.6.RELEASE.jar:5.0.6.RELEASE]
	at org.junit.internal.runners.statements.RunBefores.evaluate(RunBefores.java:26) [junit-4.12.jar:4.12]
	at org.springframework.test.context.junit4.statements.RunBeforeTestMethodCallbacks.evaluate(RunBeforeTestMethodCallbacks.java:75) [spring-test-5.0.6.RELEASE.jar:5.0.6.RELEASE]
	at org.springframework.test.context.junit4.statements.RunAfterTestMethodCallbacks.evaluate(RunAfterTestMethodCallbacks.java:86) [spring-test-5.0.6.RELEASE.jar:5.0.6.RELEASE]
	at org.springframework.test.context.junit4.statements.SpringRepeat.evaluate(SpringRepeat.java:84) [spring-test-5.0.6.RELEASE.jar:5.0.6.RELEASE]
	at org.junit.runners.ParentRunner.runLeaf(ParentRunner.java:325) [junit-4.12.jar:4.12]
	at org.springframework.test.context.junit4.SpringJUnit4ClassRunner.runChild(SpringJUnit4ClassRunner.java:251) [spring-test-5.0.6.RELEASE.jar:5.0.6.RELEASE]
	at org.springframework.test.context.junit4.SpringJUnit4ClassRunner.runChild(SpringJUnit4ClassRunner.java:97) [spring-test-5.0.6.RELEASE.jar:5.0.6.RELEASE]
	at org.junit.runners.ParentRunner$3.run(ParentRunner.java:290) [junit-4.12.jar:4.12]
	at org.junit.runners.ParentRunner$1.schedule(ParentRunner.java:71) [junit-4.12.jar:4.12]
	at org.junit.runners.ParentRunner.runChildren(ParentRunner.java:288) [junit-4.12.jar:4.12]
	at org.junit.runners.ParentRunner.access$000(ParentRunner.java:58) [junit-4.12.jar:4.12]
	at org.junit.runners.ParentRunner$2.evaluate(ParentRunner.java:268) [junit-4.12.jar:4.12]
	at org.springframework.test.context.junit4.statements.RunBeforeTestClassCallbacks.evaluate(RunBeforeTestClassCallbacks.java:61) [spring-test-5.0.6.RELEASE.jar:5.0.6.RELEASE]
	at org.springframework.test.context.junit4.statements.RunAfterTestClassCallbacks.evaluate(RunAfterTestClassCallbacks.java:70) [spring-test-5.0.6.RELEASE.jar:5.0.6.RELEASE]
	at org.junit.runners.ParentRunner.run(ParentRunner.java:363) [junit-4.12.jar:4.12]
	at org.springframework.test.context.junit4.SpringJUnit4ClassRunner.run(SpringJUnit4ClassRunner.java:190) [spring-test-5.0.6.RELEASE.jar:5.0.6.RELEASE]
	at org.gradle.api.internal.tasks.testing.junit.JUnitTestClassExecuter.runTestClass(JUnitTestClassExecuter.java:114) [gradle-testing-jvm-4.0.jar:4.0]
	at org.gradle.api.internal.tasks.testing.junit.JUnitTestClassExecuter.execute(JUnitTestClassExecuter.java:57) [gradle-testing-jvm-4.0.jar:4.0]
	at org.gradle.api.internal.tasks.testing.junit.JUnitTestClassProcessor.processTestClass(JUnitTestClassProcessor.java:66) [gradle-testing-jvm-4.0.jar:4.0]
	at org.gradle.api.internal.tasks.testing.SuiteTestClassProcessor.processTestClass(SuiteTestClassProcessor.java:51) [gradle-testing-base-4.0.jar:4.0]
	at sun.reflect.NativeMethodAccessorImpl.invoke0(Native Method) ~[na:1.8.0_131]
	at sun.reflect.NativeMethodAccessorImpl.invoke(NativeMethodAccessorImpl.java:62) ~[na:1.8.0_131]
	at sun.reflect.DelegatingMethodAccessorImpl.invoke(DelegatingMethodAccessorImpl.java:43) ~[na:1.8.0_131]
	at java.lang.reflect.Method.invoke(Method.java:498) ~[na:1.8.0_131]
	at org.gradle.internal.dispatch.ReflectionDispatch.dispatch(ReflectionDispatch.java:35) [gradle-messaging-4.0.jar:4.0]
	at org.gradle.internal.dispatch.ReflectionDispatch.dispatch(ReflectionDispatch.java:24) [gradle-messaging-4.0.jar:4.0]
	at org.gradle.internal.dispatch.ContextClassLoaderDispatch.dispatch(ContextClassLoaderDispatch.java:32) [gradle-messaging-4.0.jar:4.0]
	at org.gradle.internal.dispatch.ProxyDispatchAdapter$DispatchingInvocationHandler.invoke(ProxyDispatchAdapter.java:93) [gradle-messaging-4.0.jar:4.0]
	at com.sun.proxy.$Proxy1.processTestClass(Unknown Source) [na:na]
	at org.gradle.api.internal.tasks.testing.worker.TestWorker.processTestClass(TestWorker.java:109) [gradle-testing-base-4.0.jar:4.0]
	at sun.reflect.NativeMethodAccessorImpl.invoke0(Native Method) ~[na:1.8.0_131]
	at sun.reflect.NativeMethodAccessorImpl.invoke(NativeMethodAccessorImpl.java:62) ~[na:1.8.0_131]
	at sun.reflect.DelegatingMethodAccessorImpl.invoke(DelegatingMethodAccessorImpl.java:43) ~[na:1.8.0_131]
	at java.lang.reflect.Method.invoke(Method.java:498) ~[na:1.8.0_131]
	at org.gradle.internal.dispatch.ReflectionDispatch.dispatch(ReflectionDispatch.java:35) [gradle-messaging-4.0.jar:4.0]
	at org.gradle.internal.dispatch.ReflectionDispatch.dispatch(ReflectionDispatch.java:24) [gradle-messaging-4.0.jar:4.0]
	at org.gradle.internal.remote.internal.hub.MessageHubBackedObjectConnection$DispatchWrapper.dispatch(MessageHubBackedObjectConnection.java:146) [gradle-messaging-4.0.jar:4.0]
	at org.gradle.internal.remote.internal.hub.MessageHubBackedObjectConnection$DispatchWrapper.dispatch(MessageHubBackedObjectConnection.java:128) [gradle-messaging-4.0.jar:4.0]
	at org.gradle.internal.remote.internal.hub.MessageHub$Handler.run(MessageHub.java:404) [gradle-messaging-4.0.jar:4.0]
	at org.gradle.internal.concurrent.ExecutorPolicy$CatchAndRecordFailures.onExecute(ExecutorPolicy.java:63) [gradle-base-services-4.0.jar:4.0]
	at org.gradle.internal.concurrent.StoppableExecutorImpl$1.run(StoppableExecutorImpl.java:46) [gradle-base-services-4.0.jar:4.0]
	at java.util.concurrent.ThreadPoolExecutor.runWorker(ThreadPoolExecutor.java:1142) [na:1.8.0_131]
	at java.util.concurrent.ThreadPoolExecutor$Worker.run(ThreadPoolExecutor.java:617) [na:1.8.0_131]
	at org.gradle.internal.concurrent.ThreadFactoryImpl$ManagedThreadRunnable.run(ThreadFactoryImpl.java:55) [gradle-base-services-4.0.jar:4.0]
	at java.lang.Thread.run(Thread.java:748) [na:1.8.0_131]
Caused by: java.sql.SQLException: null
	at com.wp.shop.service.impl.OfferServiceImplTest.shouldThrowExceptionWhenCreatingOffer(OfferServiceImplTest.java:178) [test/:na]
	... 55 common frames omitted

2018-05-28 12:52:19.218  INFO 76571 --- [Test worker] c.wp.shop.service.impl.OfferServiceImpl  : Created offer [OfferDao {id=1001, product=ProductDao {id=1002, name='Name', price=100, currency='GBP'}, description='Description', price=100, currency='GBP', startDate=Mon May 28 13:00:36 BST 2018, endDate=Mon May 28 13:08:56 BST 2018, status=ACTIVE}]
2018-05-28 12:52:19.225  INFO 76571 --- [Test worker] c.wp.shop.service.impl.OfferServiceImpl  : Retrieved [1] offers with status [ACTIVE]
2018-05-28 12:52:19.228  INFO 76571 --- [Test worker] c.wp.shop.service.impl.OfferServiceImpl  : Retrieved offer [Offer {id=1001, productId=1002, description='Description', price=100, currency='GBP', startDate=Mon May 28 13:00:36 BST 2018, endDate=Mon May 28 13:08:56 BST 2018, status=ACTIVE}]
2018-05-28 12:52:19.230  INFO 76571 --- [Test worker] c.wp.shop.service.impl.OfferServiceImpl  : Retrieved [0] offers
2018-05-28 12:52:19.232  INFO 76571 --- [Test worker] c.wp.shop.service.impl.OfferServiceImpl  : Retrieved [1] offers
2018-05-28 12:52:19.236  INFO 76571 --- [Test worker] o.s.t.c.s.DefaultTestContextBootstrapper : Neither @ContextConfiguration nor @ContextHierarchy found for test class [com.wp.shop.exception.handler.HttpExceptionHandlerTest], using DelegatingSmartContextLoader
2018-05-28 12:52:19.237  INFO 76571 --- [Test worker] o.s.t.c.support.AbstractContextLoader    : Could not detect default resource locations for test class [com.wp.shop.exception.handler.HttpExceptionHandlerTest]: no resource found for suffixes {-context.xml}.
2018-05-28 12:52:19.237  INFO 76571 --- [Test worker] t.c.s.AnnotationConfigContextLoaderUtils : Could not detect default configuration classes for test class [com.wp.shop.exception.handler.HttpExceptionHandlerTest]: HttpExceptionHandlerTest does not declare any static, non-private, non-final, nested classes annotated with @Configuration.
2018-05-28 12:52:19.238  INFO 76571 --- [Test worker] o.s.t.c.s.DefaultTestContextBootstrapper : Loaded default TestExecutionListener class names from location [META-INF/spring.factories]: [org.springframework.boot.test.autoconfigure.restdocs.RestDocsTestExecutionListener, org.springframework.boot.test.autoconfigure.web.client.MockRestServiceServerResetTestExecutionListener, org.springframework.boot.test.autoconfigure.web.servlet.MockMvcPrintOnlyOnFailureTestExecutionListener, org.springframework.boot.test.autoconfigure.web.servlet.WebDriverTestExecutionListener, org.springframework.boot.test.mock.mockito.MockitoTestExecutionListener, org.springframework.boot.test.mock.mockito.ResetMocksTestExecutionListener, org.springframework.test.context.web.ServletTestExecutionListener, org.springframework.test.context.support.DirtiesContextBeforeModesTestExecutionListener, org.springframework.test.context.support.DependencyInjectionTestExecutionListener, org.springframework.test.context.support.DirtiesContextTestExecutionListener, org.springframework.test.context.transaction.TransactionalTestExecutionListener, org.springframework.test.context.jdbc.SqlScriptsTestExecutionListener]
2018-05-28 12:52:19.239  INFO 76571 --- [Test worker] o.s.t.c.s.DefaultTestContextBootstrapper : Using TestExecutionListeners: [org.springframework.test.context.web.ServletTestExecutionListener@5e5406ca, org.springframework.test.context.support.DirtiesContextBeforeModesTestExecutionListener@64939f64, org.springframework.boot.test.mock.mockito.MockitoTestExecutionListener@31208dac, org.springframework.test.context.support.DependencyInjectionTestExecutionListener@384ab1ac, org.springframework.test.context.support.DirtiesContextTestExecutionListener@46d68239, org.springframework.test.context.transaction.TransactionalTestExecutionListener@3ec64d38, org.springframework.test.context.jdbc.SqlScriptsTestExecutionListener@b3efaa1, org.springframework.boot.test.autoconfigure.restdocs.RestDocsTestExecutionListener@6694edbb, org.springframework.boot.test.autoconfigure.web.client.MockRestServiceServerResetTestExecutionListener@14216c1a, org.springframework.boot.test.autoconfigure.web.servlet.MockMvcPrintOnlyOnFailureTestExecutionListener@18024c2b, org.springframework.boot.test.autoconfigure.web.servlet.WebDriverTestExecutionListener@64154678, org.springframework.boot.test.mock.mockito.ResetMocksTestExecutionListener@252d8674]
2018-05-28 12:52:19.461 ERROR 76571 --- [Test worker] c.w.s.e.handler.HttpExceptionHandler     : Conflict exception encountered: error
2018-05-28 12:52:19.464 ERROR 76571 --- [Test worker] c.w.s.e.handler.HttpExceptionHandler     : Method argument type mismatch exception encountered: mismatch error
2018-05-28 12:52:19.467 ERROR 76571 --- [Test worker] c.w.s.e.handler.HttpExceptionHandler     : Method argument not valid exception encountered: null
2018-05-28 12:52:19.469 ERROR 76571 --- [Test worker] c.w.s.e.handler.HttpExceptionHandler     : Generic exception encountered

java.lang.Exception: error
	at com.wp.shop.exception.handler.HttpExceptionHandlerTest.shouldHandleGenericException(HttpExceptionHandlerTest.java:102) [test/:na]
	at sun.reflect.NativeMethodAccessorImpl.invoke0(Native Method) ~[na:1.8.0_131]
	at sun.reflect.NativeMethodAccessorImpl.invoke(NativeMethodAccessorImpl.java:62) ~[na:1.8.0_131]
	at sun.reflect.DelegatingMethodAccessorImpl.invoke(DelegatingMethodAccessorImpl.java:43) ~[na:1.8.0_131]
	at java.lang.reflect.Method.invoke(Method.java:498) ~[na:1.8.0_131]
	at org.junit.runners.model.FrameworkMethod$1.runReflectiveCall(FrameworkMethod.java:50) [junit-4.12.jar:4.12]
	at org.junit.internal.runners.model.ReflectiveCallable.run(ReflectiveCallable.java:12) [junit-4.12.jar:4.12]
	at org.junit.runners.model.FrameworkMethod.invokeExplosively(FrameworkMethod.java:47) [junit-4.12.jar:4.12]
	at org.junit.internal.runners.statements.InvokeMethod.evaluate(InvokeMethod.java:17) [junit-4.12.jar:4.12]
	at org.springframework.test.context.junit4.statements.RunBeforeTestExecutionCallbacks.evaluate(RunBeforeTestExecutionCallbacks.java:73) [spring-test-5.0.6.RELEASE.jar:5.0.6.RELEASE]
	at org.springframework.test.context.junit4.statements.RunAfterTestExecutionCallbacks.evaluate(RunAfterTestExecutionCallbacks.java:83) [spring-test-5.0.6.RELEASE.jar:5.0.6.RELEASE]
	at org.springframework.test.context.junit4.statements.RunBeforeTestMethodCallbacks.evaluate(RunBeforeTestMethodCallbacks.java:75) [spring-test-5.0.6.RELEASE.jar:5.0.6.RELEASE]
	at org.springframework.test.context.junit4.statements.RunAfterTestMethodCallbacks.evaluate(RunAfterTestMethodCallbacks.java:86) [spring-test-5.0.6.RELEASE.jar:5.0.6.RELEASE]
	at org.springframework.test.context.junit4.statements.SpringRepeat.evaluate(SpringRepeat.java:84) [spring-test-5.0.6.RELEASE.jar:5.0.6.RELEASE]
	at org.junit.runners.ParentRunner.runLeaf(ParentRunner.java:325) [junit-4.12.jar:4.12]
	at org.springframework.test.context.junit4.SpringJUnit4ClassRunner.runChild(SpringJUnit4ClassRunner.java:251) [spring-test-5.0.6.RELEASE.jar:5.0.6.RELEASE]
	at org.springframework.test.context.junit4.SpringJUnit4ClassRunner.runChild(SpringJUnit4ClassRunner.java:97) [spring-test-5.0.6.RELEASE.jar:5.0.6.RELEASE]
	at org.junit.runners.ParentRunner$3.run(ParentRunner.java:290) [junit-4.12.jar:4.12]
	at org.junit.runners.ParentRunner$1.schedule(ParentRunner.java:71) [junit-4.12.jar:4.12]
	at org.junit.runners.ParentRunner.runChildren(ParentRunner.java:288) [junit-4.12.jar:4.12]
	at org.junit.runners.ParentRunner.access$000(ParentRunner.java:58) [junit-4.12.jar:4.12]
	at org.junit.runners.ParentRunner$2.evaluate(ParentRunner.java:268) [junit-4.12.jar:4.12]
	at org.springframework.test.context.junit4.statements.RunBeforeTestClassCallbacks.evaluate(RunBeforeTestClassCallbacks.java:61) [spring-test-5.0.6.RELEASE.jar:5.0.6.RELEASE]
	at org.springframework.test.context.junit4.statements.RunAfterTestClassCallbacks.evaluate(RunAfterTestClassCallbacks.java:70) [spring-test-5.0.6.RELEASE.jar:5.0.6.RELEASE]
	at org.junit.runners.ParentRunner.run(ParentRunner.java:363) [junit-4.12.jar:4.12]
	at org.springframework.test.context.junit4.SpringJUnit4ClassRunner.run(SpringJUnit4ClassRunner.java:190) [spring-test-5.0.6.RELEASE.jar:5.0.6.RELEASE]
	at org.gradle.api.internal.tasks.testing.junit.JUnitTestClassExecuter.runTestClass(JUnitTestClassExecuter.java:114) [gradle-testing-jvm-4.0.jar:4.0]
	at org.gradle.api.internal.tasks.testing.junit.JUnitTestClassExecuter.execute(JUnitTestClassExecuter.java:57) [gradle-testing-jvm-4.0.jar:4.0]
	at org.gradle.api.internal.tasks.testing.junit.JUnitTestClassProcessor.processTestClass(JUnitTestClassProcessor.java:66) [gradle-testing-jvm-4.0.jar:4.0]
	at org.gradle.api.internal.tasks.testing.SuiteTestClassProcessor.processTestClass(SuiteTestClassProcessor.java:51) [gradle-testing-base-4.0.jar:4.0]
	at sun.reflect.NativeMethodAccessorImpl.invoke0(Native Method) ~[na:1.8.0_131]
	at sun.reflect.NativeMethodAccessorImpl.invoke(NativeMethodAccessorImpl.java:62) ~[na:1.8.0_131]
	at sun.reflect.DelegatingMethodAccessorImpl.invoke(DelegatingMethodAccessorImpl.java:43) ~[na:1.8.0_131]
	at java.lang.reflect.Method.invoke(Method.java:498) ~[na:1.8.0_131]
	at org.gradle.internal.dispatch.ReflectionDispatch.dispatch(ReflectionDispatch.java:35) [gradle-messaging-4.0.jar:4.0]
	at org.gradle.internal.dispatch.ReflectionDispatch.dispatch(ReflectionDispatch.java:24) [gradle-messaging-4.0.jar:4.0]
	at org.gradle.internal.dispatch.ContextClassLoaderDispatch.dispatch(ContextClassLoaderDispatch.java:32) [gradle-messaging-4.0.jar:4.0]
	at org.gradle.internal.dispatch.ProxyDispatchAdapter$DispatchingInvocationHandler.invoke(ProxyDispatchAdapter.java:93) [gradle-messaging-4.0.jar:4.0]
	at com.sun.proxy.$Proxy1.processTestClass(Unknown Source) [na:na]
	at org.gradle.api.internal.tasks.testing.worker.TestWorker.processTestClass(TestWorker.java:109) [gradle-testing-base-4.0.jar:4.0]
	at sun.reflect.NativeMethodAccessorImpl.invoke0(Native Method) ~[na:1.8.0_131]
	at sun.reflect.NativeMethodAccessorImpl.invoke(NativeMethodAccessorImpl.java:62) ~[na:1.8.0_131]
	at sun.reflect.DelegatingMethodAccessorImpl.invoke(DelegatingMethodAccessorImpl.java:43) ~[na:1.8.0_131]
	at java.lang.reflect.Method.invoke(Method.java:498) ~[na:1.8.0_131]
	at org.gradle.internal.dispatch.ReflectionDispatch.dispatch(ReflectionDispatch.java:35) [gradle-messaging-4.0.jar:4.0]
	at org.gradle.internal.dispatch.ReflectionDispatch.dispatch(ReflectionDispatch.java:24) [gradle-messaging-4.0.jar:4.0]
	at org.gradle.internal.remote.internal.hub.MessageHubBackedObjectConnection$DispatchWrapper.dispatch(MessageHubBackedObjectConnection.java:146) [gradle-messaging-4.0.jar:4.0]
	at org.gradle.internal.remote.internal.hub.MessageHubBackedObjectConnection$DispatchWrapper.dispatch(MessageHubBackedObjectConnection.java:128) [gradle-messaging-4.0.jar:4.0]
	at org.gradle.internal.remote.internal.hub.MessageHub$Handler.run(MessageHub.java:404) [gradle-messaging-4.0.jar:4.0]
	at org.gradle.internal.concurrent.ExecutorPolicy$CatchAndRecordFailures.onExecute(ExecutorPolicy.java:63) [gradle-base-services-4.0.jar:4.0]
	at org.gradle.internal.concurrent.StoppableExecutorImpl$1.run(StoppableExecutorImpl.java:46) [gradle-base-services-4.0.jar:4.0]
	at java.util.concurrent.ThreadPoolExecutor.runWorker(ThreadPoolExecutor.java:1142) [na:1.8.0_131]
	at java.util.concurrent.ThreadPoolExecutor$Worker.run(ThreadPoolExecutor.java:617) [na:1.8.0_131]
	at org.gradle.internal.concurrent.ThreadFactoryImpl$ManagedThreadRunnable.run(ThreadFactoryImpl.java:55) [gradle-base-services-4.0.jar:4.0]
	at java.lang.Thread.run(Thread.java:748) [na:1.8.0_131]

2018-05-28 12:52:19.489 ERROR 76571 --- [Test worker] c.w.s.e.handler.HttpExceptionHandler     : Bad request exception encountered: error
2018-05-28 12:52:19.491 ERROR 76571 --- [Test worker] c.w.s.e.handler.HttpExceptionHandler     : Not found exception encountered: error
2018-05-28 12:52:19.497  INFO 76571 --- [Thread-5] o.s.w.c.s.GenericWebApplicationContext   : Closing org.springframework.web.context.support.GenericWebApplicationContext@56e16891: startup date [Mon May 28 12:52:11 BST 2018]; root of context hierarchy
2018-05-28 12:52:19.496  INFO 76571 --- [Thread-7] o.s.w.c.s.GenericWebApplicationContext   : Closing org.springframework.web.context.support.GenericWebApplicationContext@4c67a480: startup date [Mon May 28 12:52:16 BST 2018]; root of context hierarchy
2018-05-28 12:52:19.496  INFO 76571 --- [Thread-8] o.s.c.support.GenericApplicationContext  : Closing org.springframework.context.support.GenericApplicationContext@ae67944: startup date [Mon May 28 12:52:19 BST 2018]; root of context hierarchy
2018-05-28 12:52:19.500  INFO 76571 --- [Thread-7] o.s.c.support.DefaultLifecycleProcessor  : Stopping beans in phase 2147483647
2018-05-28 12:52:19.500  INFO 76571 --- [Thread-5] o.s.c.support.DefaultLifecycleProcessor  : Stopping beans in phase 2147483647
2018-05-28 12:52:19.508  INFO 76571 --- [Thread-5] j.LocalContainerEntityManagerFactoryBean : Closing JPA EntityManagerFactory for persistence unit 'default'
2018-05-28 12:52:19.508  INFO 76571 --- [Thread-5] .SchemaDropperImpl$DelayedDropActionImpl : HHH000477: Starting delayed drop of schema as part of SessionFactory shut-down'
2018-05-28 12:52:19.513  INFO 76571 --- [Thread-7] j.LocalContainerEntityManagerFactoryBean : Closing JPA EntityManagerFactory for persistence unit 'default'
2018-05-28 12:52:19.513  INFO 76571 --- [Thread-7] .SchemaDropperImpl$DelayedDropActionImpl : HHH000477: Starting delayed drop of schema as part of SessionFactory shut-down'
2018-05-28 12:52:19.516  INFO 76571 --- [Thread-7] com.zaxxer.hikari.HikariDataSource       : HikariPool-2 - Shutdown initiated...
2018-05-28 12:52:19.517  INFO 76571 --- [Thread-5] com.zaxxer.hikari.HikariDataSource       : HikariPool-1 - Shutdown initiated...
2018-05-28 12:52:19.522  INFO 76571 --- [Thread-5] com.zaxxer.hikari.HikariDataSource       : HikariPool-1 - Shutdown completed.
2018-05-28 12:52:19.522  INFO 76571 --- [Thread-7] com.zaxxer.hikari.HikariDataSource       : HikariPool-2 - Shutdown completed.
2018-05-28 12:52:56.705  INFO 76659 --- [Test worker] c.w.shop.repository.OfferRepositoryTest  : Starting OfferRepositoryTest on Mihais-MBP-2 with PID 76659 (started by manghel in /Users/manghel/Downloads/shop)
2018-05-28 12:52:56.707  INFO 76659 --- [Test worker] c.w.shop.repository.OfferRepositoryTest  : No active profile set, falling back to default profiles: default
2018-05-28 12:52:56.768  INFO 76659 --- [Test worker] o.s.w.c.s.GenericWebApplicationContext   : Refreshing org.springframework.web.context.support.GenericWebApplicationContext@24bf4438: startup date [Mon May 28 12:52:56 BST 2018]; root of context hierarchy
2018-05-28 12:52:58.066  INFO 76659 --- [Test worker] trationDelegate$BeanPostProcessorChecker : Bean 'org.springframework.transaction.annotation.ProxyTransactionManagementConfiguration' of type [org.springframework.transaction.annotation.ProxyTransactionManagementConfiguration$$EnhancerBySpringCGLIB$$9826d4f5] is not eligible for getting processed by all BeanPostProcessors (for example: not eligible for auto-proxying)
2018-05-28 12:52:58.364  INFO 76659 --- [Test worker] com.zaxxer.hikari.HikariDataSource       : HikariPool-1 - Starting...
2018-05-28 12:52:58.518  INFO 76659 --- [Test worker] com.zaxxer.hikari.HikariDataSource       : HikariPool-1 - Start completed.
2018-05-28 12:52:58.569  INFO 76659 --- [Test worker] j.LocalContainerEntityManagerFactoryBean : Building JPA container EntityManagerFactory for persistence unit 'default'
2018-05-28 12:52:58.589  INFO 76659 --- [Test worker] o.hibernate.jpa.internal.util.LogHelper  : HHH000204: Processing PersistenceUnitInfo [
	name: default
	...]
2018-05-28 12:52:58.664  INFO 76659 --- [Test worker] org.hibernate.Version                    : HHH000412: Hibernate Core {5.2.17.Final}
2018-05-28 12:52:58.666  INFO 76659 --- [Test worker] org.hibernate.cfg.Environment            : HHH000206: hibernate.properties not found
2018-05-28 12:52:58.722  INFO 76659 --- [Test worker] o.hibernate.annotations.common.Version   : HCANN000001: Hibernate Commons Annotations {5.0.1.Final}
2018-05-28 12:52:58.839  INFO 76659 --- [Test worker] org.hibernate.dialect.Dialect            : HHH000400: Using dialect: org.hibernate.dialect.H2Dialect
2018-05-28 12:52:59.326  INFO 76659 --- [Test worker] o.h.t.schema.internal.SchemaCreatorImpl  : HHH000476: Executing import script 'org.hibernate.tool.schema.internal.exec.ScriptSourceInputNonExistentImpl@73ba5bf6'
2018-05-28 12:52:59.329  INFO 76659 --- [Test worker] j.LocalContainerEntityManagerFactoryBean : Initialized JPA EntityManagerFactory for persistence unit 'default'
2018-05-28 12:52:59.399  INFO 76659 --- [Test worker] o.s.jdbc.datasource.init.ScriptUtils     : Executing SQL script from URL [file:/Users/manghel/Downloads/shop/build/resources/main/data.sql]
2018-05-28 12:52:59.407  INFO 76659 --- [Test worker] o.s.jdbc.datasource.init.ScriptUtils     : Executed SQL script from URL [file:/Users/manghel/Downloads/shop/build/resources/main/data.sql] in 8 ms.
2018-05-28 12:52:59.673  INFO 76659 --- [Test worker] o.h.h.i.QueryTranslatorFactoryInitiator  : HHH000397: Using ASTQueryTranslatorFactory
2018-05-28 12:53:00.133  WARN 76659 --- [Test worker] aWebConfiguration$JpaWebMvcConfiguration : spring.jpa.open-in-view is enabled by default. Therefore, database queries may be performed during view rendering. Explicitly configure spring.jpa.open-in-view to disable this warning
2018-05-28 12:53:00.220  INFO 76659 --- [Test worker] s.w.s.m.m.a.RequestMappingHandlerMapping : Mapped "{[/offers/{id}],methods=[PUT]}" onto public java.lang.Long com.wp.shop.controller.OfferController.cancelOffer(java.lang.Long)
2018-05-28 12:53:00.222  INFO 76659 --- [Test worker] s.w.s.m.m.a.RequestMappingHandlerMapping : Mapped "{[/offers],methods=[POST],consumes=[application/json]}" onto public java.lang.Long com.wp.shop.controller.OfferController.createOffer(com.wp.shop.model.transfer.OfferDto)
2018-05-28 12:53:00.223  INFO 76659 --- [Test worker] s.w.s.m.m.a.RequestMappingHandlerMapping : Mapped "{[/offers],methods=[GET],produces=[application/json]}" onto public java.util.Collection<com.wp.shop.model.transfer.OfferDto> com.wp.shop.controller.OfferController.getOffers(com.wp.shop.util.Status)
2018-05-28 12:53:00.223  INFO 76659 --- [Test worker] s.w.s.m.m.a.RequestMappingHandlerMapping : Mapped "{[/offers/{id}],methods=[GET],produces=[application/json]}" onto public com.wp.shop.model.transfer.OfferDto com.wp.shop.controller.OfferController.getOfferById(java.lang.Long)
2018-05-28 12:53:00.224  INFO 76659 --- [Test worker] s.w.s.m.m.a.RequestMappingHandlerMapping : Mapped "{[/products],methods=[GET],produces=[application/json]}" onto public java.util.Collection<com.wp.shop.model.transfer.ProductDto> com.wp.shop.controller.ProductController.getProducts()
2018-05-28 12:53:00.225  INFO 76659 --- [Test worker] s.w.s.m.m.a.RequestMappingHandlerMapping : Mapped "{[/products],methods=[POST],consumes=[application/json]}" onto public java.lang.Long com.wp.shop.controller.ProductController.createProduct(com.wp.shop.model.transfer.ProductDto)
2018-05-28 12:53:00.229  INFO 76659 --- [Test worker] s.w.s.m.m.a.RequestMappingHandlerMapping : Mapped "{[/swagger-resources/configuration/ui]}" onto public org.springframework.http.ResponseEntity<springfox.documentation.swagger.web.UiConfiguration> springfox.documentation.swagger.web.ApiResourceController.uiConfiguration()
2018-05-28 12:53:00.229  INFO 76659 --- [Test worker] s.w.s.m.m.a.RequestMappingHandlerMapping : Mapped "{[/swagger-resources/configuration/security]}" onto public org.springframework.http.ResponseEntity<springfox.documentation.swagger.web.SecurityConfiguration> springfox.documentation.swagger.web.ApiResourceController.securityConfiguration()
2018-05-28 12:53:00.230  INFO 76659 --- [Test worker] s.w.s.m.m.a.RequestMappingHandlerMapping : Mapped "{[/swagger-resources]}" onto public org.springframework.http.ResponseEntity<java.util.List<springfox.documentation.swagger.web.SwaggerResource>> springfox.documentation.swagger.web.ApiResourceController.swaggerResources()
2018-05-28 12:53:00.235  INFO 76659 --- [Test worker] s.w.s.m.m.a.RequestMappingHandlerMapping : Mapped "{[/error]}" onto public org.springframework.http.ResponseEntity<java.util.Map<java.lang.String, java.lang.Object>> org.springframework.boot.autoconfigure.web.servlet.error.BasicErrorController.error(javax.servlet.http.HttpServletRequest)
2018-05-28 12:53:00.236  INFO 76659 --- [Test worker] s.w.s.m.m.a.RequestMappingHandlerMapping : Mapped "{[/error],produces=[text/html]}" onto public org.springframework.web.servlet.ModelAndView org.springframework.boot.autoconfigure.web.servlet.error.BasicErrorController.errorHtml(javax.servlet.http.HttpServletRequest,javax.servlet.http.HttpServletResponse)
2018-05-28 12:53:00.355  INFO 76659 --- [Test worker] pertySourcedRequestMappingHandlerMapping : Mapped URL path [/v2/api-docs] onto method [public org.springframework.http.ResponseEntity<springfox.documentation.spring.web.json.Json> springfox.documentation.swagger2.web.Swagger2Controller.getDocumentation(java.lang.String,javax.servlet.http.HttpServletRequest)]
2018-05-28 12:53:00.734  INFO 76659 --- [Test worker] o.s.w.s.handler.SimpleUrlHandlerMapping  : Mapped URL path [/**/favicon.ico] onto handler of type [class org.springframework.web.servlet.resource.ResourceHttpRequestHandler]
2018-05-28 12:53:01.041  INFO 76659 --- [Test worker] s.w.s.m.m.a.RequestMappingHandlerAdapter : Looking for @ControllerAdvice: org.springframework.web.context.support.GenericWebApplicationContext@24bf4438: startup date [Mon May 28 12:52:56 BST 2018]; root of context hierarchy
2018-05-28 12:53:01.132  INFO 76659 --- [Test worker] o.s.w.s.handler.SimpleUrlHandlerMapping  : Mapped URL path [/webjars/**] onto handler of type [class org.springframework.web.servlet.resource.ResourceHttpRequestHandler]
2018-05-28 12:53:01.132  INFO 76659 --- [Test worker] o.s.w.s.handler.SimpleUrlHandlerMapping  : Mapped URL path [/**] onto handler of type [class org.springframework.web.servlet.resource.ResourceHttpRequestHandler]
2018-05-28 12:53:01.146  INFO 76659 --- [Test worker] .m.m.a.ExceptionHandlerExceptionResolver : Detected @ExceptionHandler methods in httpExceptionHandler
2018-05-28 12:53:01.623  INFO 76659 --- [Test worker] o.s.c.support.DefaultLifecycleProcessor  : Starting beans in phase 2147483647
2018-05-28 12:53:01.623  INFO 76659 --- [Test worker] d.s.w.p.DocumentationPluginsBootstrapper : Context refreshed
2018-05-28 12:53:01.643  INFO 76659 --- [Test worker] d.s.w.p.DocumentationPluginsBootstrapper : Found 1 custom documentation plugin(s)
2018-05-28 12:53:01.684  INFO 76659 --- [Test worker] s.d.s.w.s.ApiListingReferenceScanner     : Scanning for api listing references
2018-05-28 12:53:01.914  INFO 76659 --- [Test worker] s.a.ScheduledAnnotationBeanPostProcessor : No TaskScheduler/ScheduledExecutorService bean found for scheduled processing
2018-05-28 12:53:01.925  INFO 76659 --- [Test worker] c.w.shop.repository.OfferRepositoryTest  : Started OfferRepositoryTest in 5.503 seconds (JVM running for 6.58)
2018-05-28 12:53:02.192  INFO 76659 --- [Test worker] .b.t.c.SpringBootTestContextBootstrapper : Neither @ContextConfiguration nor @ContextHierarchy found for test class [com.wp.shop.controller.OfferControllerTest], using SpringBootContextLoader
2018-05-28 12:53:02.194  INFO 76659 --- [Test worker] o.s.t.c.support.AbstractContextLoader    : Could not detect default resource locations for test class [com.wp.shop.controller.OfferControllerTest]: no resource found for suffixes {-context.xml, Context.groovy}.
2018-05-28 12:53:02.195  INFO 76659 --- [Test worker] t.c.s.AnnotationConfigContextLoaderUtils : Could not detect default configuration classes for test class [com.wp.shop.controller.OfferControllerTest]: OfferControllerTest does not declare any static, non-private, non-final, nested classes annotated with @Configuration.
2018-05-28 12:53:02.208  INFO 76659 --- [Test worker] .b.t.c.SpringBootTestContextBootstrapper : Found @SpringBootConfiguration com.wp.shop.ShopApplication for test class com.wp.shop.controller.OfferControllerTest
2018-05-28 12:53:02.210  INFO 76659 --- [Test worker] .b.t.c.SpringBootTestContextBootstrapper : Loaded default TestExecutionListener class names from location [META-INF/spring.factories]: [org.springframework.boot.test.autoconfigure.restdocs.RestDocsTestExecutionListener, org.springframework.boot.test.autoconfigure.web.client.MockRestServiceServerResetTestExecutionListener, org.springframework.boot.test.autoconfigure.web.servlet.MockMvcPrintOnlyOnFailureTestExecutionListener, org.springframework.boot.test.autoconfigure.web.servlet.WebDriverTestExecutionListener, org.springframework.boot.test.mock.mockito.MockitoTestExecutionListener, org.springframework.boot.test.mock.mockito.ResetMocksTestExecutionListener, org.springframework.test.context.web.ServletTestExecutionListener, org.springframework.test.context.support.DirtiesContextBeforeModesTestExecutionListener, org.springframework.test.context.support.DependencyInjectionTestExecutionListener, org.springframework.test.context.support.DirtiesContextTestExecutionListener, org.springframework.test.context.transaction.TransactionalTestExecutionListener, org.springframework.test.context.jdbc.SqlScriptsTestExecutionListener]
2018-05-28 12:53:02.210  INFO 76659 --- [Test worker] .b.t.c.SpringBootTestContextBootstrapper : Using TestExecutionListeners: [org.springframework.test.context.web.ServletTestExecutionListener@19fe4545, org.springframework.test.context.support.DirtiesContextBeforeModesTestExecutionListener@2888a25f, org.springframework.boot.test.mock.mockito.MockitoTestExecutionListener@4ecf852b, org.springframework.boot.test.autoconfigure.SpringBootDependencyInjectionTestExecutionListener@1e936253, org.springframework.test.context.support.DirtiesContextTestExecutionListener@75acc8a9, org.springframework.test.context.transaction.TransactionalTestExecutionListener@185b0619, org.springframework.test.context.jdbc.SqlScriptsTestExecutionListener@2a8f3ee4, org.springframework.boot.test.autoconfigure.restdocs.RestDocsTestExecutionListener@2f0b401c, org.springframework.boot.test.autoconfigure.web.client.MockRestServiceServerResetTestExecutionListener@3cf12cd4, org.springframework.boot.test.autoconfigure.web.servlet.MockMvcPrintOnlyOnFailureTestExecutionListener@7c5a8e9d, org.springframework.boot.test.autoconfigure.web.servlet.WebDriverTestExecutionListener@2f71f7ec, org.springframework.boot.test.mock.mockito.ResetMocksTestExecutionListener@5a0f49be]
2018-05-28 12:53:02.234  INFO 76659 --- [Test worker] c.w.shop.controller.OfferControllerTest  : Starting OfferControllerTest on Mihais-MBP-2 with PID 76659 (started by manghel in /Users/manghel/Downloads/shop)
2018-05-28 12:53:02.234  INFO 76659 --- [Test worker] c.w.shop.controller.OfferControllerTest  : No active profile set, falling back to default profiles: default
2018-05-28 12:53:02.236  INFO 76659 --- [Test worker] o.s.w.c.s.GenericWebApplicationContext   : Refreshing org.springframework.web.context.support.GenericWebApplicationContext@4131d702: startup date [Mon May 28 12:53:02 BST 2018]; root of context hierarchy
2018-05-28 12:53:02.590  INFO 76659 --- [Test worker] trationDelegate$BeanPostProcessorChecker : Bean 'org.springframework.transaction.annotation.ProxyTransactionManagementConfiguration' of type [org.springframework.transaction.annotation.ProxyTransactionManagementConfiguration$$EnhancerBySpringCGLIB$$9826d4f5] is not eligible for getting processed by all BeanPostProcessors (for example: not eligible for auto-proxying)
2018-05-28 12:53:02.706  INFO 76659 --- [Test worker] com.zaxxer.hikari.HikariDataSource       : HikariPool-2 - Starting...
2018-05-28 12:53:02.707  INFO 76659 --- [Test worker] com.zaxxer.hikari.HikariDataSource       : HikariPool-2 - Start completed.
2018-05-28 12:53:02.727  INFO 76659 --- [Test worker] j.LocalContainerEntityManagerFactoryBean : Building JPA container EntityManagerFactory for persistence unit 'default'
2018-05-28 12:53:02.728  INFO 76659 --- [Test worker] o.hibernate.jpa.internal.util.LogHelper  : HHH000204: Processing PersistenceUnitInfo [
	name: default
	...]
2018-05-28 12:53:02.735  INFO 76659 --- [Test worker] org.hibernate.dialect.Dialect            : HHH000400: Using dialect: org.hibernate.dialect.H2Dialect
2018-05-28 12:53:02.776  INFO 76659 --- [Test worker] o.h.t.schema.internal.SchemaCreatorImpl  : HHH000476: Executing import script 'org.hibernate.tool.schema.internal.exec.ScriptSourceInputNonExistentImpl@73ba5bf6'
2018-05-28 12:53:02.776  INFO 76659 --- [Test worker] j.LocalContainerEntityManagerFactoryBean : Initialized JPA EntityManagerFactory for persistence unit 'default'
2018-05-28 12:53:02.812  INFO 76659 --- [Test worker] o.s.jdbc.datasource.init.ScriptUtils     : Executing SQL script from URL [file:/Users/manghel/Downloads/shop/build/resources/main/data.sql]
2018-05-28 12:53:02.816  INFO 76659 --- [Test worker] o.s.jdbc.datasource.init.ScriptUtils     : Executed SQL script from URL [file:/Users/manghel/Downloads/shop/build/resources/main/data.sql] in 3 ms.
2018-05-28 12:53:02.841  INFO 76659 --- [Test worker] o.h.h.i.QueryTranslatorFactoryInitiator  : HHH000397: Using ASTQueryTranslatorFactory
2018-05-28 12:53:03.030  WARN 76659 --- [Test worker] aWebConfiguration$JpaWebMvcConfiguration : spring.jpa.open-in-view is enabled by default. Therefore, database queries may be performed during view rendering. Explicitly configure spring.jpa.open-in-view to disable this warning
2018-05-28 12:53:03.053  INFO 76659 --- [Test worker] s.w.s.m.m.a.RequestMappingHandlerMapping : Mapped "{[/offers/{id}],methods=[PUT]}" onto public java.lang.Long com.wp.shop.controller.OfferController.cancelOffer(java.lang.Long)
2018-05-28 12:53:03.053  INFO 76659 --- [Test worker] s.w.s.m.m.a.RequestMappingHandlerMapping : Mapped "{[/offers],methods=[POST],consumes=[application/json]}" onto public java.lang.Long com.wp.shop.controller.OfferController.createOffer(com.wp.shop.model.transfer.OfferDto)
2018-05-28 12:53:03.054  INFO 76659 --- [Test worker] s.w.s.m.m.a.RequestMappingHandlerMapping : Mapped "{[/offers],methods=[GET],produces=[application/json]}" onto public java.util.Collection<com.wp.shop.model.transfer.OfferDto> com.wp.shop.controller.OfferController.getOffers(com.wp.shop.util.Status)
2018-05-28 12:53:03.054  INFO 76659 --- [Test worker] s.w.s.m.m.a.RequestMappingHandlerMapping : Mapped "{[/offers/{id}],methods=[GET],produces=[application/json]}" onto public com.wp.shop.model.transfer.OfferDto com.wp.shop.controller.OfferController.getOfferById(java.lang.Long)
2018-05-28 12:53:03.055  INFO 76659 --- [Test worker] s.w.s.m.m.a.RequestMappingHandlerMapping : Mapped "{[/products],methods=[GET],produces=[application/json]}" onto public java.util.Collection<com.wp.shop.model.transfer.ProductDto> com.wp.shop.controller.ProductController.getProducts()
2018-05-28 12:53:03.055  INFO 76659 --- [Test worker] s.w.s.m.m.a.RequestMappingHandlerMapping : Mapped "{[/products],methods=[POST],consumes=[application/json]}" onto public java.lang.Long com.wp.shop.controller.ProductController.createProduct(com.wp.shop.model.transfer.ProductDto)
2018-05-28 12:53:03.057  INFO 76659 --- [Test worker] s.w.s.m.m.a.RequestMappingHandlerMapping : Mapped "{[/swagger-resources/configuration/ui]}" onto public org.springframework.http.ResponseEntity<springfox.documentation.swagger.web.UiConfiguration> springfox.documentation.swagger.web.ApiResourceController.uiConfiguration()
2018-05-28 12:53:03.057  INFO 76659 --- [Test worker] s.w.s.m.m.a.RequestMappingHandlerMapping : Mapped "{[/swagger-resources/configuration/security]}" onto public org.springframework.http.ResponseEntity<springfox.documentation.swagger.web.SecurityConfiguration> springfox.documentation.swagger.web.ApiResourceController.securityConfiguration()
2018-05-28 12:53:03.057  INFO 76659 --- [Test worker] s.w.s.m.m.a.RequestMappingHandlerMapping : Mapped "{[/swagger-resources]}" onto public org.springframework.http.ResponseEntity<java.util.List<springfox.documentation.swagger.web.SwaggerResource>> springfox.documentation.swagger.web.ApiResourceController.swaggerResources()
2018-05-28 12:53:03.059  INFO 76659 --- [Test worker] s.w.s.m.m.a.RequestMappingHandlerMapping : Mapped "{[/error]}" onto public org.springframework.http.ResponseEntity<java.util.Map<java.lang.String, java.lang.Object>> org.springframework.boot.autoconfigure.web.servlet.error.BasicErrorController.error(javax.servlet.http.HttpServletRequest)
2018-05-28 12:53:03.059  INFO 76659 --- [Test worker] s.w.s.m.m.a.RequestMappingHandlerMapping : Mapped "{[/error],produces=[text/html]}" onto public org.springframework.web.servlet.ModelAndView org.springframework.boot.autoconfigure.web.servlet.error.BasicErrorController.errorHtml(javax.servlet.http.HttpServletRequest,javax.servlet.http.HttpServletResponse)
2018-05-28 12:53:03.128  INFO 76659 --- [Test worker] pertySourcedRequestMappingHandlerMapping : Mapped URL path [/v2/api-docs] onto method [public org.springframework.http.ResponseEntity<springfox.documentation.spring.web.json.Json> springfox.documentation.swagger2.web.Swagger2Controller.getDocumentation(java.lang.String,javax.servlet.http.HttpServletRequest)]
2018-05-28 12:53:03.222  INFO 76659 --- [Test worker] o.s.w.s.handler.SimpleUrlHandlerMapping  : Mapped URL path [/**/favicon.ico] onto handler of type [class org.springframework.web.servlet.resource.ResourceHttpRequestHandler]
2018-05-28 12:53:03.294  INFO 76659 --- [Test worker] s.w.s.m.m.a.RequestMappingHandlerAdapter : Looking for @ControllerAdvice: org.springframework.web.context.support.GenericWebApplicationContext@4131d702: startup date [Mon May 28 12:53:02 BST 2018]; root of context hierarchy
2018-05-28 12:53:03.318  INFO 76659 --- [Test worker] o.s.w.s.handler.SimpleUrlHandlerMapping  : Mapped URL path [/webjars/**] onto handler of type [class org.springframework.web.servlet.resource.ResourceHttpRequestHandler]
2018-05-28 12:53:03.319  INFO 76659 --- [Test worker] o.s.w.s.handler.SimpleUrlHandlerMapping  : Mapped URL path [/**] onto handler of type [class org.springframework.web.servlet.resource.ResourceHttpRequestHandler]
2018-05-28 12:53:03.326  INFO 76659 --- [Test worker] .m.m.a.ExceptionHandlerExceptionResolver : Detected @ExceptionHandler methods in httpExceptionHandler
2018-05-28 12:53:03.464  INFO 76659 --- [Test worker] o.s.c.support.DefaultLifecycleProcessor  : Starting beans in phase 2147483647
2018-05-28 12:53:03.464  INFO 76659 --- [Test worker] d.s.w.p.DocumentationPluginsBootstrapper : Context refreshed
2018-05-28 12:53:03.465  INFO 76659 --- [Test worker] d.s.w.p.DocumentationPluginsBootstrapper : Found 1 custom documentation plugin(s)
2018-05-28 12:53:03.474  INFO 76659 --- [Test worker] s.d.s.w.s.ApiListingReferenceScanner     : Scanning for api listing references
2018-05-28 12:53:03.514  INFO 76659 --- [Test worker] s.a.ScheduledAnnotationBeanPostProcessor : No TaskScheduler/ScheduledExecutorService bean found for scheduled processing
2018-05-28 12:53:03.515  INFO 76659 --- [Test worker] c.w.shop.controller.OfferControllerTest  : Started OfferControllerTest in 1.303 seconds (JVM running for 8.17)
2018-05-28 12:53:03.841  INFO 76659 --- [Test worker] s.w.s.m.m.a.RequestMappingHandlerMapping : Mapped "{[/offers/{id}],methods=[PUT]}" onto public java.lang.Long com.wp.shop.controller.OfferController.cancelOffer(java.lang.Long)
2018-05-28 12:53:03.842  INFO 76659 --- [Test worker] s.w.s.m.m.a.RequestMappingHandlerMapping : Mapped "{[/offers],methods=[POST],consumes=[application/json]}" onto public java.lang.Long com.wp.shop.controller.OfferController.createOffer(com.wp.shop.model.transfer.OfferDto)
2018-05-28 12:53:03.843  INFO 76659 --- [Test worker] s.w.s.m.m.a.RequestMappingHandlerMapping : Mapped "{[/offers],methods=[GET],produces=[application/json]}" onto public java.util.Collection<com.wp.shop.model.transfer.OfferDto> com.wp.shop.controller.OfferController.getOffers(com.wp.shop.util.Status)
2018-05-28 12:53:03.844  INFO 76659 --- [Test worker] s.w.s.m.m.a.RequestMappingHandlerMapping : Mapped "{[/offers/{id}],methods=[GET],produces=[application/json]}" onto public com.wp.shop.model.transfer.OfferDto com.wp.shop.controller.OfferController.getOfferById(java.lang.Long)
2018-05-28 12:53:03.854  INFO 76659 --- [Test worker] s.w.s.m.m.a.RequestMappingHandlerAdapter : Looking for @ControllerAdvice: org.springframework.test.web.servlet.setup.StubWebApplicationContext@1986bb3a
2018-05-28 12:53:03.860  INFO 76659 --- [Test worker] o.s.mock.web.MockServletContext          : Initializing Spring FrameworkServlet ''
2018-05-28 12:53:03.860  INFO 76659 --- [Test worker] o.s.t.web.servlet.TestDispatcherServlet  : FrameworkServlet '': initialization started
2018-05-28 12:53:03.861  INFO 76659 --- [Test worker] o.s.t.web.servlet.TestDispatcherServlet  : FrameworkServlet '': initialization completed in 1 ms
2018-05-28 12:53:03.897  INFO 76659 --- [Test worker] com.wp.shop.controller.OfferController   : Cancelling offer with id [10002]
2018-05-28 12:53:03.936  INFO 76659 --- [Test worker] s.w.s.m.m.a.RequestMappingHandlerMapping : Mapped "{[/offers/{id}],methods=[PUT]}" onto public java.lang.Long com.wp.shop.controller.OfferController.cancelOffer(java.lang.Long)
2018-05-28 12:53:03.936  INFO 76659 --- [Test worker] s.w.s.m.m.a.RequestMappingHandlerMapping : Mapped "{[/offers],methods=[POST],consumes=[application/json]}" onto public java.lang.Long com.wp.shop.controller.OfferController.createOffer(com.wp.shop.model.transfer.OfferDto)
2018-05-28 12:53:03.937  INFO 76659 --- [Test worker] s.w.s.m.m.a.RequestMappingHandlerMapping : Mapped "{[/offers],methods=[GET],produces=[application/json]}" onto public java.util.Collection<com.wp.shop.model.transfer.OfferDto> com.wp.shop.controller.OfferController.getOffers(com.wp.shop.util.Status)
2018-05-28 12:53:03.937  INFO 76659 --- [Test worker] s.w.s.m.m.a.RequestMappingHandlerMapping : Mapped "{[/offers/{id}],methods=[GET],produces=[application/json]}" onto public com.wp.shop.model.transfer.OfferDto com.wp.shop.controller.OfferController.getOfferById(java.lang.Long)
2018-05-28 12:53:03.944  INFO 76659 --- [Test worker] s.w.s.m.m.a.RequestMappingHandlerAdapter : Looking for @ControllerAdvice: org.springframework.test.web.servlet.setup.StubWebApplicationContext@3e327732
2018-05-28 12:53:03.945  INFO 76659 --- [Test worker] o.s.mock.web.MockServletContext          : Initializing Spring FrameworkServlet ''
2018-05-28 12:53:03.946  INFO 76659 --- [Test worker] o.s.t.web.servlet.TestDispatcherServlet  : FrameworkServlet '': initialization started
2018-05-28 12:53:03.946  INFO 76659 --- [Test worker] o.s.t.web.servlet.TestDispatcherServlet  : FrameworkServlet '': initialization completed in 0 ms
2018-05-28 12:53:03.947  INFO 76659 --- [Test worker] com.wp.shop.controller.OfferController   : Getting offer with id [1001]
2018-05-28 12:53:03.994  INFO 76659 --- [Test worker] s.w.s.m.m.a.RequestMappingHandlerMapping : Mapped "{[/offers/{id}],methods=[PUT]}" onto public java.lang.Long com.wp.shop.controller.OfferController.cancelOffer(java.lang.Long)
2018-05-28 12:53:03.994  INFO 76659 --- [Test worker] s.w.s.m.m.a.RequestMappingHandlerMapping : Mapped "{[/offers],methods=[POST],consumes=[application/json]}" onto public java.lang.Long com.wp.shop.controller.OfferController.createOffer(com.wp.shop.model.transfer.OfferDto)
2018-05-28 12:53:03.994  INFO 76659 --- [Test worker] s.w.s.m.m.a.RequestMappingHandlerMapping : Mapped "{[/offers],methods=[GET],produces=[application/json]}" onto public java.util.Collection<com.wp.shop.model.transfer.OfferDto> com.wp.shop.controller.OfferController.getOffers(com.wp.shop.util.Status)
2018-05-28 12:53:03.995  INFO 76659 --- [Test worker] s.w.s.m.m.a.RequestMappingHandlerMapping : Mapped "{[/offers/{id}],methods=[GET],produces=[application/json]}" onto public com.wp.shop.model.transfer.OfferDto com.wp.shop.controller.OfferController.getOfferById(java.lang.Long)
2018-05-28 12:53:04.001  INFO 76659 --- [Test worker] s.w.s.m.m.a.RequestMappingHandlerAdapter : Looking for @ControllerAdvice: org.springframework.test.web.servlet.setup.StubWebApplicationContext@67fe38e1
2018-05-28 12:53:04.002  INFO 76659 --- [Test worker] o.s.mock.web.MockServletContext          : Initializing Spring FrameworkServlet ''
2018-05-28 12:53:04.003  INFO 76659 --- [Test worker] o.s.t.web.servlet.TestDispatcherServlet  : FrameworkServlet '': initialization started
2018-05-28 12:53:04.003  INFO 76659 --- [Test worker] o.s.t.web.servlet.TestDispatcherServlet  : FrameworkServlet '': initialization completed in 0 ms
2018-05-28 12:53:04.091  INFO 76659 --- [Test worker] com.wp.shop.controller.OfferController   : Creating offer [OfferDto {productId=1002, description='Description', price=100, currency='GBP', startDate=Mon May 28 13:01:22 BST 2018, endDate=Mon May 28 13:09:42 BST 2018, status=ACTIVE}]
2018-05-28 12:53:04.097  INFO 76659 --- [Test worker] s.w.s.m.m.a.RequestMappingHandlerMapping : Mapped "{[/offers/{id}],methods=[PUT]}" onto public java.lang.Long com.wp.shop.controller.OfferController.cancelOffer(java.lang.Long)
2018-05-28 12:53:04.098  INFO 76659 --- [Test worker] s.w.s.m.m.a.RequestMappingHandlerMapping : Mapped "{[/offers],methods=[POST],consumes=[application/json]}" onto public java.lang.Long com.wp.shop.controller.OfferController.createOffer(com.wp.shop.model.transfer.OfferDto)
2018-05-28 12:53:04.098  INFO 76659 --- [Test worker] s.w.s.m.m.a.RequestMappingHandlerMapping : Mapped "{[/offers],methods=[GET],produces=[application/json]}" onto public java.util.Collection<com.wp.shop.model.transfer.OfferDto> com.wp.shop.controller.OfferController.getOffers(com.wp.shop.util.Status)
2018-05-28 12:53:04.098  INFO 76659 --- [Test worker] s.w.s.m.m.a.RequestMappingHandlerMapping : Mapped "{[/offers/{id}],methods=[GET],produces=[application/json]}" onto public com.wp.shop.model.transfer.OfferDto com.wp.shop.controller.OfferController.getOfferById(java.lang.Long)
2018-05-28 12:53:04.105  INFO 76659 --- [Test worker] s.w.s.m.m.a.RequestMappingHandlerAdapter : Looking for @ControllerAdvice: org.springframework.test.web.servlet.setup.StubWebApplicationContext@2cb80706
2018-05-28 12:53:04.107  INFO 76659 --- [Test worker] o.s.mock.web.MockServletContext          : Initializing Spring FrameworkServlet ''
2018-05-28 12:53:04.107  INFO 76659 --- [Test worker] o.s.t.web.servlet.TestDispatcherServlet  : FrameworkServlet '': initialization started
2018-05-28 12:53:04.107  INFO 76659 --- [Test worker] o.s.t.web.servlet.TestDispatcherServlet  : FrameworkServlet '': initialization completed in 0 ms
2018-05-28 12:53:04.110  INFO 76659 --- [Test worker] com.wp.shop.controller.OfferController   : Getting all offers for status [ACTIVE]
2018-05-28 12:53:04.124  INFO 76659 --- [Test worker] s.w.s.m.m.a.RequestMappingHandlerMapping : Mapped "{[/offers/{id}],methods=[PUT]}" onto public java.lang.Long com.wp.shop.controller.OfferController.cancelOffer(java.lang.Long)
2018-05-28 12:53:04.124  INFO 76659 --- [Test worker] s.w.s.m.m.a.RequestMappingHandlerMapping : Mapped "{[/offers],methods=[POST],consumes=[application/json]}" onto public java.lang.Long com.wp.shop.controller.OfferController.createOffer(com.wp.shop.model.transfer.OfferDto)
2018-05-28 12:53:04.125  INFO 76659 --- [Test worker] s.w.s.m.m.a.RequestMappingHandlerMapping : Mapped "{[/offers],methods=[GET],produces=[application/json]}" onto public java.util.Collection<com.wp.shop.model.transfer.OfferDto> com.wp.shop.controller.OfferController.getOffers(com.wp.shop.util.Status)
2018-05-28 12:53:04.125  INFO 76659 --- [Test worker] s.w.s.m.m.a.RequestMappingHandlerMapping : Mapped "{[/offers/{id}],methods=[GET],produces=[application/json]}" onto public com.wp.shop.model.transfer.OfferDto com.wp.shop.controller.OfferController.getOfferById(java.lang.Long)
2018-05-28 12:53:04.133  INFO 76659 --- [Test worker] s.w.s.m.m.a.RequestMappingHandlerAdapter : Looking for @ControllerAdvice: org.springframework.test.web.servlet.setup.StubWebApplicationContext@3995c799
2018-05-28 12:53:04.135  INFO 76659 --- [Test worker] o.s.mock.web.MockServletContext          : Initializing Spring FrameworkServlet ''
2018-05-28 12:53:04.135  INFO 76659 --- [Test worker] o.s.t.web.servlet.TestDispatcherServlet  : FrameworkServlet '': initialization started
2018-05-28 12:53:04.135  INFO 76659 --- [Test worker] o.s.t.web.servlet.TestDispatcherServlet  : FrameworkServlet '': initialization completed in 0 ms
2018-05-28 12:53:04.136  INFO 76659 --- [Test worker] com.wp.shop.controller.OfferController   : Getting all offers
2018-05-28 12:53:04.145  INFO 76659 --- [Test worker] .b.t.c.SpringBootTestContextBootstrapper : Neither @ContextConfiguration nor @ContextHierarchy found for test class [com.wp.shop.controller.ProductControllerTest], using SpringBootContextLoader
2018-05-28 12:53:04.146  INFO 76659 --- [Test worker] o.s.t.c.support.AbstractContextLoader    : Could not detect default resource locations for test class [com.wp.shop.controller.ProductControllerTest]: no resource found for suffixes {-context.xml, Context.groovy}.
2018-05-28 12:53:04.146  INFO 76659 --- [Test worker] t.c.s.AnnotationConfigContextLoaderUtils : Could not detect default configuration classes for test class [com.wp.shop.controller.ProductControllerTest]: ProductControllerTest does not declare any static, non-private, non-final, nested classes annotated with @Configuration.
2018-05-28 12:53:04.148  INFO 76659 --- [Test worker] .b.t.c.SpringBootTestContextBootstrapper : Found @SpringBootConfiguration com.wp.shop.ShopApplication for test class com.wp.shop.controller.ProductControllerTest
2018-05-28 12:53:04.149  INFO 76659 --- [Test worker] .b.t.c.SpringBootTestContextBootstrapper : Loaded default TestExecutionListener class names from location [META-INF/spring.factories]: [org.springframework.boot.test.autoconfigure.restdocs.RestDocsTestExecutionListener, org.springframework.boot.test.autoconfigure.web.client.MockRestServiceServerResetTestExecutionListener, org.springframework.boot.test.autoconfigure.web.servlet.MockMvcPrintOnlyOnFailureTestExecutionListener, org.springframework.boot.test.autoconfigure.web.servlet.WebDriverTestExecutionListener, org.springframework.boot.test.mock.mockito.MockitoTestExecutionListener, org.springframework.boot.test.mock.mockito.ResetMocksTestExecutionListener, org.springframework.test.context.web.ServletTestExecutionListener, org.springframework.test.context.support.DirtiesContextBeforeModesTestExecutionListener, org.springframework.test.context.support.DependencyInjectionTestExecutionListener, org.springframework.test.context.support.DirtiesContextTestExecutionListener, org.springframework.test.context.transaction.TransactionalTestExecutionListener, org.springframework.test.context.jdbc.SqlScriptsTestExecutionListener]
2018-05-28 12:53:04.150  INFO 76659 --- [Test worker] .b.t.c.SpringBootTestContextBootstrapper : Using TestExecutionListeners: [org.springframework.test.context.web.ServletTestExecutionListener@580eca06, org.springframework.test.context.support.DirtiesContextBeforeModesTestExecutionListener@2af69ea6, org.springframework.boot.test.mock.mockito.MockitoTestExecutionListener@7905dad8, org.springframework.boot.test.autoconfigure.SpringBootDependencyInjectionTestExecutionListener@64092e64, org.springframework.test.context.support.DirtiesContextTestExecutionListener@4a799619, org.springframework.test.context.transaction.TransactionalTestExecutionListener@5464225e, org.springframework.test.context.jdbc.SqlScriptsTestExecutionListener@3e0f110, org.springframework.boot.test.autoconfigure.restdocs.RestDocsTestExecutionListener@2e379506, org.springframework.boot.test.autoconfigure.web.client.MockRestServiceServerResetTestExecutionListener@28f80787, org.springframework.boot.test.autoconfigure.web.servlet.MockMvcPrintOnlyOnFailureTestExecutionListener@5d7ba614, org.springframework.boot.test.autoconfigure.web.servlet.WebDriverTestExecutionListener@5997a4da, org.springframework.boot.test.mock.mockito.ResetMocksTestExecutionListener@4b9a954b]
2018-05-28 12:53:04.165  INFO 76659 --- [Test worker] s.w.s.m.m.a.RequestMappingHandlerMapping : Mapped "{[/products],methods=[GET],produces=[application/json]}" onto public java.util.Collection<com.wp.shop.model.transfer.ProductDto> com.wp.shop.controller.ProductController.getProducts()
2018-05-28 12:53:04.165  INFO 76659 --- [Test worker] s.w.s.m.m.a.RequestMappingHandlerMapping : Mapped "{[/products],methods=[POST],consumes=[application/json]}" onto public java.lang.Long com.wp.shop.controller.ProductController.createProduct(com.wp.shop.model.transfer.ProductDto)
2018-05-28 12:53:04.172  INFO 76659 --- [Test worker] s.w.s.m.m.a.RequestMappingHandlerAdapter : Looking for @ControllerAdvice: org.springframework.test.web.servlet.setup.StubWebApplicationContext@63732a3d
2018-05-28 12:53:04.174  INFO 76659 --- [Test worker] o.s.mock.web.MockServletContext          : Initializing Spring FrameworkServlet ''
2018-05-28 12:53:04.175  INFO 76659 --- [Test worker] o.s.t.web.servlet.TestDispatcherServlet  : FrameworkServlet '': initialization started
2018-05-28 12:53:04.175  INFO 76659 --- [Test worker] o.s.t.web.servlet.TestDispatcherServlet  : FrameworkServlet '': initialization completed in 0 ms
2018-05-28 12:53:04.181  INFO 76659 --- [Test worker] c.wp.shop.controller.ProductController   : Creating product [ProductDto {name='Name', price=100, currency='GBP'}]
2018-05-28 12:53:04.189  INFO 76659 --- [Test worker] s.w.s.m.m.a.RequestMappingHandlerMapping : Mapped "{[/products],methods=[GET],produces=[application/json]}" onto public java.util.Collection<com.wp.shop.model.transfer.ProductDto> com.wp.shop.controller.ProductController.getProducts()
2018-05-28 12:53:04.189  INFO 76659 --- [Test worker] s.w.s.m.m.a.RequestMappingHandlerMapping : Mapped "{[/products],methods=[POST],consumes=[application/json]}" onto public java.lang.Long com.wp.shop.controller.ProductController.createProduct(com.wp.shop.model.transfer.ProductDto)
2018-05-28 12:53:04.197  INFO 76659 --- [Test worker] s.w.s.m.m.a.RequestMappingHandlerAdapter : Looking for @ControllerAdvice: org.springframework.test.web.servlet.setup.StubWebApplicationContext@1bac547f
2018-05-28 12:53:04.198  INFO 76659 --- [Test worker] o.s.mock.web.MockServletContext          : Initializing Spring FrameworkServlet ''
2018-05-28 12:53:04.198  INFO 76659 --- [Test worker] o.s.t.web.servlet.TestDispatcherServlet  : FrameworkServlet '': initialization started
2018-05-28 12:53:04.199  INFO 76659 --- [Test worker] o.s.t.web.servlet.TestDispatcherServlet  : FrameworkServlet '': initialization completed in 1 ms
2018-05-28 12:53:04.199  INFO 76659 --- [Test worker] c.wp.shop.controller.ProductController   : Fetching all products
2018-05-28 12:53:04.204  INFO 76659 --- [Test worker] .b.t.c.SpringBootTestContextBootstrapper : Neither @ContextConfiguration nor @ContextHierarchy found for test class [com.wp.shop.ShopApplicationTests], using SpringBootContextLoader
2018-05-28 12:53:04.205  INFO 76659 --- [Test worker] o.s.t.c.support.AbstractContextLoader    : Could not detect default resource locations for test class [com.wp.shop.ShopApplicationTests]: no resource found for suffixes {-context.xml, Context.groovy}.
2018-05-28 12:53:04.205  INFO 76659 --- [Test worker] t.c.s.AnnotationConfigContextLoaderUtils : Could not detect default configuration classes for test class [com.wp.shop.ShopApplicationTests]: ShopApplicationTests does not declare any static, non-private, non-final, nested classes annotated with @Configuration.
2018-05-28 12:53:04.208  INFO 76659 --- [Test worker] .b.t.c.SpringBootTestContextBootstrapper : Found @SpringBootConfiguration com.wp.shop.ShopApplication for test class com.wp.shop.ShopApplicationTests
2018-05-28 12:53:04.209  INFO 76659 --- [Test worker] .b.t.c.SpringBootTestContextBootstrapper : Loaded default TestExecutionListener class names from location [META-INF/spring.factories]: [org.springframework.boot.test.autoconfigure.restdocs.RestDocsTestExecutionListener, org.springframework.boot.test.autoconfigure.web.client.MockRestServiceServerResetTestExecutionListener, org.springframework.boot.test.autoconfigure.web.servlet.MockMvcPrintOnlyOnFailureTestExecutionListener, org.springframework.boot.test.autoconfigure.web.servlet.WebDriverTestExecutionListener, org.springframework.boot.test.mock.mockito.MockitoTestExecutionListener, org.springframework.boot.test.mock.mockito.ResetMocksTestExecutionListener, org.springframework.test.context.web.ServletTestExecutionListener, org.springframework.test.context.support.DirtiesContextBeforeModesTestExecutionListener, org.springframework.test.context.support.DependencyInjectionTestExecutionListener, org.springframework.test.context.support.DirtiesContextTestExecutionListener, org.springframework.test.context.transaction.TransactionalTestExecutionListener, org.springframework.test.context.jdbc.SqlScriptsTestExecutionListener]
2018-05-28 12:53:04.209  INFO 76659 --- [Test worker] .b.t.c.SpringBootTestContextBootstrapper : Using TestExecutionListeners: [org.springframework.test.context.web.ServletTestExecutionListener@41e03af8, org.springframework.test.context.support.DirtiesContextBeforeModesTestExecutionListener@7b92895a, org.springframework.boot.test.mock.mockito.MockitoTestExecutionListener@7b104d31, org.springframework.boot.test.autoconfigure.SpringBootDependencyInjectionTestExecutionListener@1f59775d, org.springframework.test.context.support.DirtiesContextTestExecutionListener@5faea9b4, org.springframework.test.context.transaction.TransactionalTestExecutionListener@30192342, org.springframework.test.context.jdbc.SqlScriptsTestExecutionListener@499999b5, org.springframework.boot.test.autoconfigure.restdocs.RestDocsTestExecutionListener@1d2efc44, org.springframework.boot.test.autoconfigure.web.client.MockRestServiceServerResetTestExecutionListener@37e7055c, org.springframework.boot.test.autoconfigure.web.servlet.MockMvcPrintOnlyOnFailureTestExecutionListener@4e1d23d1, org.springframework.boot.test.autoconfigure.web.servlet.WebDriverTestExecutionListener@4b4c4f96, org.springframework.boot.test.mock.mockito.ResetMocksTestExecutionListener@216a5667]
2018-05-28 12:53:04.216  INFO 76659 --- [Test worker] o.s.t.c.s.DefaultTestContextBootstrapper : Neither @ContextConfiguration nor @ContextHierarchy found for test class [com.wp.shop.job.CancellationJobTest], using DelegatingSmartContextLoader
2018-05-28 12:53:04.217  INFO 76659 --- [Test worker] o.s.t.c.support.AbstractContextLoader    : Could not detect default resource locations for test class [com.wp.shop.job.CancellationJobTest]: no resource found for suffixes {-context.xml}.
2018-05-28 12:53:04.217  INFO 76659 --- [Test worker] t.c.s.AnnotationConfigContextLoaderUtils : Could not detect default configuration classes for test class [com.wp.shop.job.CancellationJobTest]: CancellationJobTest does not declare any static, non-private, non-final, nested classes annotated with @Configuration.
2018-05-28 12:53:04.218  INFO 76659 --- [Test worker] o.s.t.c.s.DefaultTestContextBootstrapper : Loaded default TestExecutionListener class names from location [META-INF/spring.factories]: [org.springframework.boot.test.autoconfigure.restdocs.RestDocsTestExecutionListener, org.springframework.boot.test.autoconfigure.web.client.MockRestServiceServerResetTestExecutionListener, org.springframework.boot.test.autoconfigure.web.servlet.MockMvcPrintOnlyOnFailureTestExecutionListener, org.springframework.boot.test.autoconfigure.web.servlet.WebDriverTestExecutionListener, org.springframework.boot.test.mock.mockito.MockitoTestExecutionListener, org.springframework.boot.test.mock.mockito.ResetMocksTestExecutionListener, org.springframework.test.context.web.ServletTestExecutionListener, org.springframework.test.context.support.DirtiesContextBeforeModesTestExecutionListener, org.springframework.test.context.support.DependencyInjectionTestExecutionListener, org.springframework.test.context.support.DirtiesContextTestExecutionListener, org.springframework.test.context.transaction.TransactionalTestExecutionListener, org.springframework.test.context.jdbc.SqlScriptsTestExecutionListener]
2018-05-28 12:53:04.218  INFO 76659 --- [Test worker] o.s.t.c.s.DefaultTestContextBootstrapper : Using TestExecutionListeners: [org.springframework.test.context.web.ServletTestExecutionListener@1f97c01a, org.springframework.test.context.support.DirtiesContextBeforeModesTestExecutionListener@f745b0a, org.springframework.boot.test.mock.mockito.MockitoTestExecutionListener@4054f549, org.springframework.test.context.support.DependencyInjectionTestExecutionListener@6e217d58, org.springframework.test.context.support.DirtiesContextTestExecutionListener@4f17f796, org.springframework.test.context.transaction.TransactionalTestExecutionListener@62164975, org.springframework.test.context.jdbc.SqlScriptsTestExecutionListener@58f06c3, org.springframework.boot.test.autoconfigure.restdocs.RestDocsTestExecutionListener@60217097, org.springframework.boot.test.autoconfigure.web.client.MockRestServiceServerResetTestExecutionListener@10fa9042, org.springframework.boot.test.autoconfigure.web.servlet.MockMvcPrintOnlyOnFailureTestExecutionListener@40772ec9, org.springframework.boot.test.autoconfigure.web.servlet.WebDriverTestExecutionListener@3db3911a, org.springframework.boot.test.mock.mockito.ResetMocksTestExecutionListener@567debf3]
2018-05-28 12:53:04.262  INFO 76659 --- [Test worker] o.s.c.support.GenericApplicationContext  : Refreshing org.springframework.context.support.GenericApplicationContext@73828c9e: startup date [Mon May 28 12:53:04 BST 2018]; root of context hierarchy
2018-05-28 12:53:04.285  INFO 76659 --- [Test worker] com.wp.shop.job.CancellationJob          : Start offer cancellation process
2018-05-28 12:53:04.288  INFO 76659 --- [Test worker] com.wp.shop.job.CancellationJob          : Offer cancellation process finished. [1] offers cancelled
2018-05-28 12:53:04.290  INFO 76659 --- [Test worker] o.s.t.c.s.DefaultTestContextBootstrapper : Neither @ContextConfiguration nor @ContextHierarchy found for test class [com.wp.shop.service.impl.ProductServiceImplTest], using DelegatingSmartContextLoader
2018-05-28 12:53:04.291  INFO 76659 --- [Test worker] o.s.t.c.support.AbstractContextLoader    : Could not detect default resource locations for test class [com.wp.shop.service.impl.ProductServiceImplTest]: no resource found for suffixes {-context.xml}.
2018-05-28 12:53:04.291  INFO 76659 --- [Test worker] t.c.s.AnnotationConfigContextLoaderUtils : Could not detect default configuration classes for test class [com.wp.shop.service.impl.ProductServiceImplTest]: ProductServiceImplTest does not declare any static, non-private, non-final, nested classes annotated with @Configuration.
2018-05-28 12:53:04.293  INFO 76659 --- [Test worker] o.s.t.c.s.DefaultTestContextBootstrapper : Loaded default TestExecutionListener class names from location [META-INF/spring.factories]: [org.springframework.boot.test.autoconfigure.restdocs.RestDocsTestExecutionListener, org.springframework.boot.test.autoconfigure.web.client.MockRestServiceServerResetTestExecutionListener, org.springframework.boot.test.autoconfigure.web.servlet.MockMvcPrintOnlyOnFailureTestExecutionListener, org.springframework.boot.test.autoconfigure.web.servlet.WebDriverTestExecutionListener, org.springframework.boot.test.mock.mockito.MockitoTestExecutionListener, org.springframework.boot.test.mock.mockito.ResetMocksTestExecutionListener, org.springframework.test.context.web.ServletTestExecutionListener, org.springframework.test.context.support.DirtiesContextBeforeModesTestExecutionListener, org.springframework.test.context.support.DependencyInjectionTestExecutionListener, org.springframework.test.context.support.DirtiesContextTestExecutionListener, org.springframework.test.context.transaction.TransactionalTestExecutionListener, org.springframework.test.context.jdbc.SqlScriptsTestExecutionListener]
2018-05-28 12:53:04.293  INFO 76659 --- [Test worker] o.s.t.c.s.DefaultTestContextBootstrapper : Using TestExecutionListeners: [org.springframework.test.context.web.ServletTestExecutionListener@d089353, org.springframework.test.context.support.DirtiesContextBeforeModesTestExecutionListener@73a87603, org.springframework.boot.test.mock.mockito.MockitoTestExecutionListener@5162e92e, org.springframework.test.context.support.DependencyInjectionTestExecutionListener@15fed850, org.springframework.test.context.support.DirtiesContextTestExecutionListener@5ca543b7, org.springframework.test.context.transaction.TransactionalTestExecutionListener@6c8d2e4e, org.springframework.test.context.jdbc.SqlScriptsTestExecutionListener@2a608168, org.springframework.boot.test.autoconfigure.restdocs.RestDocsTestExecutionListener@49bfe02c, org.springframework.boot.test.autoconfigure.web.client.MockRestServiceServerResetTestExecutionListener@3ff1ba57, org.springframework.boot.test.autoconfigure.web.servlet.MockMvcPrintOnlyOnFailureTestExecutionListener@3a8b1cb9, org.springframework.boot.test.autoconfigure.web.servlet.WebDriverTestExecutionListener@14cea141, org.springframework.boot.test.mock.mockito.ResetMocksTestExecutionListener@22468d74]
2018-05-28 12:53:04.321  INFO 76659 --- [Test worker] c.w.s.service.impl.ProductServiceImpl    : Retrieved [0] products
2018-05-28 12:53:04.323  INFO 76659 --- [Test worker] c.w.s.service.impl.ProductServiceImpl    : Created product
2018-05-28 12:53:04.333 ERROR 76659 --- [Test worker] c.w.s.service.impl.ProductServiceImpl    : Error encountered while saving the product

org.hibernate.JDBCException: conflict
	at com.wp.shop.service.impl.ProductServiceImpl.createProduct(ProductServiceImpl.java:48) ~[main/:na]
	at com.wp.shop.service.impl.ProductServiceImplTest.shouldThrowExceptionWhenSavingProduct(ProductServiceImplTest.java:86) [test/:na]
	at sun.reflect.NativeMethodAccessorImpl.invoke0(Native Method) ~[na:1.8.0_131]
	at sun.reflect.NativeMethodAccessorImpl.invoke(NativeMethodAccessorImpl.java:62) ~[na:1.8.0_131]
	at sun.reflect.DelegatingMethodAccessorImpl.invoke(DelegatingMethodAccessorImpl.java:43) ~[na:1.8.0_131]
	at java.lang.reflect.Method.invoke(Method.java:498) ~[na:1.8.0_131]
	at org.junit.runners.model.FrameworkMethod$1.runReflectiveCall(FrameworkMethod.java:50) [junit-4.12.jar:4.12]
	at org.junit.internal.runners.model.ReflectiveCallable.run(ReflectiveCallable.java:12) [junit-4.12.jar:4.12]
	at org.junit.runners.model.FrameworkMethod.invokeExplosively(FrameworkMethod.java:47) [junit-4.12.jar:4.12]
	at org.junit.internal.runners.statements.InvokeMethod.evaluate(InvokeMethod.java:17) [junit-4.12.jar:4.12]
	at org.springframework.test.context.junit4.statements.RunBeforeTestExecutionCallbacks.evaluate(RunBeforeTestExecutionCallbacks.java:73) [spring-test-5.0.6.RELEASE.jar:5.0.6.RELEASE]
	at org.springframework.test.context.junit4.statements.RunAfterTestExecutionCallbacks.evaluate(RunAfterTestExecutionCallbacks.java:83) [spring-test-5.0.6.RELEASE.jar:5.0.6.RELEASE]
	at org.junit.internal.runners.statements.RunBefores.evaluate(RunBefores.java:26) [junit-4.12.jar:4.12]
	at org.springframework.test.context.junit4.statements.RunBeforeTestMethodCallbacks.evaluate(RunBeforeTestMethodCallbacks.java:75) [spring-test-5.0.6.RELEASE.jar:5.0.6.RELEASE]
	at org.springframework.test.context.junit4.statements.RunAfterTestMethodCallbacks.evaluate(RunAfterTestMethodCallbacks.java:86) [spring-test-5.0.6.RELEASE.jar:5.0.6.RELEASE]
	at org.springframework.test.context.junit4.statements.SpringRepeat.evaluate(SpringRepeat.java:84) [spring-test-5.0.6.RELEASE.jar:5.0.6.RELEASE]
	at org.junit.runners.ParentRunner.runLeaf(ParentRunner.java:325) [junit-4.12.jar:4.12]
	at org.springframework.test.context.junit4.SpringJUnit4ClassRunner.runChild(SpringJUnit4ClassRunner.java:251) [spring-test-5.0.6.RELEASE.jar:5.0.6.RELEASE]
	at org.springframework.test.context.junit4.SpringJUnit4ClassRunner.runChild(SpringJUnit4ClassRunner.java:97) [spring-test-5.0.6.RELEASE.jar:5.0.6.RELEASE]
	at org.junit.runners.ParentRunner$3.run(ParentRunner.java:290) [junit-4.12.jar:4.12]
	at org.junit.runners.ParentRunner$1.schedule(ParentRunner.java:71) [junit-4.12.jar:4.12]
	at org.junit.runners.ParentRunner.runChildren(ParentRunner.java:288) [junit-4.12.jar:4.12]
	at org.junit.runners.ParentRunner.access$000(ParentRunner.java:58) [junit-4.12.jar:4.12]
	at org.junit.runners.ParentRunner$2.evaluate(ParentRunner.java:268) [junit-4.12.jar:4.12]
	at org.springframework.test.context.junit4.statements.RunBeforeTestClassCallbacks.evaluate(RunBeforeTestClassCallbacks.java:61) [spring-test-5.0.6.RELEASE.jar:5.0.6.RELEASE]
	at org.springframework.test.context.junit4.statements.RunAfterTestClassCallbacks.evaluate(RunAfterTestClassCallbacks.java:70) [spring-test-5.0.6.RELEASE.jar:5.0.6.RELEASE]
	at org.junit.runners.ParentRunner.run(ParentRunner.java:363) [junit-4.12.jar:4.12]
	at org.springframework.test.context.junit4.SpringJUnit4ClassRunner.run(SpringJUnit4ClassRunner.java:190) [spring-test-5.0.6.RELEASE.jar:5.0.6.RELEASE]
	at org.gradle.api.internal.tasks.testing.junit.JUnitTestClassExecuter.runTestClass(JUnitTestClassExecuter.java:114) [gradle-testing-jvm-4.0.jar:4.0]
	at org.gradle.api.internal.tasks.testing.junit.JUnitTestClassExecuter.execute(JUnitTestClassExecuter.java:57) [gradle-testing-jvm-4.0.jar:4.0]
	at org.gradle.api.internal.tasks.testing.junit.JUnitTestClassProcessor.processTestClass(JUnitTestClassProcessor.java:66) [gradle-testing-jvm-4.0.jar:4.0]
	at org.gradle.api.internal.tasks.testing.SuiteTestClassProcessor.processTestClass(SuiteTestClassProcessor.java:51) [gradle-testing-base-4.0.jar:4.0]
	at sun.reflect.NativeMethodAccessorImpl.invoke0(Native Method) ~[na:1.8.0_131]
	at sun.reflect.NativeMethodAccessorImpl.invoke(NativeMethodAccessorImpl.java:62) ~[na:1.8.0_131]
	at sun.reflect.DelegatingMethodAccessorImpl.invoke(DelegatingMethodAccessorImpl.java:43) ~[na:1.8.0_131]
	at java.lang.reflect.Method.invoke(Method.java:498) ~[na:1.8.0_131]
	at org.gradle.internal.dispatch.ReflectionDispatch.dispatch(ReflectionDispatch.java:35) [gradle-messaging-4.0.jar:4.0]
	at org.gradle.internal.dispatch.ReflectionDispatch.dispatch(ReflectionDispatch.java:24) [gradle-messaging-4.0.jar:4.0]
	at org.gradle.internal.dispatch.ContextClassLoaderDispatch.dispatch(ContextClassLoaderDispatch.java:32) [gradle-messaging-4.0.jar:4.0]
	at org.gradle.internal.dispatch.ProxyDispatchAdapter$DispatchingInvocationHandler.invoke(ProxyDispatchAdapter.java:93) [gradle-messaging-4.0.jar:4.0]
	at com.sun.proxy.$Proxy1.processTestClass(Unknown Source) [na:na]
	at org.gradle.api.internal.tasks.testing.worker.TestWorker.processTestClass(TestWorker.java:109) [gradle-testing-base-4.0.jar:4.0]
	at sun.reflect.NativeMethodAccessorImpl.invoke0(Native Method) ~[na:1.8.0_131]
	at sun.reflect.NativeMethodAccessorImpl.invoke(NativeMethodAccessorImpl.java:62) ~[na:1.8.0_131]
	at sun.reflect.DelegatingMethodAccessorImpl.invoke(DelegatingMethodAccessorImpl.java:43) ~[na:1.8.0_131]
	at java.lang.reflect.Method.invoke(Method.java:498) ~[na:1.8.0_131]
	at org.gradle.internal.dispatch.ReflectionDispatch.dispatch(ReflectionDispatch.java:35) [gradle-messaging-4.0.jar:4.0]
	at org.gradle.internal.dispatch.ReflectionDispatch.dispatch(ReflectionDispatch.java:24) [gradle-messaging-4.0.jar:4.0]
	at org.gradle.internal.remote.internal.hub.MessageHubBackedObjectConnection$DispatchWrapper.dispatch(MessageHubBackedObjectConnection.java:146) [gradle-messaging-4.0.jar:4.0]
	at org.gradle.internal.remote.internal.hub.MessageHubBackedObjectConnection$DispatchWrapper.dispatch(MessageHubBackedObjectConnection.java:128) [gradle-messaging-4.0.jar:4.0]
	at org.gradle.internal.remote.internal.hub.MessageHub$Handler.run(MessageHub.java:404) [gradle-messaging-4.0.jar:4.0]
	at org.gradle.internal.concurrent.ExecutorPolicy$CatchAndRecordFailures.onExecute(ExecutorPolicy.java:63) [gradle-base-services-4.0.jar:4.0]
	at org.gradle.internal.concurrent.StoppableExecutorImpl$1.run(StoppableExecutorImpl.java:46) [gradle-base-services-4.0.jar:4.0]
	at java.util.concurrent.ThreadPoolExecutor.runWorker(ThreadPoolExecutor.java:1142) [na:1.8.0_131]
	at java.util.concurrent.ThreadPoolExecutor$Worker.run(ThreadPoolExecutor.java:617) [na:1.8.0_131]
	at org.gradle.internal.concurrent.ThreadFactoryImpl$ManagedThreadRunnable.run(ThreadFactoryImpl.java:55) [gradle-base-services-4.0.jar:4.0]
	at java.lang.Thread.run(Thread.java:748) [na:1.8.0_131]
Caused by: java.sql.SQLException: null
	at com.wp.shop.service.impl.ProductServiceImplTest.shouldThrowExceptionWhenSavingProduct(ProductServiceImplTest.java:83) [test/:na]
	... 55 common frames omitted

2018-05-28 12:53:04.338  INFO 76659 --- [Test worker] c.w.s.service.impl.ProductServiceImpl    : Retrieved [1] products
2018-05-28 12:53:04.342  INFO 76659 --- [Test worker] o.s.t.c.s.DefaultTestContextBootstrapper : Neither @ContextConfiguration nor @ContextHierarchy found for test class [com.wp.shop.service.impl.OfferServiceImplTest], using DelegatingSmartContextLoader
2018-05-28 12:53:04.343  INFO 76659 --- [Test worker] o.s.t.c.support.AbstractContextLoader    : Could not detect default resource locations for test class [com.wp.shop.service.impl.OfferServiceImplTest]: no resource found for suffixes {-context.xml}.
2018-05-28 12:53:04.343  INFO 76659 --- [Test worker] t.c.s.AnnotationConfigContextLoaderUtils : Could not detect default configuration classes for test class [com.wp.shop.service.impl.OfferServiceImplTest]: OfferServiceImplTest does not declare any static, non-private, non-final, nested classes annotated with @Configuration.
2018-05-28 12:53:04.346  INFO 76659 --- [Test worker] o.s.t.c.s.DefaultTestContextBootstrapper : Loaded default TestExecutionListener class names from location [META-INF/spring.factories]: [org.springframework.boot.test.autoconfigure.restdocs.RestDocsTestExecutionListener, org.springframework.boot.test.autoconfigure.web.client.MockRestServiceServerResetTestExecutionListener, org.springframework.boot.test.autoconfigure.web.servlet.MockMvcPrintOnlyOnFailureTestExecutionListener, org.springframework.boot.test.autoconfigure.web.servlet.WebDriverTestExecutionListener, org.springframework.boot.test.mock.mockito.MockitoTestExecutionListener, org.springframework.boot.test.mock.mockito.ResetMocksTestExecutionListener, org.springframework.test.context.web.ServletTestExecutionListener, org.springframework.test.context.support.DirtiesContextBeforeModesTestExecutionListener, org.springframework.test.context.support.DependencyInjectionTestExecutionListener, org.springframework.test.context.support.DirtiesContextTestExecutionListener, org.springframework.test.context.transaction.TransactionalTestExecutionListener, org.springframework.test.context.jdbc.SqlScriptsTestExecutionListener]
2018-05-28 12:53:04.347  INFO 76659 --- [Test worker] o.s.t.c.s.DefaultTestContextBootstrapper : Using TestExecutionListeners: [org.springframework.test.context.web.ServletTestExecutionListener@4356b535, org.springframework.test.context.support.DirtiesContextBeforeModesTestExecutionListener@7a7a504a, org.springframework.boot.test.mock.mockito.MockitoTestExecutionListener@6d7e5b6c, org.springframework.test.context.support.DependencyInjectionTestExecutionListener@42e063eb, org.springframework.test.context.support.DirtiesContextTestExecutionListener@34e9999f, org.springframework.test.context.transaction.TransactionalTestExecutionListener@1c396748, org.springframework.test.context.jdbc.SqlScriptsTestExecutionListener@303fa98, org.springframework.boot.test.autoconfigure.restdocs.RestDocsTestExecutionListener@423d2e28, org.springframework.boot.test.autoconfigure.web.client.MockRestServiceServerResetTestExecutionListener@3a606291, org.springframework.boot.test.autoconfigure.web.servlet.MockMvcPrintOnlyOnFailureTestExecutionListener@6db441b2, org.springframework.boot.test.autoconfigure.web.servlet.WebDriverTestExecutionListener@71ffb1a6, org.springframework.boot.test.mock.mockito.ResetMocksTestExecutionListener@5a189ddf]
2018-05-28 12:53:04.353 ERROR 76659 --- [Test worker] c.wp.shop.service.impl.OfferServiceImpl  : Failed to cancel offer with id [1001]

org.hibernate.JDBCException: conflict
	at com.wp.shop.service.impl.OfferServiceImpl.cancelOffer(OfferServiceImpl.java:98) ~[main/:na]
	at com.wp.shop.service.impl.OfferServiceImplTest.shouldThrowExceptionWhenCancelOffer(OfferServiceImplTest.java:219) [test/:na]
	at sun.reflect.NativeMethodAccessorImpl.invoke0(Native Method) ~[na:1.8.0_131]
	at sun.reflect.NativeMethodAccessorImpl.invoke(NativeMethodAccessorImpl.java:62) ~[na:1.8.0_131]
	at sun.reflect.DelegatingMethodAccessorImpl.invoke(DelegatingMethodAccessorImpl.java:43) ~[na:1.8.0_131]
	at java.lang.reflect.Method.invoke(Method.java:498) ~[na:1.8.0_131]
	at org.junit.runners.model.FrameworkMethod$1.runReflectiveCall(FrameworkMethod.java:50) [junit-4.12.jar:4.12]
	at org.junit.internal.runners.model.ReflectiveCallable.run(ReflectiveCallable.java:12) [junit-4.12.jar:4.12]
	at org.junit.runners.model.FrameworkMethod.invokeExplosively(FrameworkMethod.java:47) [junit-4.12.jar:4.12]
	at org.junit.internal.runners.statements.InvokeMethod.evaluate(InvokeMethod.java:17) [junit-4.12.jar:4.12]
	at org.springframework.test.context.junit4.statements.RunBeforeTestExecutionCallbacks.evaluate(RunBeforeTestExecutionCallbacks.java:73) [spring-test-5.0.6.RELEASE.jar:5.0.6.RELEASE]
	at org.springframework.test.context.junit4.statements.RunAfterTestExecutionCallbacks.evaluate(RunAfterTestExecutionCallbacks.java:83) [spring-test-5.0.6.RELEASE.jar:5.0.6.RELEASE]
	at org.junit.internal.runners.statements.RunBefores.evaluate(RunBefores.java:26) [junit-4.12.jar:4.12]
	at org.springframework.test.context.junit4.statements.RunBeforeTestMethodCallbacks.evaluate(RunBeforeTestMethodCallbacks.java:75) [spring-test-5.0.6.RELEASE.jar:5.0.6.RELEASE]
	at org.springframework.test.context.junit4.statements.RunAfterTestMethodCallbacks.evaluate(RunAfterTestMethodCallbacks.java:86) [spring-test-5.0.6.RELEASE.jar:5.0.6.RELEASE]
	at org.springframework.test.context.junit4.statements.SpringRepeat.evaluate(SpringRepeat.java:84) [spring-test-5.0.6.RELEASE.jar:5.0.6.RELEASE]
	at org.junit.runners.ParentRunner.runLeaf(ParentRunner.java:325) [junit-4.12.jar:4.12]
	at org.springframework.test.context.junit4.SpringJUnit4ClassRunner.runChild(SpringJUnit4ClassRunner.java:251) [spring-test-5.0.6.RELEASE.jar:5.0.6.RELEASE]
	at org.springframework.test.context.junit4.SpringJUnit4ClassRunner.runChild(SpringJUnit4ClassRunner.java:97) [spring-test-5.0.6.RELEASE.jar:5.0.6.RELEASE]
	at org.junit.runners.ParentRunner$3.run(ParentRunner.java:290) [junit-4.12.jar:4.12]
	at org.junit.runners.ParentRunner$1.schedule(ParentRunner.java:71) [junit-4.12.jar:4.12]
	at org.junit.runners.ParentRunner.runChildren(ParentRunner.java:288) [junit-4.12.jar:4.12]
	at org.junit.runners.ParentRunner.access$000(ParentRunner.java:58) [junit-4.12.jar:4.12]
	at org.junit.runners.ParentRunner$2.evaluate(ParentRunner.java:268) [junit-4.12.jar:4.12]
	at org.springframework.test.context.junit4.statements.RunBeforeTestClassCallbacks.evaluate(RunBeforeTestClassCallbacks.java:61) [spring-test-5.0.6.RELEASE.jar:5.0.6.RELEASE]
	at org.springframework.test.context.junit4.statements.RunAfterTestClassCallbacks.evaluate(RunAfterTestClassCallbacks.java:70) [spring-test-5.0.6.RELEASE.jar:5.0.6.RELEASE]
	at org.junit.runners.ParentRunner.run(ParentRunner.java:363) [junit-4.12.jar:4.12]
	at org.springframework.test.context.junit4.SpringJUnit4ClassRunner.run(SpringJUnit4ClassRunner.java:190) [spring-test-5.0.6.RELEASE.jar:5.0.6.RELEASE]
	at org.gradle.api.internal.tasks.testing.junit.JUnitTestClassExecuter.runTestClass(JUnitTestClassExecuter.java:114) [gradle-testing-jvm-4.0.jar:4.0]
	at org.gradle.api.internal.tasks.testing.junit.JUnitTestClassExecuter.execute(JUnitTestClassExecuter.java:57) [gradle-testing-jvm-4.0.jar:4.0]
	at org.gradle.api.internal.tasks.testing.junit.JUnitTestClassProcessor.processTestClass(JUnitTestClassProcessor.java:66) [gradle-testing-jvm-4.0.jar:4.0]
	at org.gradle.api.internal.tasks.testing.SuiteTestClassProcessor.processTestClass(SuiteTestClassProcessor.java:51) [gradle-testing-base-4.0.jar:4.0]
	at sun.reflect.NativeMethodAccessorImpl.invoke0(Native Method) ~[na:1.8.0_131]
	at sun.reflect.NativeMethodAccessorImpl.invoke(NativeMethodAccessorImpl.java:62) ~[na:1.8.0_131]
	at sun.reflect.DelegatingMethodAccessorImpl.invoke(DelegatingMethodAccessorImpl.java:43) ~[na:1.8.0_131]
	at java.lang.reflect.Method.invoke(Method.java:498) ~[na:1.8.0_131]
	at org.gradle.internal.dispatch.ReflectionDispatch.dispatch(ReflectionDispatch.java:35) [gradle-messaging-4.0.jar:4.0]
	at org.gradle.internal.dispatch.ReflectionDispatch.dispatch(ReflectionDispatch.java:24) [gradle-messaging-4.0.jar:4.0]
	at org.gradle.internal.dispatch.ContextClassLoaderDispatch.dispatch(ContextClassLoaderDispatch.java:32) [gradle-messaging-4.0.jar:4.0]
	at org.gradle.internal.dispatch.ProxyDispatchAdapter$DispatchingInvocationHandler.invoke(ProxyDispatchAdapter.java:93) [gradle-messaging-4.0.jar:4.0]
	at com.sun.proxy.$Proxy1.processTestClass(Unknown Source) [na:na]
	at org.gradle.api.internal.tasks.testing.worker.TestWorker.processTestClass(TestWorker.java:109) [gradle-testing-base-4.0.jar:4.0]
	at sun.reflect.NativeMethodAccessorImpl.invoke0(Native Method) ~[na:1.8.0_131]
	at sun.reflect.NativeMethodAccessorImpl.invoke(NativeMethodAccessorImpl.java:62) ~[na:1.8.0_131]
	at sun.reflect.DelegatingMethodAccessorImpl.invoke(DelegatingMethodAccessorImpl.java:43) ~[na:1.8.0_131]
	at java.lang.reflect.Method.invoke(Method.java:498) ~[na:1.8.0_131]
	at org.gradle.internal.dispatch.ReflectionDispatch.dispatch(ReflectionDispatch.java:35) [gradle-messaging-4.0.jar:4.0]
	at org.gradle.internal.dispatch.ReflectionDispatch.dispatch(ReflectionDispatch.java:24) [gradle-messaging-4.0.jar:4.0]
	at org.gradle.internal.remote.internal.hub.MessageHubBackedObjectConnection$DispatchWrapper.dispatch(MessageHubBackedObjectConnection.java:146) [gradle-messaging-4.0.jar:4.0]
	at org.gradle.internal.remote.internal.hub.MessageHubBackedObjectConnection$DispatchWrapper.dispatch(MessageHubBackedObjectConnection.java:128) [gradle-messaging-4.0.jar:4.0]
	at org.gradle.internal.remote.internal.hub.MessageHub$Handler.run(MessageHub.java:404) [gradle-messaging-4.0.jar:4.0]
	at org.gradle.internal.concurrent.ExecutorPolicy$CatchAndRecordFailures.onExecute(ExecutorPolicy.java:63) [gradle-base-services-4.0.jar:4.0]
	at org.gradle.internal.concurrent.StoppableExecutorImpl$1.run(StoppableExecutorImpl.java:46) [gradle-base-services-4.0.jar:4.0]
	at java.util.concurrent.ThreadPoolExecutor.runWorker(ThreadPoolExecutor.java:1142) [na:1.8.0_131]
	at java.util.concurrent.ThreadPoolExecutor$Worker.run(ThreadPoolExecutor.java:617) [na:1.8.0_131]
	at org.gradle.internal.concurrent.ThreadFactoryImpl$ManagedThreadRunnable.run(ThreadFactoryImpl.java:55) [gradle-base-services-4.0.jar:4.0]
	at java.lang.Thread.run(Thread.java:748) [na:1.8.0_131]
Caused by: java.sql.SQLException: null
	at com.wp.shop.service.impl.OfferServiceImplTest.shouldThrowExceptionWhenCancelOffer(OfferServiceImplTest.java:216) [test/:na]
	... 55 common frames omitted

2018-05-28 12:53:04.369  INFO 76659 --- [Test worker] c.wp.shop.service.impl.OfferServiceImpl  : Cancelled offer with id [1001]
2018-05-28 12:53:04.373 ERROR 76659 --- [Test worker] c.wp.shop.service.impl.OfferServiceImpl  : Error encountered while saving the offer 

org.hibernate.JDBCException: conflict
	at com.wp.shop.service.impl.OfferServiceImpl.createOffer(OfferServiceImpl.java:83) ~[main/:na]
	at com.wp.shop.service.impl.OfferServiceImplTest.shouldThrowExceptionWhenCreatingOffer(OfferServiceImplTest.java:181) [test/:na]
	at sun.reflect.NativeMethodAccessorImpl.invoke0(Native Method) ~[na:1.8.0_131]
	at sun.reflect.NativeMethodAccessorImpl.invoke(NativeMethodAccessorImpl.java:62) ~[na:1.8.0_131]
	at sun.reflect.DelegatingMethodAccessorImpl.invoke(DelegatingMethodAccessorImpl.java:43) ~[na:1.8.0_131]
	at java.lang.reflect.Method.invoke(Method.java:498) ~[na:1.8.0_131]
	at org.junit.runners.model.FrameworkMethod$1.runReflectiveCall(FrameworkMethod.java:50) [junit-4.12.jar:4.12]
	at org.junit.internal.runners.model.ReflectiveCallable.run(ReflectiveCallable.java:12) [junit-4.12.jar:4.12]
	at org.junit.runners.model.FrameworkMethod.invokeExplosively(FrameworkMethod.java:47) [junit-4.12.jar:4.12]
	at org.junit.internal.runners.statements.InvokeMethod.evaluate(InvokeMethod.java:17) [junit-4.12.jar:4.12]
	at org.springframework.test.context.junit4.statements.RunBeforeTestExecutionCallbacks.evaluate(RunBeforeTestExecutionCallbacks.java:73) [spring-test-5.0.6.RELEASE.jar:5.0.6.RELEASE]
	at org.springframework.test.context.junit4.statements.RunAfterTestExecutionCallbacks.evaluate(RunAfterTestExecutionCallbacks.java:83) [spring-test-5.0.6.RELEASE.jar:5.0.6.RELEASE]
	at org.junit.internal.runners.statements.RunBefores.evaluate(RunBefores.java:26) [junit-4.12.jar:4.12]
	at org.springframework.test.context.junit4.statements.RunBeforeTestMethodCallbacks.evaluate(RunBeforeTestMethodCallbacks.java:75) [spring-test-5.0.6.RELEASE.jar:5.0.6.RELEASE]
	at org.springframework.test.context.junit4.statements.RunAfterTestMethodCallbacks.evaluate(RunAfterTestMethodCallbacks.java:86) [spring-test-5.0.6.RELEASE.jar:5.0.6.RELEASE]
	at org.springframework.test.context.junit4.statements.SpringRepeat.evaluate(SpringRepeat.java:84) [spring-test-5.0.6.RELEASE.jar:5.0.6.RELEASE]
	at org.junit.runners.ParentRunner.runLeaf(ParentRunner.java:325) [junit-4.12.jar:4.12]
	at org.springframework.test.context.junit4.SpringJUnit4ClassRunner.runChild(SpringJUnit4ClassRunner.java:251) [spring-test-5.0.6.RELEASE.jar:5.0.6.RELEASE]
	at org.springframework.test.context.junit4.SpringJUnit4ClassRunner.runChild(SpringJUnit4ClassRunner.java:97) [spring-test-5.0.6.RELEASE.jar:5.0.6.RELEASE]
	at org.junit.runners.ParentRunner$3.run(ParentRunner.java:290) [junit-4.12.jar:4.12]
	at org.junit.runners.ParentRunner$1.schedule(ParentRunner.java:71) [junit-4.12.jar:4.12]
	at org.junit.runners.ParentRunner.runChildren(ParentRunner.java:288) [junit-4.12.jar:4.12]
	at org.junit.runners.ParentRunner.access$000(ParentRunner.java:58) [junit-4.12.jar:4.12]
	at org.junit.runners.ParentRunner$2.evaluate(ParentRunner.java:268) [junit-4.12.jar:4.12]
	at org.springframework.test.context.junit4.statements.RunBeforeTestClassCallbacks.evaluate(RunBeforeTestClassCallbacks.java:61) [spring-test-5.0.6.RELEASE.jar:5.0.6.RELEASE]
	at org.springframework.test.context.junit4.statements.RunAfterTestClassCallbacks.evaluate(RunAfterTestClassCallbacks.java:70) [spring-test-5.0.6.RELEASE.jar:5.0.6.RELEASE]
	at org.junit.runners.ParentRunner.run(ParentRunner.java:363) [junit-4.12.jar:4.12]
	at org.springframework.test.context.junit4.SpringJUnit4ClassRunner.run(SpringJUnit4ClassRunner.java:190) [spring-test-5.0.6.RELEASE.jar:5.0.6.RELEASE]
	at org.gradle.api.internal.tasks.testing.junit.JUnitTestClassExecuter.runTestClass(JUnitTestClassExecuter.java:114) [gradle-testing-jvm-4.0.jar:4.0]
	at org.gradle.api.internal.tasks.testing.junit.JUnitTestClassExecuter.execute(JUnitTestClassExecuter.java:57) [gradle-testing-jvm-4.0.jar:4.0]
	at org.gradle.api.internal.tasks.testing.junit.JUnitTestClassProcessor.processTestClass(JUnitTestClassProcessor.java:66) [gradle-testing-jvm-4.0.jar:4.0]
	at org.gradle.api.internal.tasks.testing.SuiteTestClassProcessor.processTestClass(SuiteTestClassProcessor.java:51) [gradle-testing-base-4.0.jar:4.0]
	at sun.reflect.NativeMethodAccessorImpl.invoke0(Native Method) ~[na:1.8.0_131]
	at sun.reflect.NativeMethodAccessorImpl.invoke(NativeMethodAccessorImpl.java:62) ~[na:1.8.0_131]
	at sun.reflect.DelegatingMethodAccessorImpl.invoke(DelegatingMethodAccessorImpl.java:43) ~[na:1.8.0_131]
	at java.lang.reflect.Method.invoke(Method.java:498) ~[na:1.8.0_131]
	at org.gradle.internal.dispatch.ReflectionDispatch.dispatch(ReflectionDispatch.java:35) [gradle-messaging-4.0.jar:4.0]
	at org.gradle.internal.dispatch.ReflectionDispatch.dispatch(ReflectionDispatch.java:24) [gradle-messaging-4.0.jar:4.0]
	at org.gradle.internal.dispatch.ContextClassLoaderDispatch.dispatch(ContextClassLoaderDispatch.java:32) [gradle-messaging-4.0.jar:4.0]
	at org.gradle.internal.dispatch.ProxyDispatchAdapter$DispatchingInvocationHandler.invoke(ProxyDispatchAdapter.java:93) [gradle-messaging-4.0.jar:4.0]
	at com.sun.proxy.$Proxy1.processTestClass(Unknown Source) [na:na]
	at org.gradle.api.internal.tasks.testing.worker.TestWorker.processTestClass(TestWorker.java:109) [gradle-testing-base-4.0.jar:4.0]
	at sun.reflect.NativeMethodAccessorImpl.invoke0(Native Method) ~[na:1.8.0_131]
	at sun.reflect.NativeMethodAccessorImpl.invoke(NativeMethodAccessorImpl.java:62) ~[na:1.8.0_131]
	at sun.reflect.DelegatingMethodAccessorImpl.invoke(DelegatingMethodAccessorImpl.java:43) ~[na:1.8.0_131]
	at java.lang.reflect.Method.invoke(Method.java:498) ~[na:1.8.0_131]
	at org.gradle.internal.dispatch.ReflectionDispatch.dispatch(ReflectionDispatch.java:35) [gradle-messaging-4.0.jar:4.0]
	at org.gradle.internal.dispatch.ReflectionDispatch.dispatch(ReflectionDispatch.java:24) [gradle-messaging-4.0.jar:4.0]
	at org.gradle.internal.remote.internal.hub.MessageHubBackedObjectConnection$DispatchWrapper.dispatch(MessageHubBackedObjectConnection.java:146) [gradle-messaging-4.0.jar:4.0]
	at org.gradle.internal.remote.internal.hub.MessageHubBackedObjectConnection$DispatchWrapper.dispatch(MessageHubBackedObjectConnection.java:128) [gradle-messaging-4.0.jar:4.0]
	at org.gradle.internal.remote.internal.hub.MessageHub$Handler.run(MessageHub.java:404) [gradle-messaging-4.0.jar:4.0]
	at org.gradle.internal.concurrent.ExecutorPolicy$CatchAndRecordFailures.onExecute(ExecutorPolicy.java:63) [gradle-base-services-4.0.jar:4.0]
	at org.gradle.internal.concurrent.StoppableExecutorImpl$1.run(StoppableExecutorImpl.java:46) [gradle-base-services-4.0.jar:4.0]
	at java.util.concurrent.ThreadPoolExecutor.runWorker(ThreadPoolExecutor.java:1142) [na:1.8.0_131]
	at java.util.concurrent.ThreadPoolExecutor$Worker.run(ThreadPoolExecutor.java:617) [na:1.8.0_131]
	at org.gradle.internal.concurrent.ThreadFactoryImpl$ManagedThreadRunnable.run(ThreadFactoryImpl.java:55) [gradle-base-services-4.0.jar:4.0]
	at java.lang.Thread.run(Thread.java:748) [na:1.8.0_131]
Caused by: java.sql.SQLException: null
	at com.wp.shop.service.impl.OfferServiceImplTest.shouldThrowExceptionWhenCreatingOffer(OfferServiceImplTest.java:178) [test/:na]
	... 55 common frames omitted

2018-05-28 12:53:04.381  INFO 76659 --- [Test worker] c.wp.shop.service.impl.OfferServiceImpl  : Created offer [OfferDao {id=1001, product=ProductDao {id=1002, name='Name', price=100, currency='GBP'}, description='Description', price=100, currency='GBP', startDate=Mon May 28 13:01:22 BST 2018, endDate=Mon May 28 13:09:42 BST 2018, status=ACTIVE}]
2018-05-28 12:53:04.385  INFO 76659 --- [Test worker] c.wp.shop.service.impl.OfferServiceImpl  : Retrieved [1] offers with status [ACTIVE]
2018-05-28 12:53:04.388  INFO 76659 --- [Test worker] c.wp.shop.service.impl.OfferServiceImpl  : Retrieved offer [Offer {id=1001, productId=1002, description='Description', price=100, currency='GBP', startDate=Mon May 28 13:01:22 BST 2018, endDate=Mon May 28 13:09:42 BST 2018, status=ACTIVE}]
2018-05-28 12:53:04.391  INFO 76659 --- [Test worker] c.wp.shop.service.impl.OfferServiceImpl  : Retrieved [0] offers
2018-05-28 12:53:04.394  INFO 76659 --- [Test worker] c.wp.shop.service.impl.OfferServiceImpl  : Retrieved [1] offers
2018-05-28 12:53:04.399  INFO 76659 --- [Test worker] o.s.t.c.s.DefaultTestContextBootstrapper : Neither @ContextConfiguration nor @ContextHierarchy found for test class [com.wp.shop.exception.handler.HttpExceptionHandlerTest], using DelegatingSmartContextLoader
2018-05-28 12:53:04.400  INFO 76659 --- [Test worker] o.s.t.c.support.AbstractContextLoader    : Could not detect default resource locations for test class [com.wp.shop.exception.handler.HttpExceptionHandlerTest]: no resource found for suffixes {-context.xml}.
2018-05-28 12:53:04.400  INFO 76659 --- [Test worker] t.c.s.AnnotationConfigContextLoaderUtils : Could not detect default configuration classes for test class [com.wp.shop.exception.handler.HttpExceptionHandlerTest]: HttpExceptionHandlerTest does not declare any static, non-private, non-final, nested classes annotated with @Configuration.
2018-05-28 12:53:04.401  INFO 76659 --- [Test worker] o.s.t.c.s.DefaultTestContextBootstrapper : Loaded default TestExecutionListener class names from location [META-INF/spring.factories]: [org.springframework.boot.test.autoconfigure.restdocs.RestDocsTestExecutionListener, org.springframework.boot.test.autoconfigure.web.client.MockRestServiceServerResetTestExecutionListener, org.springframework.boot.test.autoconfigure.web.servlet.MockMvcPrintOnlyOnFailureTestExecutionListener, org.springframework.boot.test.autoconfigure.web.servlet.WebDriverTestExecutionListener, org.springframework.boot.test.mock.mockito.MockitoTestExecutionListener, org.springframework.boot.test.mock.mockito.ResetMocksTestExecutionListener, org.springframework.test.context.web.ServletTestExecutionListener, org.springframework.test.context.support.DirtiesContextBeforeModesTestExecutionListener, org.springframework.test.context.support.DependencyInjectionTestExecutionListener, org.springframework.test.context.support.DirtiesContextTestExecutionListener, org.springframework.test.context.transaction.TransactionalTestExecutionListener, org.springframework.test.context.jdbc.SqlScriptsTestExecutionListener]
2018-05-28 12:53:04.402  INFO 76659 --- [Test worker] o.s.t.c.s.DefaultTestContextBootstrapper : Using TestExecutionListeners: [org.springframework.test.context.web.ServletTestExecutionListener@37c1b78b, org.springframework.test.context.support.DirtiesContextBeforeModesTestExecutionListener@4e2378b2, org.springframework.boot.test.mock.mockito.MockitoTestExecutionListener@6ceca1ed, org.springframework.test.context.support.DependencyInjectionTestExecutionListener@5e5406ca, org.springframework.test.context.support.DirtiesContextTestExecutionListener@64939f64, org.springframework.test.context.transaction.TransactionalTestExecutionListener@31208dac, org.springframework.test.context.jdbc.SqlScriptsTestExecutionListener@384ab1ac, org.springframework.boot.test.autoconfigure.restdocs.RestDocsTestExecutionListener@46d68239, org.springframework.boot.test.autoconfigure.web.client.MockRestServiceServerResetTestExecutionListener@3ec64d38, org.springframework.boot.test.autoconfigure.web.servlet.MockMvcPrintOnlyOnFailureTestExecutionListener@b3efaa1, org.springframework.boot.test.autoconfigure.web.servlet.WebDriverTestExecutionListener@6694edbb, org.springframework.boot.test.mock.mockito.ResetMocksTestExecutionListener@14216c1a]
2018-05-28 12:53:04.610 ERROR 76659 --- [Test worker] c.w.s.e.handler.HttpExceptionHandler     : Conflict exception encountered: error
2018-05-28 12:53:04.628 ERROR 76659 --- [Test worker] c.w.s.e.handler.HttpExceptionHandler     : Method argument type mismatch exception encountered: mismatch error
2018-05-28 12:53:04.631 ERROR 76659 --- [Test worker] c.w.s.e.handler.HttpExceptionHandler     : Method argument not valid exception encountered: null
2018-05-28 12:53:04.633 ERROR 76659 --- [Test worker] c.w.s.e.handler.HttpExceptionHandler     : Generic exception encountered

java.lang.Exception: error
	at com.wp.shop.exception.handler.HttpExceptionHandlerTest.shouldHandleGenericException(HttpExceptionHandlerTest.java:102) [test/:na]
	at sun.reflect.NativeMethodAccessorImpl.invoke0(Native Method) ~[na:1.8.0_131]
	at sun.reflect.NativeMethodAccessorImpl.invoke(NativeMethodAccessorImpl.java:62) ~[na:1.8.0_131]
	at sun.reflect.DelegatingMethodAccessorImpl.invoke(DelegatingMethodAccessorImpl.java:43) ~[na:1.8.0_131]
	at java.lang.reflect.Method.invoke(Method.java:498) ~[na:1.8.0_131]
	at org.junit.runners.model.FrameworkMethod$1.runReflectiveCall(FrameworkMethod.java:50) [junit-4.12.jar:4.12]
	at org.junit.internal.runners.model.ReflectiveCallable.run(ReflectiveCallable.java:12) [junit-4.12.jar:4.12]
	at org.junit.runners.model.FrameworkMethod.invokeExplosively(FrameworkMethod.java:47) [junit-4.12.jar:4.12]
	at org.junit.internal.runners.statements.InvokeMethod.evaluate(InvokeMethod.java:17) [junit-4.12.jar:4.12]
	at org.springframework.test.context.junit4.statements.RunBeforeTestExecutionCallbacks.evaluate(RunBeforeTestExecutionCallbacks.java:73) [spring-test-5.0.6.RELEASE.jar:5.0.6.RELEASE]
	at org.springframework.test.context.junit4.statements.RunAfterTestExecutionCallbacks.evaluate(RunAfterTestExecutionCallbacks.java:83) [spring-test-5.0.6.RELEASE.jar:5.0.6.RELEASE]
	at org.springframework.test.context.junit4.statements.RunBeforeTestMethodCallbacks.evaluate(RunBeforeTestMethodCallbacks.java:75) [spring-test-5.0.6.RELEASE.jar:5.0.6.RELEASE]
	at org.springframework.test.context.junit4.statements.RunAfterTestMethodCallbacks.evaluate(RunAfterTestMethodCallbacks.java:86) [spring-test-5.0.6.RELEASE.jar:5.0.6.RELEASE]
	at org.springframework.test.context.junit4.statements.SpringRepeat.evaluate(SpringRepeat.java:84) [spring-test-5.0.6.RELEASE.jar:5.0.6.RELEASE]
	at org.junit.runners.ParentRunner.runLeaf(ParentRunner.java:325) [junit-4.12.jar:4.12]
	at org.springframework.test.context.junit4.SpringJUnit4ClassRunner.runChild(SpringJUnit4ClassRunner.java:251) [spring-test-5.0.6.RELEASE.jar:5.0.6.RELEASE]
	at org.springframework.test.context.junit4.SpringJUnit4ClassRunner.runChild(SpringJUnit4ClassRunner.java:97) [spring-test-5.0.6.RELEASE.jar:5.0.6.RELEASE]
	at org.junit.runners.ParentRunner$3.run(ParentRunner.java:290) [junit-4.12.jar:4.12]
	at org.junit.runners.ParentRunner$1.schedule(ParentRunner.java:71) [junit-4.12.jar:4.12]
	at org.junit.runners.ParentRunner.runChildren(ParentRunner.java:288) [junit-4.12.jar:4.12]
	at org.junit.runners.ParentRunner.access$000(ParentRunner.java:58) [junit-4.12.jar:4.12]
	at org.junit.runners.ParentRunner$2.evaluate(ParentRunner.java:268) [junit-4.12.jar:4.12]
	at org.springframework.test.context.junit4.statements.RunBeforeTestClassCallbacks.evaluate(RunBeforeTestClassCallbacks.java:61) [spring-test-5.0.6.RELEASE.jar:5.0.6.RELEASE]
	at org.springframework.test.context.junit4.statements.RunAfterTestClassCallbacks.evaluate(RunAfterTestClassCallbacks.java:70) [spring-test-5.0.6.RELEASE.jar:5.0.6.RELEASE]
	at org.junit.runners.ParentRunner.run(ParentRunner.java:363) [junit-4.12.jar:4.12]
	at org.springframework.test.context.junit4.SpringJUnit4ClassRunner.run(SpringJUnit4ClassRunner.java:190) [spring-test-5.0.6.RELEASE.jar:5.0.6.RELEASE]
	at org.gradle.api.internal.tasks.testing.junit.JUnitTestClassExecuter.runTestClass(JUnitTestClassExecuter.java:114) [gradle-testing-jvm-4.0.jar:4.0]
	at org.gradle.api.internal.tasks.testing.junit.JUnitTestClassExecuter.execute(JUnitTestClassExecuter.java:57) [gradle-testing-jvm-4.0.jar:4.0]
	at org.gradle.api.internal.tasks.testing.junit.JUnitTestClassProcessor.processTestClass(JUnitTestClassProcessor.java:66) [gradle-testing-jvm-4.0.jar:4.0]
	at org.gradle.api.internal.tasks.testing.SuiteTestClassProcessor.processTestClass(SuiteTestClassProcessor.java:51) [gradle-testing-base-4.0.jar:4.0]
	at sun.reflect.NativeMethodAccessorImpl.invoke0(Native Method) ~[na:1.8.0_131]
	at sun.reflect.NativeMethodAccessorImpl.invoke(NativeMethodAccessorImpl.java:62) ~[na:1.8.0_131]
	at sun.reflect.DelegatingMethodAccessorImpl.invoke(DelegatingMethodAccessorImpl.java:43) ~[na:1.8.0_131]
	at java.lang.reflect.Method.invoke(Method.java:498) ~[na:1.8.0_131]
	at org.gradle.internal.dispatch.ReflectionDispatch.dispatch(ReflectionDispatch.java:35) [gradle-messaging-4.0.jar:4.0]
	at org.gradle.internal.dispatch.ReflectionDispatch.dispatch(ReflectionDispatch.java:24) [gradle-messaging-4.0.jar:4.0]
	at org.gradle.internal.dispatch.ContextClassLoaderDispatch.dispatch(ContextClassLoaderDispatch.java:32) [gradle-messaging-4.0.jar:4.0]
	at org.gradle.internal.dispatch.ProxyDispatchAdapter$DispatchingInvocationHandler.invoke(ProxyDispatchAdapter.java:93) [gradle-messaging-4.0.jar:4.0]
	at com.sun.proxy.$Proxy1.processTestClass(Unknown Source) [na:na]
	at org.gradle.api.internal.tasks.testing.worker.TestWorker.processTestClass(TestWorker.java:109) [gradle-testing-base-4.0.jar:4.0]
	at sun.reflect.NativeMethodAccessorImpl.invoke0(Native Method) ~[na:1.8.0_131]
	at sun.reflect.NativeMethodAccessorImpl.invoke(NativeMethodAccessorImpl.java:62) ~[na:1.8.0_131]
	at sun.reflect.DelegatingMethodAccessorImpl.invoke(DelegatingMethodAccessorImpl.java:43) ~[na:1.8.0_131]
	at java.lang.reflect.Method.invoke(Method.java:498) ~[na:1.8.0_131]
	at org.gradle.internal.dispatch.ReflectionDispatch.dispatch(ReflectionDispatch.java:35) [gradle-messaging-4.0.jar:4.0]
	at org.gradle.internal.dispatch.ReflectionDispatch.dispatch(ReflectionDispatch.java:24) [gradle-messaging-4.0.jar:4.0]
	at org.gradle.internal.remote.internal.hub.MessageHubBackedObjectConnection$DispatchWrapper.dispatch(MessageHubBackedObjectConnection.java:146) [gradle-messaging-4.0.jar:4.0]
	at org.gradle.internal.remote.internal.hub.MessageHubBackedObjectConnection$DispatchWrapper.dispatch(MessageHubBackedObjectConnection.java:128) [gradle-messaging-4.0.jar:4.0]
	at org.gradle.internal.remote.internal.hub.MessageHub$Handler.run(MessageHub.java:404) [gradle-messaging-4.0.jar:4.0]
	at org.gradle.internal.concurrent.ExecutorPolicy$CatchAndRecordFailures.onExecute(ExecutorPolicy.java:63) [gradle-base-services-4.0.jar:4.0]
	at org.gradle.internal.concurrent.StoppableExecutorImpl$1.run(StoppableExecutorImpl.java:46) [gradle-base-services-4.0.jar:4.0]
	at java.util.concurrent.ThreadPoolExecutor.runWorker(ThreadPoolExecutor.java:1142) [na:1.8.0_131]
	at java.util.concurrent.ThreadPoolExecutor$Worker.run(ThreadPoolExecutor.java:617) [na:1.8.0_131]
	at org.gradle.internal.concurrent.ThreadFactoryImpl$ManagedThreadRunnable.run(ThreadFactoryImpl.java:55) [gradle-base-services-4.0.jar:4.0]
	at java.lang.Thread.run(Thread.java:748) [na:1.8.0_131]

2018-05-28 12:53:04.636 ERROR 76659 --- [Test worker] c.w.s.e.handler.HttpExceptionHandler     : Bad request exception encountered: error
2018-05-28 12:53:04.637 ERROR 76659 --- [Test worker] c.w.s.e.handler.HttpExceptionHandler     : Not found exception encountered: error
2018-05-28 12:53:04.643  INFO 76659 --- [Thread-7] o.s.w.c.s.GenericWebApplicationContext   : Closing org.springframework.web.context.support.GenericWebApplicationContext@4131d702: startup date [Mon May 28 12:53:02 BST 2018]; root of context hierarchy
2018-05-28 12:53:04.643  INFO 76659 --- [Thread-5] o.s.w.c.s.GenericWebApplicationContext   : Closing org.springframework.web.context.support.GenericWebApplicationContext@24bf4438: startup date [Mon May 28 12:52:56 BST 2018]; root of context hierarchy
2018-05-28 12:53:04.643  INFO 76659 --- [Thread-8] o.s.c.support.GenericApplicationContext  : Closing org.springframework.context.support.GenericApplicationContext@73828c9e: startup date [Mon May 28 12:53:04 BST 2018]; root of context hierarchy
2018-05-28 12:53:04.646  INFO 76659 --- [Thread-5] o.s.c.support.DefaultLifecycleProcessor  : Stopping beans in phase 2147483647
2018-05-28 12:53:04.646  INFO 76659 --- [Thread-7] o.s.c.support.DefaultLifecycleProcessor  : Stopping beans in phase 2147483647
2018-05-28 12:53:04.653  INFO 76659 --- [Thread-5] j.LocalContainerEntityManagerFactoryBean : Closing JPA EntityManagerFactory for persistence unit 'default'
2018-05-28 12:53:04.653  INFO 76659 --- [Thread-7] j.LocalContainerEntityManagerFactoryBean : Closing JPA EntityManagerFactory for persistence unit 'default'
2018-05-28 12:53:04.653  INFO 76659 --- [Thread-5] .SchemaDropperImpl$DelayedDropActionImpl : HHH000477: Starting delayed drop of schema as part of SessionFactory shut-down'
2018-05-28 12:53:04.653  INFO 76659 --- [Thread-7] .SchemaDropperImpl$DelayedDropActionImpl : HHH000477: Starting delayed drop of schema as part of SessionFactory shut-down'
2018-05-28 12:53:04.658  INFO 76659 --- [Thread-5] com.zaxxer.hikari.HikariDataSource       : HikariPool-1 - Shutdown initiated...
2018-05-28 12:53:04.658  INFO 76659 --- [Thread-7] com.zaxxer.hikari.HikariDataSource       : HikariPool-2 - Shutdown initiated...
2018-05-28 12:53:04.663  INFO 76659 --- [Thread-5] com.zaxxer.hikari.HikariDataSource       : HikariPool-1 - Shutdown completed.
2018-05-28 12:53:04.663  INFO 76659 --- [Thread-7] com.zaxxer.hikari.HikariDataSource       : HikariPool-2 - Shutdown completed.
2018-05-28 12:54:48.509  INFO 76837 --- [main] com.wp.shop.ShopApplication              : Starting ShopApplication on Mihais-MBP-2 with PID 76837 (/Users/manghel/Downloads/shop/build/classes/java/main started by manghel in /Users/manghel/Downloads/shop)
2018-05-28 12:54:48.512  INFO 76837 --- [main] com.wp.shop.ShopApplication              : No active profile set, falling back to default profiles: default
2018-05-28 12:54:48.555  INFO 76837 --- [main] ConfigServletWebServerApplicationContext : Refreshing org.springframework.boot.web.servlet.context.AnnotationConfigServletWebServerApplicationContext@130d63be: startup date [Mon May 28 12:54:48 BST 2018]; root of context hierarchy
2018-05-28 12:54:49.784  INFO 76837 --- [main] trationDelegate$BeanPostProcessorChecker : Bean 'org.springframework.transaction.annotation.ProxyTransactionManagementConfiguration' of type [org.springframework.transaction.annotation.ProxyTransactionManagementConfiguration$$EnhancerBySpringCGLIB$$1a99c6f4] is not eligible for getting processed by all BeanPostProcessors (for example: not eligible for auto-proxying)
2018-05-28 12:54:50.071  INFO 76837 --- [main] o.s.b.w.embedded.tomcat.TomcatWebServer  : Tomcat initialized with port(s): 8080 (http)
2018-05-28 12:54:50.097  INFO 76837 --- [main] o.apache.catalina.core.StandardService   : Starting service [Tomcat]
2018-05-28 12:54:50.097  INFO 76837 --- [main] org.apache.catalina.core.StandardEngine  : Starting Servlet Engine: Apache Tomcat/8.5.31
2018-05-28 12:54:50.107  INFO 76837 --- [localhost-startStop-1] o.a.catalina.core.AprLifecycleListener   : The APR based Apache Tomcat Native library which allows optimal performance in production environments was not found on the java.library.path: [/Users/manghel/Library/Java/Extensions:/Library/Java/Extensions:/Network/Library/Java/Extensions:/System/Library/Java/Extensions:/usr/lib/java:.]
2018-05-28 12:54:50.210  INFO 76837 --- [localhost-startStop-1] o.a.c.c.C.[Tomcat].[localhost].[/shop]   : Initializing Spring embedded WebApplicationContext
2018-05-28 12:54:50.211  INFO 76837 --- [localhost-startStop-1] o.s.web.context.ContextLoader            : Root WebApplicationContext: initialization completed in 1656 ms
2018-05-28 12:54:50.437  INFO 76837 --- [localhost-startStop-1] o.s.b.w.servlet.ServletRegistrationBean  : Servlet dispatcherServlet mapped to [/]
2018-05-28 12:54:50.438  INFO 76837 --- [localhost-startStop-1] o.s.b.w.servlet.ServletRegistrationBean  : Servlet webServlet mapped to [/h2-console/*]
2018-05-28 12:54:50.441  INFO 76837 --- [localhost-startStop-1] o.s.b.w.servlet.FilterRegistrationBean   : Mapping filter: 'characterEncodingFilter' to: [/*]
2018-05-28 12:54:50.441  INFO 76837 --- [localhost-startStop-1] o.s.b.w.servlet.FilterRegistrationBean   : Mapping filter: 'hiddenHttpMethodFilter' to: [/*]
2018-05-28 12:54:50.442  INFO 76837 --- [localhost-startStop-1] o.s.b.w.servlet.FilterRegistrationBean   : Mapping filter: 'httpPutFormContentFilter' to: [/*]
2018-05-28 12:54:50.442  INFO 76837 --- [localhost-startStop-1] o.s.b.w.servlet.FilterRegistrationBean   : Mapping filter: 'requestContextFilter' to: [/*]
2018-05-28 12:54:50.563  INFO 76837 --- [main] com.zaxxer.hikari.HikariDataSource       : HikariPool-1 - Starting...
2018-05-28 12:54:50.692  INFO 76837 --- [main] com.zaxxer.hikari.HikariDataSource       : HikariPool-1 - Start completed.
2018-05-28 12:54:50.736  INFO 76837 --- [main] j.LocalContainerEntityManagerFactoryBean : Building JPA container EntityManagerFactory for persistence unit 'default'
2018-05-28 12:54:50.753  INFO 76837 --- [main] o.hibernate.jpa.internal.util.LogHelper  : HHH000204: Processing PersistenceUnitInfo [
	name: default
	...]
2018-05-28 12:54:50.814  INFO 76837 --- [main] org.hibernate.Version                    : HHH000412: Hibernate Core {5.2.17.Final}
2018-05-28 12:54:50.815  INFO 76837 --- [main] org.hibernate.cfg.Environment            : HHH000206: hibernate.properties not found
2018-05-28 12:54:50.847  INFO 76837 --- [main] o.hibernate.annotations.common.Version   : HCANN000001: Hibernate Commons Annotations {5.0.1.Final}
2018-05-28 12:54:50.958  INFO 76837 --- [main] org.hibernate.dialect.Dialect            : HHH000400: Using dialect: org.hibernate.dialect.H2Dialect
2018-05-28 12:54:51.422  INFO 76837 --- [main] o.h.t.schema.internal.SchemaCreatorImpl  : HHH000476: Executing import script 'org.hibernate.tool.schema.internal.exec.ScriptSourceInputNonExistentImpl@2fc49538'
2018-05-28 12:54:51.425  INFO 76837 --- [main] j.LocalContainerEntityManagerFactoryBean : Initialized JPA EntityManagerFactory for persistence unit 'default'
2018-05-28 12:54:51.485  INFO 76837 --- [main] o.s.jdbc.datasource.init.ScriptUtils     : Executing SQL script from URL [file:/Users/manghel/Downloads/shop/build/resources/main/data.sql]
2018-05-28 12:54:51.493  INFO 76837 --- [main] o.s.jdbc.datasource.init.ScriptUtils     : Executed SQL script from URL [file:/Users/manghel/Downloads/shop/build/resources/main/data.sql] in 8 ms.
2018-05-28 12:54:51.771  INFO 76837 --- [main] o.h.h.i.QueryTranslatorFactoryInitiator  : HHH000397: Using ASTQueryTranslatorFactory
2018-05-28 12:54:52.239  WARN 76837 --- [main] aWebConfiguration$JpaWebMvcConfiguration : spring.jpa.open-in-view is enabled by default. Therefore, database queries may be performed during view rendering. Explicitly configure spring.jpa.open-in-view to disable this warning
2018-05-28 12:54:52.304  INFO 76837 --- [main] s.w.s.m.m.a.RequestMappingHandlerMapping : Mapped "{[/offers],methods=[GET],produces=[application/json]}" onto public java.util.Collection<com.wp.shop.model.transfer.OfferDto> com.wp.shop.controller.OfferController.getOffers(com.wp.shop.util.Status)
2018-05-28 12:54:52.305  INFO 76837 --- [main] s.w.s.m.m.a.RequestMappingHandlerMapping : Mapped "{[/offers],methods=[POST],consumes=[application/json]}" onto public java.lang.Long com.wp.shop.controller.OfferController.createOffer(com.wp.shop.model.transfer.OfferDto)
2018-05-28 12:54:52.306  INFO 76837 --- [main] s.w.s.m.m.a.RequestMappingHandlerMapping : Mapped "{[/offers/{id}],methods=[GET],produces=[application/json]}" onto public com.wp.shop.model.transfer.OfferDto com.wp.shop.controller.OfferController.getOfferById(java.lang.Long)
2018-05-28 12:54:52.306  INFO 76837 --- [main] s.w.s.m.m.a.RequestMappingHandlerMapping : Mapped "{[/offers/{id}],methods=[PUT]}" onto public java.lang.Long com.wp.shop.controller.OfferController.cancelOffer(java.lang.Long)
2018-05-28 12:54:52.307  INFO 76837 --- [main] s.w.s.m.m.a.RequestMappingHandlerMapping : Mapped "{[/products],methods=[POST],consumes=[application/json]}" onto public java.lang.Long com.wp.shop.controller.ProductController.createProduct(com.wp.shop.model.transfer.ProductDto)
2018-05-28 12:54:52.307  INFO 76837 --- [main] s.w.s.m.m.a.RequestMappingHandlerMapping : Mapped "{[/products],methods=[GET],produces=[application/json]}" onto public java.util.Collection<com.wp.shop.model.transfer.ProductDto> com.wp.shop.controller.ProductController.getProducts()
2018-05-28 12:54:52.310  INFO 76837 --- [main] s.w.s.m.m.a.RequestMappingHandlerMapping : Mapped "{[/swagger-resources/configuration/security]}" onto public org.springframework.http.ResponseEntity<springfox.documentation.swagger.web.SecurityConfiguration> springfox.documentation.swagger.web.ApiResourceController.securityConfiguration()
2018-05-28 12:54:52.311  INFO 76837 --- [main] s.w.s.m.m.a.RequestMappingHandlerMapping : Mapped "{[/swagger-resources/configuration/ui]}" onto public org.springframework.http.ResponseEntity<springfox.documentation.swagger.web.UiConfiguration> springfox.documentation.swagger.web.ApiResourceController.uiConfiguration()
2018-05-28 12:54:52.311  INFO 76837 --- [main] s.w.s.m.m.a.RequestMappingHandlerMapping : Mapped "{[/swagger-resources]}" onto public org.springframework.http.ResponseEntity<java.util.List<springfox.documentation.swagger.web.SwaggerResource>> springfox.documentation.swagger.web.ApiResourceController.swaggerResources()
2018-05-28 12:54:52.314  INFO 76837 --- [main] s.w.s.m.m.a.RequestMappingHandlerMapping : Mapped "{[/error]}" onto public org.springframework.http.ResponseEntity<java.util.Map<java.lang.String, java.lang.Object>> org.springframework.boot.autoconfigure.web.servlet.error.BasicErrorController.error(javax.servlet.http.HttpServletRequest)
2018-05-28 12:54:52.315  INFO 76837 --- [main] s.w.s.m.m.a.RequestMappingHandlerMapping : Mapped "{[/error],produces=[text/html]}" onto public org.springframework.web.servlet.ModelAndView org.springframework.boot.autoconfigure.web.servlet.error.BasicErrorController.errorHtml(javax.servlet.http.HttpServletRequest,javax.servlet.http.HttpServletResponse)
2018-05-28 12:54:52.445  INFO 76837 --- [main] pertySourcedRequestMappingHandlerMapping : Mapped URL path [/v2/api-docs] onto method [public org.springframework.http.ResponseEntity<springfox.documentation.spring.web.json.Json> springfox.documentation.swagger2.web.Swagger2Controller.getDocumentation(java.lang.String,javax.servlet.http.HttpServletRequest)]
2018-05-28 12:54:52.550  INFO 76837 --- [main] o.s.w.s.handler.SimpleUrlHandlerMapping  : Mapped URL path [/**/favicon.ico] onto handler of type [class org.springframework.web.servlet.resource.ResourceHttpRequestHandler]
2018-05-28 12:54:52.687  INFO 76837 --- [main] s.w.s.m.m.a.RequestMappingHandlerAdapter : Looking for @ControllerAdvice: org.springframework.boot.web.servlet.context.AnnotationConfigServletWebServerApplicationContext@130d63be: startup date [Mon May 28 12:54:48 BST 2018]; root of context hierarchy
2018-05-28 12:54:52.736  INFO 76837 --- [main] o.s.w.s.handler.SimpleUrlHandlerMapping  : Mapped URL path [/webjars/**] onto handler of type [class org.springframework.web.servlet.resource.ResourceHttpRequestHandler]
2018-05-28 12:54:52.737  INFO 76837 --- [main] o.s.w.s.handler.SimpleUrlHandlerMapping  : Mapped URL path [/**] onto handler of type [class org.springframework.web.servlet.resource.ResourceHttpRequestHandler]
2018-05-28 12:54:52.751  INFO 76837 --- [main] .m.m.a.ExceptionHandlerExceptionResolver : Detected @ExceptionHandler methods in httpExceptionHandler
2018-05-28 12:54:53.119  INFO 76837 --- [main] o.s.j.e.a.AnnotationMBeanExporter        : Registering beans for JMX exposure on startup
2018-05-28 12:54:53.121  INFO 76837 --- [main] o.s.j.e.a.AnnotationMBeanExporter        : Bean with name 'dataSource' has been autodetected for JMX exposure
2018-05-28 12:54:53.125  INFO 76837 --- [main] o.s.j.e.a.AnnotationMBeanExporter        : Located MBean 'dataSource': registering with JMX server as MBean [com.zaxxer.hikari:name=dataSource,type=HikariDataSource]
2018-05-28 12:54:53.130  INFO 76837 --- [main] o.s.c.support.DefaultLifecycleProcessor  : Starting beans in phase 2147483647
2018-05-28 12:54:53.130  INFO 76837 --- [main] d.s.w.p.DocumentationPluginsBootstrapper : Context refreshed
2018-05-28 12:54:53.148  INFO 76837 --- [main] d.s.w.p.DocumentationPluginsBootstrapper : Found 1 custom documentation plugin(s)
2018-05-28 12:54:53.180  INFO 76837 --- [main] s.d.s.w.s.ApiListingReferenceScanner     : Scanning for api listing references
2018-05-28 12:54:53.335  INFO 76837 --- [main] s.a.ScheduledAnnotationBeanPostProcessor : No TaskScheduler/ScheduledExecutorService bean found for scheduled processing
2018-05-28 12:54:53.378  INFO 76837 --- [main] o.s.b.w.embedded.tomcat.TomcatWebServer  : Tomcat started on port(s): 8080 (http) with context path '/shop'
2018-05-28 12:54:53.382  INFO 76837 --- [main] com.wp.shop.ShopApplication              : Started ShopApplication in 5.261 seconds (JVM running for 5.643)
2018-05-28 13:04:20.316  INFO 76837 --- [Thread-3] ConfigServletWebServerApplicationContext : Closing org.springframework.boot.web.servlet.context.AnnotationConfigServletWebServerApplicationContext@130d63be: startup date [Mon May 28 12:54:48 BST 2018]; root of context hierarchy
2018-05-28 13:04:20.322  INFO 76837 --- [Thread-3] o.s.c.support.DefaultLifecycleProcessor  : Stopping beans in phase 2147483647
2018-05-28 13:04:20.323  INFO 76837 --- [Thread-3] o.s.j.e.a.AnnotationMBeanExporter        : Unregistering JMX-exposed beans on shutdown
2018-05-28 13:04:20.325  INFO 76837 --- [Thread-3] o.s.j.e.a.AnnotationMBeanExporter        : Unregistering JMX-exposed beans
2018-05-28 13:04:20.337  INFO 76837 --- [Thread-3] j.LocalContainerEntityManagerFactoryBean : Closing JPA EntityManagerFactory for persistence unit 'default'
2018-05-28 13:04:20.338  INFO 76837 --- [Thread-3] .SchemaDropperImpl$DelayedDropActionImpl : HHH000477: Starting delayed drop of schema as part of SessionFactory shut-down'
2018-05-28 13:04:20.353  INFO 76837 --- [Thread-3] com.zaxxer.hikari.HikariDataSource       : HikariPool-1 - Shutdown initiated...
2018-05-28 13:04:20.357  INFO 76837 --- [Thread-3] com.zaxxer.hikari.HikariDataSource       : HikariPool-1 - Shutdown completed.
2018-05-28 13:39:13.087  INFO 80942 --- [main] com.wp.shop.ShopApplication              : Starting ShopApplication on Mihais-MBP-2 with PID 80942 (/Users/manghel/Downloads/shop/build/classes/java/main started by manghel in /Users/manghel/Downloads/shop)
2018-05-28 13:39:13.099  INFO 80942 --- [main] com.wp.shop.ShopApplication              : No active profile set, falling back to default profiles: default
2018-05-28 13:39:13.175  INFO 80942 --- [main] ConfigServletWebServerApplicationContext : Refreshing org.springframework.boot.web.servlet.context.AnnotationConfigServletWebServerApplicationContext@6cf0e0ba: startup date [Mon May 28 13:39:13 BST 2018]; root of context hierarchy
2018-05-28 13:39:14.763  INFO 80942 --- [main] trationDelegate$BeanPostProcessorChecker : Bean 'org.springframework.transaction.annotation.ProxyTransactionManagementConfiguration' of type [org.springframework.transaction.annotation.ProxyTransactionManagementConfiguration$$EnhancerBySpringCGLIB$$8bef727] is not eligible for getting processed by all BeanPostProcessors (for example: not eligible for auto-proxying)
2018-05-28 13:39:15.083  INFO 80942 --- [main] o.s.b.w.embedded.tomcat.TomcatWebServer  : Tomcat initialized with port(s): 8080 (http)
2018-05-28 13:39:15.107  INFO 80942 --- [main] o.apache.catalina.core.StandardService   : Starting service [Tomcat]
2018-05-28 13:39:15.107  INFO 80942 --- [main] org.apache.catalina.core.StandardEngine  : Starting Servlet Engine: Apache Tomcat/8.5.31
2018-05-28 13:39:15.119  INFO 80942 --- [localhost-startStop-1] o.a.catalina.core.AprLifecycleListener   : The APR based Apache Tomcat Native library which allows optimal performance in production environments was not found on the java.library.path: [/Users/manghel/Library/Java/Extensions:/Library/Java/Extensions:/Network/Library/Java/Extensions:/System/Library/Java/Extensions:/usr/lib/java:.]
2018-05-28 13:39:15.258  INFO 80942 --- [localhost-startStop-1] o.a.c.c.C.[Tomcat].[localhost].[/shop]   : Initializing Spring embedded WebApplicationContext
2018-05-28 13:39:15.258  INFO 80942 --- [localhost-startStop-1] o.s.web.context.ContextLoader            : Root WebApplicationContext: initialization completed in 2083 ms
2018-05-28 13:39:15.483  INFO 80942 --- [localhost-startStop-1] o.s.b.w.servlet.ServletRegistrationBean  : Servlet dispatcherServlet mapped to [/]
2018-05-28 13:39:15.485  INFO 80942 --- [localhost-startStop-1] o.s.b.w.servlet.ServletRegistrationBean  : Servlet webServlet mapped to [/h2-console/*]
2018-05-28 13:39:15.488  INFO 80942 --- [localhost-startStop-1] o.s.b.w.servlet.FilterRegistrationBean   : Mapping filter: 'characterEncodingFilter' to: [/*]
2018-05-28 13:39:15.488  INFO 80942 --- [localhost-startStop-1] o.s.b.w.servlet.FilterRegistrationBean   : Mapping filter: 'hiddenHttpMethodFilter' to: [/*]
2018-05-28 13:39:15.488  INFO 80942 --- [localhost-startStop-1] o.s.b.w.servlet.FilterRegistrationBean   : Mapping filter: 'httpPutFormContentFilter' to: [/*]
2018-05-28 13:39:15.488  INFO 80942 --- [localhost-startStop-1] o.s.b.w.servlet.FilterRegistrationBean   : Mapping filter: 'requestContextFilter' to: [/*]
2018-05-28 13:39:15.613  INFO 80942 --- [main] com.zaxxer.hikari.HikariDataSource       : HikariPool-1 - Starting...
2018-05-28 13:39:15.771  INFO 80942 --- [main] com.zaxxer.hikari.HikariDataSource       : HikariPool-1 - Start completed.
2018-05-28 13:39:15.826  INFO 80942 --- [main] j.LocalContainerEntityManagerFactoryBean : Building JPA container EntityManagerFactory for persistence unit 'default'
2018-05-28 13:39:15.842  INFO 80942 --- [main] o.hibernate.jpa.internal.util.LogHelper  : HHH000204: Processing PersistenceUnitInfo [
	name: default
	...]
2018-05-28 13:39:15.900  INFO 80942 --- [main] org.hibernate.Version                    : HHH000412: Hibernate Core {5.2.17.Final}
2018-05-28 13:39:15.902  INFO 80942 --- [main] org.hibernate.cfg.Environment            : HHH000206: hibernate.properties not found
2018-05-28 13:39:15.935  INFO 80942 --- [main] o.hibernate.annotations.common.Version   : HCANN000001: Hibernate Commons Annotations {5.0.1.Final}
2018-05-28 13:39:16.063  INFO 80942 --- [main] org.hibernate.dialect.Dialect            : HHH000400: Using dialect: org.hibernate.dialect.H2Dialect
2018-05-28 13:39:16.588  INFO 80942 --- [main] o.h.t.schema.internal.SchemaCreatorImpl  : HHH000476: Executing import script 'org.hibernate.tool.schema.internal.exec.ScriptSourceInputNonExistentImpl@5bc63e20'
2018-05-28 13:39:16.591  INFO 80942 --- [main] j.LocalContainerEntityManagerFactoryBean : Initialized JPA EntityManagerFactory for persistence unit 'default'
2018-05-28 13:39:16.649  INFO 80942 --- [main] o.s.jdbc.datasource.init.ScriptUtils     : Executing SQL script from URL [file:/Users/manghel/Downloads/shop/build/resources/main/data.sql]
2018-05-28 13:39:16.658  INFO 80942 --- [main] o.s.jdbc.datasource.init.ScriptUtils     : Executed SQL script from URL [file:/Users/manghel/Downloads/shop/build/resources/main/data.sql] in 9 ms.
2018-05-28 13:39:16.981  INFO 80942 --- [main] o.h.h.i.QueryTranslatorFactoryInitiator  : HHH000397: Using ASTQueryTranslatorFactory
2018-05-28 13:39:17.695  WARN 80942 --- [main] aWebConfiguration$JpaWebMvcConfiguration : spring.jpa.open-in-view is enabled by default. Therefore, database queries may be performed during view rendering. Explicitly configure spring.jpa.open-in-view to disable this warning
2018-05-28 13:39:17.815  INFO 80942 --- [main] s.w.s.m.m.a.RequestMappingHandlerMapping : Mapped "{[/offers],methods=[GET],produces=[application/json]}" onto public java.util.Collection<com.wp.shop.model.transfer.OfferDto> com.wp.shop.controller.OfferController.getOffers(com.wp.shop.util.Status)
2018-05-28 13:39:17.816  INFO 80942 --- [main] s.w.s.m.m.a.RequestMappingHandlerMapping : Mapped "{[/offers],methods=[POST],consumes=[application/json]}" onto public java.lang.Long com.wp.shop.controller.OfferController.createOffer(com.wp.shop.model.transfer.OfferDto)
2018-05-28 13:39:17.817  INFO 80942 --- [main] s.w.s.m.m.a.RequestMappingHandlerMapping : Mapped "{[/offers/{id}],methods=[GET],produces=[application/json]}" onto public com.wp.shop.model.transfer.OfferDto com.wp.shop.controller.OfferController.getOfferById(java.lang.Long)
2018-05-28 13:39:17.817  INFO 80942 --- [main] s.w.s.m.m.a.RequestMappingHandlerMapping : Mapped "{[/offers/{id}],methods=[PUT]}" onto public java.lang.Long com.wp.shop.controller.OfferController.cancelOffer(java.lang.Long)
2018-05-28 13:39:17.819  INFO 80942 --- [main] s.w.s.m.m.a.RequestMappingHandlerMapping : Mapped "{[/products],methods=[GET],produces=[application/json]}" onto public java.util.Collection<com.wp.shop.model.transfer.ProductDto> com.wp.shop.controller.ProductController.getProducts()
2018-05-28 13:39:17.819  INFO 80942 --- [main] s.w.s.m.m.a.RequestMappingHandlerMapping : Mapped "{[/products],methods=[POST],consumes=[application/json]}" onto public java.lang.Long com.wp.shop.controller.ProductController.createProduct(com.wp.shop.model.transfer.ProductDto)
2018-05-28 13:39:17.823  INFO 80942 --- [main] s.w.s.m.m.a.RequestMappingHandlerMapping : Mapped "{[/swagger-resources/configuration/security]}" onto public org.springframework.http.ResponseEntity<springfox.documentation.swagger.web.SecurityConfiguration> springfox.documentation.swagger.web.ApiResourceController.securityConfiguration()
2018-05-28 13:39:17.825  INFO 80942 --- [main] s.w.s.m.m.a.RequestMappingHandlerMapping : Mapped "{[/swagger-resources/configuration/ui]}" onto public org.springframework.http.ResponseEntity<springfox.documentation.swagger.web.UiConfiguration> springfox.documentation.swagger.web.ApiResourceController.uiConfiguration()
2018-05-28 13:39:17.828  INFO 80942 --- [main] s.w.s.m.m.a.RequestMappingHandlerMapping : Mapped "{[/swagger-resources]}" onto public org.springframework.http.ResponseEntity<java.util.List<springfox.documentation.swagger.web.SwaggerResource>> springfox.documentation.swagger.web.ApiResourceController.swaggerResources()
2018-05-28 13:39:17.833  INFO 80942 --- [main] s.w.s.m.m.a.RequestMappingHandlerMapping : Mapped "{[/error]}" onto public org.springframework.http.ResponseEntity<java.util.Map<java.lang.String, java.lang.Object>> org.springframework.boot.autoconfigure.web.servlet.error.BasicErrorController.error(javax.servlet.http.HttpServletRequest)
2018-05-28 13:39:17.833  INFO 80942 --- [main] s.w.s.m.m.a.RequestMappingHandlerMapping : Mapped "{[/error],produces=[text/html]}" onto public org.springframework.web.servlet.ModelAndView org.springframework.boot.autoconfigure.web.servlet.error.BasicErrorController.errorHtml(javax.servlet.http.HttpServletRequest,javax.servlet.http.HttpServletResponse)
2018-05-28 13:39:18.041  INFO 80942 --- [main] pertySourcedRequestMappingHandlerMapping : Mapped URL path [/v2/api-docs] onto method [public org.springframework.http.ResponseEntity<springfox.documentation.spring.web.json.Json> springfox.documentation.swagger2.web.Swagger2Controller.getDocumentation(java.lang.String,javax.servlet.http.HttpServletRequest)]
2018-05-28 13:39:18.163  INFO 80942 --- [main] o.s.w.s.handler.SimpleUrlHandlerMapping  : Mapped URL path [/**/favicon.ico] onto handler of type [class org.springframework.web.servlet.resource.ResourceHttpRequestHandler]
2018-05-28 13:39:18.503  INFO 80942 --- [main] s.w.s.m.m.a.RequestMappingHandlerAdapter : Looking for @ControllerAdvice: org.springframework.boot.web.servlet.context.AnnotationConfigServletWebServerApplicationContext@6cf0e0ba: startup date [Mon May 28 13:39:13 BST 2018]; root of context hierarchy
2018-05-28 13:39:18.560  INFO 80942 --- [main] o.s.w.s.handler.SimpleUrlHandlerMapping  : Mapped URL path [/webjars/**] onto handler of type [class org.springframework.web.servlet.resource.ResourceHttpRequestHandler]
2018-05-28 13:39:18.560  INFO 80942 --- [main] o.s.w.s.handler.SimpleUrlHandlerMapping  : Mapped URL path [/**] onto handler of type [class org.springframework.web.servlet.resource.ResourceHttpRequestHandler]
2018-05-28 13:39:18.576  INFO 80942 --- [main] .m.m.a.ExceptionHandlerExceptionResolver : Detected @ExceptionHandler methods in httpExceptionHandler
2018-05-28 13:39:18.823  INFO 80942 --- [main] o.s.j.e.a.AnnotationMBeanExporter        : Registering beans for JMX exposure on startup
2018-05-28 13:39:18.826  INFO 80942 --- [main] o.s.j.e.a.AnnotationMBeanExporter        : Bean with name 'dataSource' has been autodetected for JMX exposure
2018-05-28 13:39:19.015  INFO 80942 --- [main] o.s.j.e.a.AnnotationMBeanExporter        : Located MBean 'dataSource': registering with JMX server as MBean [com.zaxxer.hikari:name=dataSource,type=HikariDataSource]
2018-05-28 13:39:19.021  INFO 80942 --- [main] o.s.c.support.DefaultLifecycleProcessor  : Starting beans in phase 2147483647
2018-05-28 13:39:19.021  INFO 80942 --- [main] d.s.w.p.DocumentationPluginsBootstrapper : Context refreshed
2018-05-28 13:39:19.039  INFO 80942 --- [main] d.s.w.p.DocumentationPluginsBootstrapper : Found 1 custom documentation plugin(s)
2018-05-28 13:39:19.072  INFO 80942 --- [main] s.d.s.w.s.ApiListingReferenceScanner     : Scanning for api listing references
2018-05-28 13:39:19.215  INFO 80942 --- [main] s.a.ScheduledAnnotationBeanPostProcessor : No TaskScheduler/ScheduledExecutorService bean found for scheduled processing
2018-05-28 13:39:19.254  INFO 80942 --- [main] o.s.b.w.embedded.tomcat.TomcatWebServer  : Tomcat started on port(s): 8080 (http) with context path '/shop'
2018-05-28 13:39:19.257  INFO 80942 --- [main] com.wp.shop.ShopApplication              : Started ShopApplication in 6.767 seconds (JVM running for 7.223)
2018-05-28 13:39:46.866  INFO 80942 --- [http-nio-8080-exec-1] o.a.c.c.C.[Tomcat].[localhost].[/shop]   : Initializing Spring FrameworkServlet 'dispatcherServlet'
2018-05-28 13:39:46.866  INFO 80942 --- [http-nio-8080-exec-1] o.s.web.servlet.DispatcherServlet        : FrameworkServlet 'dispatcherServlet': initialization started
2018-05-28 13:39:46.893  INFO 80942 --- [http-nio-8080-exec-1] o.s.web.servlet.DispatcherServlet        : FrameworkServlet 'dispatcherServlet': initialization completed in 27 ms
2018-05-28 13:52:26.857  INFO 80942 --- [Thread-3] ConfigServletWebServerApplicationContext : Closing org.springframework.boot.web.servlet.context.AnnotationConfigServletWebServerApplicationContext@6cf0e0ba: startup date [Mon May 28 13:39:13 BST 2018]; root of context hierarchy
2018-05-28 13:52:26.861  INFO 80942 --- [Thread-3] o.s.c.support.DefaultLifecycleProcessor  : Stopping beans in phase 2147483647
2018-05-28 13:52:26.861  INFO 80942 --- [Thread-3] o.s.j.e.a.AnnotationMBeanExporter        : Unregistering JMX-exposed beans on shutdown
2018-05-28 13:52:26.862  INFO 80942 --- [Thread-3] o.s.j.e.a.AnnotationMBeanExporter        : Unregistering JMX-exposed beans
2018-05-28 13:52:26.864  INFO 80942 --- [Thread-3] j.LocalContainerEntityManagerFactoryBean : Closing JPA EntityManagerFactory for persistence unit 'default'
2018-05-28 13:52:26.865  INFO 80942 --- [Thread-3] .SchemaDropperImpl$DelayedDropActionImpl : HHH000477: Starting delayed drop of schema as part of SessionFactory shut-down'
2018-05-28 13:52:26.872  INFO 80942 --- [Thread-3] com.zaxxer.hikari.HikariDataSource       : HikariPool-1 - Shutdown initiated...
2018-05-28 13:52:26.874  INFO 80942 --- [Thread-3] com.zaxxer.hikari.HikariDataSource       : HikariPool-1 - Shutdown completed.
